[2021-03-30 02:56:02,048] multiqc                                            [DEBUG  ]  No MultiQC config found: /opt/conda/envs/nf-core-hlatyping-1.2.0/lib/python3.6/site-packages/multiqc_config.yaml
[2021-03-30 02:56:02,049] multiqc                                            [DEBUG  ]  No MultiQC config found: /.multiqc_config.yaml
[2021-03-30 02:56:02,069] multiqc                                            [DEBUG  ]  Loading config settings from: multiqc_config.yaml
[2021-03-30 02:56:02,069] multiqc                                            [DEBUG  ]  New config 'report_comment': This report has been generated by the <a href="https://github.com/nf-core/hlatyping" target="_blank">nf-core/hlatyping</a> analysis pipeline. For information about how to interpret these results, please see the <a href="https://github.com/nf-core/hlatyping" target="_blank">documentation</a>.

[2021-03-30 02:56:02,069] multiqc                                            [DEBUG  ]  New config 'report_section_order': {'software_versions': {'order': -1000}, 'nf-core-hlatyping-summary': {'order': -1001}}
[2021-03-30 02:56:02,070] multiqc                                            [DEBUG  ]  New config 'export_plots': True
[2021-03-30 02:56:02,071] multiqc                                            [DEBUG  ]  Command used: /opt/conda/envs/nf-core-hlatyping-1.2.0/bin/multiqc -f .
[2021-03-30 02:56:04,264] multiqc                                            [WARNING]  MultiQC Version v1.10 now available!
[2021-03-30 02:56:04,265] multiqc                                            [INFO   ]  This is MultiQC v1.9
[2021-03-30 02:56:04,265] multiqc                                            [DEBUG  ]  Command     : /opt/conda/envs/nf-core-hlatyping-1.2.0/bin/multiqc -f .
[2021-03-30 02:56:04,266] multiqc                                            [DEBUG  ]  Working dir : /Users/nirvaanreddy/Desktop/CURVE/work/fc/484d35ed4d7f598ebdef16475b3ca3
[2021-03-30 02:56:04,266] multiqc                                            [INFO   ]  Template    : default
[2021-03-30 02:56:04,266] multiqc                                            [DEBUG  ]  Running Python 3.6.10 | packaged by conda-forge | (default, Apr 24 2020, 16:44:11)  [GCC 7.3.0]
[2021-03-30 02:56:04,266] multiqc                                            [INFO   ]  Searching   : /Users/nirvaanreddy/Desktop/CURVE/work/fc/484d35ed4d7f598ebdef16475b3ca3
[2021-03-30 02:56:04,268] multiqc                                            [DEBUG  ]  Analysing modules: custom_content, conpair, peddy, somalier, methylQA, mosdepth, phantompeakqualtools, qualimap, preseq, quast, qorts, rna_seqc, rockhopper, rsem, rseqc, busco, goleft_indexcov, disambiguate, supernova, deeptools, sargasso, verifybamid, mirtrace, happy, mirtop, homer, macs2, theta2, snpeff, gatk, htseq, bcftools, featureCounts, fgbio, dragen, dedup, damageprofiler, biobambam2, mtnucratio, picard, prokka, samblaster, samtools, sexdeterrmine, bamtools, jellyfish, vcftools, longranger, stacks, varscan2, bbmap, bismark, biscuit, hicexplorer, hicup, hicpro, salmon, kallisto, slamdunk, star, hisat2, tophat, bowtie2, bowtie1, snpsplit, kat, leehom, adapterRemoval, clipandmerge, cutadapt, flexbar, kaiju, kraken, malt, trimmomatic, sickle, skewer, sortmerna, biobloomtools, fastq_screen, afterqc, fastp, fastqc, pycoqc, minionqc, multivcfanalyzer, clusterflow, bcl2fastq, interop, ivar, flash, seqyclean
[2021-03-30 02:56:04,269] multiqc                                            [DEBUG  ]  Using temporary directory for creating report: /tmp/tmp177q01a2
[2021-03-30 02:56:05,710] multiqc                                            [DEBUG  ]  File ignored by hicexplorer because it exceeded search pattern filesize limit: .command.run
[2021-03-30 02:56:05,816] multiqc                                            [DEBUG  ]  File ignored by longranger/invocation because it exceeded search pattern filesize limit: .command.run
[2021-03-30 02:56:12,486] multiqc.plots.bargraph                             [DEBUG  ]  Using matplotlib version 3.3.1
[2021-03-30 02:56:12,488] multiqc.plots.linegraph                            [DEBUG  ]  Using matplotlib version 3.3.1
[2021-03-30 02:56:12,528] multiqc.modules.custom_content.custom_content      [INFO   ]  nf-core-hlatyping-summary: Found 1 sample (html)
[2021-03-30 02:56:12,529] multiqc.modules.custom_content.custom_content      [INFO   ]  software_versions: Found 1 sample (html)
[2021-03-30 02:56:12,541] multiqc                                            [DEBUG  ]  No samples found: conpair
[2021-03-30 02:56:12,554] multiqc                                            [DEBUG  ]  No samples found: peddy
[2021-03-30 02:56:12,564] multiqc                                            [DEBUG  ]  No samples found: somalier
[2021-03-30 02:56:12,575] multiqc                                            [DEBUG  ]  No samples found: methylQA
[2021-03-30 02:56:12,590] multiqc                                            [DEBUG  ]  No samples found: mosdepth
[2021-03-30 02:56:12,600] multiqc                                            [DEBUG  ]  No samples found: phantompeakqualtools
[2021-03-30 02:56:12,607] multiqc                                            [DEBUG  ]  No samples found: qualimap
[2021-03-30 02:56:12,619] multiqc                                            [DEBUG  ]  No samples found: preseq
[2021-03-30 02:56:12,628] multiqc                                            [DEBUG  ]  No samples found: quast
[2021-03-30 02:56:12,637] multiqc                                            [DEBUG  ]  No samples found: qorts
[2021-03-30 02:56:12,646] multiqc                                            [DEBUG  ]  No samples found: rna_seqc
[2021-03-30 02:56:12,655] multiqc                                            [DEBUG  ]  No samples found: rockhopper
[2021-03-30 02:56:12,665] multiqc                                            [DEBUG  ]  No samples found: rsem
[2021-03-30 02:56:12,679] multiqc                                            [DEBUG  ]  No samples found: rseqc
[2021-03-30 02:56:12,689] multiqc                                            [DEBUG  ]  No samples found: busco
[2021-03-30 02:56:12,700] multiqc                                            [DEBUG  ]  No samples found: goleft_indexcov
[2021-03-30 02:56:12,711] multiqc                                            [DEBUG  ]  No samples found: disambiguate
[2021-03-30 02:56:12,722] multiqc                                            [DEBUG  ]  No samples found: supernova
[2021-03-30 02:56:12,735] multiqc                                            [DEBUG  ]  No samples found: deeptools
[2021-03-30 02:56:12,745] multiqc                                            [DEBUG  ]  No samples found: sargasso
[2021-03-30 02:56:12,753] multiqc                                            [DEBUG  ]  No samples found: verifybamid
[2021-03-30 02:56:12,764] multiqc                                            [DEBUG  ]  No samples found: mirtrace
[2021-03-30 02:56:12,773] multiqc                                            [DEBUG  ]  No samples found: happy
[2021-03-30 02:56:12,782] multiqc                                            [DEBUG  ]  No samples found: mirtop
[2021-03-30 02:56:12,791] multiqc                                            [DEBUG  ]  No samples found: homer
[2021-03-30 02:56:12,798] multiqc                                            [DEBUG  ]  No samples found: macs2
[2021-03-30 02:56:12,805] multiqc                                            [DEBUG  ]  No samples found: theta2
[2021-03-30 02:56:12,814] multiqc                                            [DEBUG  ]  No samples found: snpeff
[2021-03-30 02:56:12,826] multiqc                                            [DEBUG  ]  No samples found: gatk
[2021-03-30 02:56:12,833] multiqc                                            [DEBUG  ]  No samples found: htseq
[2021-03-30 02:56:12,845] multiqc                                            [DEBUG  ]  No samples found: bcftools
[2021-03-30 02:56:12,852] multiqc                                            [DEBUG  ]  No samples found: featureCounts
[2021-03-30 02:56:12,863] multiqc                                            [DEBUG  ]  No samples found: fgbio
[2021-03-30 02:56:12,878] multiqc                                            [DEBUG  ]  No samples found: dragen
[2021-03-30 02:56:12,886] multiqc                                            [DEBUG  ]  No samples found: dedup
[2021-03-30 02:56:12,894] multiqc                                            [DEBUG  ]  No samples found: damageprofiler
[2021-03-30 02:56:12,911] multiqc                                            [DEBUG  ]  No samples found: biobambam2
[2021-03-30 02:56:12,920] multiqc                                            [DEBUG  ]  No samples found: mtnucratio
[2021-03-30 02:56:12,928] multiqc                                            [DEBUG  ]  No samples found: picard
[2021-03-30 02:56:12,937] multiqc                                            [DEBUG  ]  No samples found: prokka
[2021-03-30 02:56:12,946] multiqc                                            [DEBUG  ]  No samples found: samblaster
[2021-03-30 02:56:12,957] multiqc                                            [DEBUG  ]  No samples found: samtools
[2021-03-30 02:56:12,969] multiqc                                            [DEBUG  ]  No samples found: sexdeterrmine
[2021-03-30 02:56:12,977] multiqc                                            [DEBUG  ]  No samples found: bamtools
[2021-03-30 02:56:12,989] multiqc                                            [DEBUG  ]  No samples found: jellyfish
[2021-03-30 02:56:13,000] multiqc                                            [DEBUG  ]  No samples found: vcftools
[2021-03-30 02:56:13,014] multiqc                                            [DEBUG  ]  No samples found: longranger
[2021-03-30 02:56:13,025] multiqc                                            [DEBUG  ]  No samples found: stacks
[2021-03-30 02:56:13,040] multiqc                                            [DEBUG  ]  No samples found: varscan2
[2021-03-30 02:56:13,059] multiqc                                            [DEBUG  ]  No samples found: bbmap
[2021-03-30 02:56:13,070] multiqc                                            [DEBUG  ]  No samples found: bismark
[2021-03-30 02:56:13,079] multiqc                                            [DEBUG  ]  No samples found: biscuit
[2021-03-30 02:56:13,087] multiqc                                            [DEBUG  ]  No samples found: hicexplorer
[2021-03-30 02:56:13,102] multiqc                                            [DEBUG  ]  No samples found: hicup
[2021-03-30 02:56:13,114] multiqc                                            [DEBUG  ]  No samples found: hicpro
[2021-03-30 02:56:13,126] multiqc                                            [DEBUG  ]  No samples found: salmon
[2021-03-30 02:56:13,144] multiqc                                            [DEBUG  ]  No samples found: kallisto
[2021-03-30 02:56:13,157] multiqc                                            [DEBUG  ]  No samples found: slamdunk
[2021-03-30 02:56:13,170] multiqc                                            [DEBUG  ]  No samples found: star
[2021-03-30 02:56:13,183] multiqc                                            [DEBUG  ]  No samples found: hisat2
[2021-03-30 02:56:13,190] multiqc                                            [DEBUG  ]  No samples found: tophat
[2021-03-30 02:56:13,198] multiqc                                            [DEBUG  ]  No samples found: bowtie2
[2021-03-30 02:56:13,210] multiqc                                            [DEBUG  ]  No samples found: bowtie1
[2021-03-30 02:56:13,224] multiqc                                            [DEBUG  ]  No samples found: snpsplit
[2021-03-30 02:56:13,236] multiqc                                            [DEBUG  ]  No samples found: kat
[2021-03-30 02:56:13,249] multiqc                                            [DEBUG  ]  No samples found: leehom
[2021-03-30 02:56:13,260] multiqc                                            [DEBUG  ]  No samples found: adapterRemoval
[2021-03-30 02:56:13,269] multiqc                                            [DEBUG  ]  No samples found: clipandmerge
[2021-03-30 02:56:13,280] multiqc                                            [DEBUG  ]  No samples found: cutadapt
[2021-03-30 02:56:13,286] multiqc                                            [DEBUG  ]  No samples found: flexbar
[2021-03-30 02:56:13,295] multiqc                                            [DEBUG  ]  No samples found: kaiju
[2021-03-30 02:56:13,303] multiqc                                            [DEBUG  ]  No samples found: kraken
[2021-03-30 02:56:13,315] multiqc                                            [DEBUG  ]  No samples found: malt
[2021-03-30 02:56:13,324] multiqc                                            [DEBUG  ]  No samples found: trimmomatic
[2021-03-30 02:56:13,334] multiqc                                            [DEBUG  ]  No samples found: sickle
[2021-03-30 02:56:13,346] multiqc                                            [DEBUG  ]  No samples found: skewer
[2021-03-30 02:56:13,357] multiqc                                            [DEBUG  ]  No samples found: sortmerna
[2021-03-30 02:56:13,365] multiqc                                            [DEBUG  ]  No samples found: biobloomtools
[2021-03-30 02:56:13,376] multiqc                                            [DEBUG  ]  No samples found: fastq_screen
[2021-03-30 02:56:13,386] multiqc                                            [DEBUG  ]  No samples found: afterqc
[2021-03-30 02:56:13,397] multiqc                                            [DEBUG  ]  No samples found: fastp
[2021-03-30 02:56:13,408] multiqc                                            [DEBUG  ]  No samples found: fastqc
[2021-03-30 02:56:13,421] multiqc                                            [DEBUG  ]  No samples found: pycoqc
[2021-03-30 02:56:13,433] multiqc                                            [DEBUG  ]  No samples found: minionqc
[2021-03-30 02:56:13,440] multiqc                                            [DEBUG  ]  No samples found: multivcfanalyzer
[2021-03-30 02:56:13,449] multiqc                                            [DEBUG  ]  No samples found: clusterflow
[2021-03-30 02:56:13,456] multiqc                                            [DEBUG  ]  No samples found: bcl2fastq
[2021-03-30 02:56:13,465] multiqc                                            [DEBUG  ]  No samples found: interop
[2021-03-30 02:56:13,474] multiqc                                            [DEBUG  ]  No samples found: ivar
[2021-03-30 02:56:13,485] multiqc                                            [DEBUG  ]  No samples found: flash
[2021-03-30 02:56:13,494] multiqc                                            [DEBUG  ]  No samples found: seqyclean
[2021-03-30 02:56:13,494] multiqc                                            [DEBUG  ]  Reordering sections: anchor 'software_versions' not found for module 'nf-core/hlatyping Software Versions'.
[2021-03-30 02:56:13,494] multiqc                                            [DEBUG  ]  Reordering sections: anchor 'nf-core-hlatyping-summary' not found for module 'nf-core/hlatyping Software Versions'.
[2021-03-30 02:56:13,495] multiqc                                            [DEBUG  ]  Reordering sections: anchor 'software_versions' not found for module 'nf-core/hlatyping Workflow Summary'.
[2021-03-30 02:56:13,495] multiqc                                            [DEBUG  ]  Reordering sections: anchor 'nf-core-hlatyping-summary' not found for module 'nf-core/hlatyping Workflow Summary'.
[2021-03-30 02:56:13,496] multiqc                                            [INFO   ]  Compressing plot data
[2021-03-30 02:56:13,505] multiqc                                            [INFO   ]  Report      : multiqc_report.html
[2021-03-30 02:56:13,505] multiqc                                            [INFO   ]  Data        : multiqc_data
[2021-03-30 02:56:13,506] multiqc                                            [DEBUG  ]  Moving data file from '/tmp/tmp177q01a2/multiqc_data' to '/Users/nirvaanreddy/Desktop/CURVE/work/fc/484d35ed4d7f598ebdef16475b3ca3/multiqc_data'
[2021-03-30 02:56:13,549] multiqc                                            [INFO   ]  Plots       : multiqc_plots
[2021-03-30 02:56:13,549] multiqc                                            [DEBUG  ]  Moving plots directory from '/tmp/tmp177q01a2/multiqc_plots' to '/Users/nirvaanreddy/Desktop/CURVE/work/fc/484d35ed4d7f598ebdef16475b3ca3/multiqc_plots'
[2021-03-30 02:56:13,846] multiqc                                            [INFO   ]  MultiQC complete
