BAM_INPUT
TOTAL READS     = 39627
DISTINCT READS  = 301
DISTINCT COUNTS = 162
MAX COUNT       = 6321
COUNTS OF 1     = 4
MAX TERMS       = 4
OBSERVED COUNTS (6322)
1	4
2	4
3	3
4	1
6	1
7	1
8	4
9	2
10	2
11	4
13	1
14	4
15	1
16	1
17	1
18	3
19	2
20	3
21	6
22	4
23	3
24	2
25	4
26	1
27	2
28	3
29	2
32	2
33	4
34	3
35	1
36	5
37	7
38	5
39	1
40	2
42	3
43	3
44	2
45	4
46	2
47	1
48	2
50	6
52	3
54	2
55	3
56	2
57	1
58	2
60	1
61	1
62	3
63	2
64	1
65	5
66	3
67	2
69	1
70	1
72	3
73	1
74	4
75	4
76	3
77	3
79	3
80	5
82	3
83	1
84	1
85	2
87	2
88	2
89	5
91	1
92	2
94	1
95	1
96	2
98	1
99	2
100	3
101	1
102	1
104	1
105	1
106	1
107	1
108	1
109	2
112	2
117	1
118	1
121	3
122	1
124	1
131	1
133	1
137	1
138	1
139	2
142	1
143	1
144	3
146	1
148	1
152	1
153	1
155	1
157	2
160	2
164	1
165	2
166	1
167	1
169	1
171	1
172	1
174	2
175	1
176	2
178	1
181	1
182	1
183	1
187	1
189	1
190	1
196	1
197	1
208	1
212	1
214	1
216	1
222	1
224	1
235	1
239	1
240	1
246	1
253	1
259	1
268	1
271	1
272	1
286	1
287	1
293	1
323	1
350	1
369	1
378	1
391	1
400	1
411	1
413	1
419	1
439	1
508	1
5791	1
6321	1

ERROR:	Library expected to saturate in doubling of size, unable to extrapolate
