[2021-03-17 05:53:38,123] multiqc                                            [DEBUG  ]  No MultiQC config found: /opt/conda/envs/nf-core-sarek-2.7/lib/python2.7/site-packages/multiqc_config.yaml
[2021-03-17 05:53:38,123] multiqc                                            [DEBUG  ]  No MultiQC config found: /root/.multiqc_config.yaml
[2021-03-17 05:53:38,135] multiqc                                            [DEBUG  ]  Loading config settings from: multiqc_config.yaml
[2021-03-17 05:53:38,135] multiqc                                            [DEBUG  ]  New config 'custom_logo_url': https://github.com/nf-core/sarek/
[2021-03-17 05:53:38,136] multiqc                                            [DEBUG  ]  New config 'report_comment': This report has been generated by the <a href="https://github.com/nf-core/sarek" target="_blank">nf-core/sarek</a> analysis pipeline. For information about how to interpret these results, please see the <a href="https://github.com/nf-core/sarek/blob/master/docs/output.md" target="_blank">documentation</a>.

[2021-03-17 05:53:38,136] multiqc                                            [DEBUG  ]  New config 'custom_logo_title': nf-core/sarek
[2021-03-17 05:53:38,136] multiqc                                            [ERROR  ]  Config 'custom_logo' path not found, skipping (../../../docs/images/nf-core_sarek_logo.png)
[2021-03-17 05:53:38,137] multiqc                                            [DEBUG  ]  New config 'export_plots': True
[2021-03-17 05:53:38,137] multiqc                                            [DEBUG  ]  New config 'top_modules': [{'fastqc': {'name': 'FastQC', 'path_filters_exclude': ['*trimmed_fastqc*']}}, {'fastqc': {'info': 'FastQC after applying TrimGalore.', 'name': 'FastQC after trimming', 'path_filters': ['*trimmed_fastqc*']}}, 'picard', 'gatk', 'samtools', 'qualimap', 'bcftools', 'vcftools', 'snpeff']
[2021-03-17 05:53:38,138] multiqc                                            [DEBUG  ]  New config 'report_section_order': {'software_versions': {'order': -1000}, 'nf-core-sarek-summary': {'order': -1001}}
[2021-03-17 05:53:38,138] multiqc                                            [DEBUG  ]  Command used: /opt/conda/envs/nf-core-sarek-2.7/bin/multiqc -f .
[2021-03-17 05:53:39,375] multiqc                                            [WARNING]  MultiQC Version v1.10 now available!
[2021-03-17 05:53:39,376] multiqc                                            [INFO   ]  This is MultiQC v1.8
[2021-03-17 05:53:39,376] multiqc                                            [DEBUG  ]  Command     : /opt/conda/envs/nf-core-sarek-2.7/bin/multiqc -f .
[2021-03-17 05:53:39,376] multiqc                                            [DEBUG  ]  Working dir : /Users/nirvaanreddy/Desktop/CURVE/work/09/38e69d2633fe22a464786d33ad7ea8
[2021-03-17 05:53:39,376] multiqc                                            [INFO   ]  Template    : default
[2021-03-17 05:53:39,376] multiqc                                            [WARNING]  You are running MultiQC with Python 2.7.15
[2021-03-17 05:53:39,376] multiqc                                            [WARNING]  Please upgrade! MultiQC will soon drop support for Python < 3.6
[2021-03-17 05:53:39,376] multiqc                                            [INFO   ]  Searching   : /Users/nirvaanreddy/Desktop/CURVE/work/09/38e69d2633fe22a464786d33ad7ea8
[2021-03-17 05:53:39,377] multiqc                                            [DEBUG  ]  Analysing modules: fastqc, fastqc, picard, gatk, samtools, qualimap, bcftools, vcftools, snpeff, custom_content, conpair, peddy, methylQA, phantompeakqualtools, preseq, quast, qorts, rna_seqc, rsem, rseqc, busco, goleft_indexcov, disambiguate, supernova, deeptools, sargasso, verifybamid, mirtrace, happy, homer, macs2, theta2, htseq, featureCounts, fgbio, dedup, damageprofiler, biobambam2, mtnucratio, prokka, samblaster, sexdeterrmine, bamtools, jellyfish, longranger, stacks, bbmap, bismark, biscuit, hicexplorer, hicup, hicpro, salmon, kallisto, slamdunk, star, hisat2, tophat, bowtie2, bowtie1, kat, leehom, adapterRemoval, clipandmerge, cutadapt, flexbar, trimmomatic, skewer, sortmerna, biobloomtools, fastq_screen, afterqc, fastp, minionqc, mosdepth, clusterflow, bcl2fastq, interop, flash, seqyclean
[2021-03-17 05:53:39,377] multiqc                                            [DEBUG  ]  Using temporary directory for creating report: /tmp/tmpzNA2wl
[2021-03-17 05:53:41,733] multiqc                                            [DEBUG  ]  File ignored by hicexplorer because it exceeded search pattern filesize limit: .command.run
[2021-03-17 05:53:41,867] multiqc                                            [DEBUG  ]  File ignored by longranger/invocation because it exceeded search pattern filesize limit: .command.run
[2021-03-17 05:53:44,538] multiqc                                            [DEBUG  ]  File ignored by hicexplorer because it exceeded search pattern filesize limit: 9876T.recal.bam.samtools.stats.out
[2021-03-17 05:53:44,739] multiqc                                            [DEBUG  ]  File ignored by longranger/invocation because it exceeded search pattern filesize limit: 9876T.recal.bam.samtools.stats.out
[2021-03-17 05:53:45,573] multiqc                                            [DEBUG  ]  File ignored by hicexplorer because it exceeded search pattern filesize limit: 1234N.recal.bam.samtools.stats.out
[2021-03-17 05:53:45,768] multiqc                                            [DEBUG  ]  File ignored by longranger/invocation because it exceeded search pattern filesize limit: 1234N.recal.bam.samtools.stats.out
[2021-03-17 05:53:46,243] multiqc                                            [DEBUG  ]  File ignored by hicexplorer because it exceeded search pattern filesize limit: 2.recal.table
[2021-03-17 05:53:46,314] multiqc                                            [DEBUG  ]  File ignored by hicexplorer because it exceeded search pattern filesize limit: 1.recal.table
[2021-03-17 05:53:46,410] multiqc                                            [DEBUG  ]  Ignoring file as matched an ignore pattern: 1234N_1234N_M7_R1_fastqc.html
[2021-03-17 05:53:46,412] multiqc                                            [DEBUG  ]  Ignoring file as matched an ignore pattern: 9876T_9876T_M5_R1_fastqc.html
[2021-03-17 05:53:46,414] multiqc                                            [DEBUG  ]  Ignoring file as matched an ignore pattern: 1234N_1234N_M5_R2_fastqc.html
[2021-03-17 05:53:46,430] multiqc                                            [DEBUG  ]  Ignoring file as matched an ignore pattern: 9876T_9876T_M2_R1_fastqc.html
[2021-03-17 05:53:46,445] multiqc                                            [DEBUG  ]  Ignoring file as matched an ignore pattern: 1234N_1234N_M2_R2_fastqc.html
[2021-03-17 05:53:46,449] multiqc                                            [DEBUG  ]  Ignoring file as matched an ignore pattern: 9876T_9876T_M3_R1_fastqc.html
[2021-03-17 05:53:46,458] multiqc                                            [DEBUG  ]  Ignoring file as matched an ignore pattern: 9876T_9876T_M1_R2_fastqc.html
[2021-03-17 05:53:46,473] multiqc                                            [DEBUG  ]  Ignoring file as matched an ignore pattern: 1234N_1234N_M1_R1_fastqc.html
[2021-03-17 05:53:46,479] multiqc                                            [DEBUG  ]  Ignoring file as matched an ignore pattern: 9876T_9876T_M4_R1_fastqc.html
[2021-03-17 05:53:46,496] multiqc                                            [DEBUG  ]  Ignoring file as matched an ignore pattern: 1234N_1234N_M4_R2_fastqc.html
[2021-03-17 05:53:46,499] multiqc                                            [DEBUG  ]  Ignoring file as matched an ignore pattern: 1234N_1234N_M6_R1_fastqc.html
[2021-03-17 05:53:46,505] multiqc                                            [DEBUG  ]  Ignoring file as matched an ignore pattern: 1234N_1234N_M6_R2_fastqc.html
[2021-03-17 05:53:46,508] multiqc                                            [DEBUG  ]  Ignoring file as matched an ignore pattern: 1234N_1234N_M4_R1_fastqc.html
[2021-03-17 05:53:46,511] multiqc                                            [DEBUG  ]  Ignoring file as matched an ignore pattern: 9876T_9876T_M4_R2_fastqc.html
[2021-03-17 05:53:46,513] multiqc                                            [DEBUG  ]  Ignoring file as matched an ignore pattern: 1234N_1234N_M1_R2_fastqc.html
[2021-03-17 05:53:46,516] multiqc                                            [DEBUG  ]  Ignoring file as matched an ignore pattern: 9876T_9876T_M1_R1_fastqc.html
[2021-03-17 05:53:46,520] multiqc                                            [DEBUG  ]  Ignoring file as matched an ignore pattern: 9876T_9876T_M3_R2_fastqc.html
[2021-03-17 05:53:46,523] multiqc                                            [DEBUG  ]  Ignoring file as matched an ignore pattern: 1234N_1234N_M2_R1_fastqc.html
[2021-03-17 05:53:46,525] multiqc                                            [DEBUG  ]  Ignoring file as matched an ignore pattern: 9876T_9876T_M2_R2_fastqc.html
[2021-03-17 05:53:46,528] multiqc                                            [DEBUG  ]  Ignoring file as matched an ignore pattern: 1234N_1234N_M5_R1_fastqc.html
[2021-03-17 05:53:46,532] multiqc                                            [DEBUG  ]  Ignoring file as matched an ignore pattern: 9876T_9876T_M5_R2_fastqc.html
[2021-03-17 05:53:46,534] multiqc                                            [DEBUG  ]  Ignoring file as matched an ignore pattern: 1234N_1234N_M7_R2_fastqc.html
[2021-03-17 05:53:46,537] multiqc                                            [DEBUG  ]  Ignoring file as matched an ignore pattern: qualimapReport.html
[2021-03-17 05:53:46,561] multiqc                                            [DEBUG  ]  File ignored by hicexplorer because it exceeded search pattern filesize limit: underscore.js
[2021-03-17 05:53:46,776] multiqc                                            [DEBUG  ]  File ignored by longranger/invocation because it exceeded search pattern filesize limit: underscore.js
[2021-03-17 05:53:47,119] multiqc                                            [DEBUG  ]  File ignored by hicexplorer because it exceeded search pattern filesize limit: searchtools.js
[2021-03-17 05:53:47,323] multiqc                                            [DEBUG  ]  File ignored by longranger/invocation because it exceeded search pattern filesize limit: searchtools.js
[2021-03-17 05:53:47,852] multiqc                                            [DEBUG  ]  File ignored by hicexplorer because it exceeded search pattern filesize limit: basic.css
[2021-03-17 05:53:48,110] multiqc                                            [DEBUG  ]  File ignored by longranger/invocation because it exceeded search pattern filesize limit: basic.css
[2021-03-17 05:53:49,509] multiqc                                            [DEBUG  ]  File ignored by longranger/invocation because it exceeded search pattern filesize limit: pygments.css
[2021-03-17 05:53:50,038] multiqc                                            [DEBUG  ]  File ignored by hicexplorer because it exceeded search pattern filesize limit: doctools.js
[2021-03-17 05:53:50,327] multiqc                                            [DEBUG  ]  File ignored by longranger/invocation because it exceeded search pattern filesize limit: doctools.js
[2021-03-17 05:53:50,828] multiqc                                            [DEBUG  ]  File ignored by hicexplorer because it exceeded search pattern filesize limit: websupport.js
[2021-03-17 05:53:51,114] multiqc                                            [DEBUG  ]  File ignored by longranger/invocation because it exceeded search pattern filesize limit: websupport.js
[2021-03-17 05:53:51,684] multiqc                                            [DEBUG  ]  File ignored by hicexplorer because it exceeded search pattern filesize limit: agogo.css
[2021-03-17 05:53:51,969] multiqc                                            [DEBUG  ]  File ignored by longranger/invocation because it exceeded search pattern filesize limit: agogo.css
[2021-03-17 05:53:52,520] multiqc                                            [DEBUG  ]  File ignored by hicexplorer because it exceeded search pattern filesize limit: jquery.js
[2021-03-17 05:53:52,808] multiqc                                            [DEBUG  ]  File ignored by longranger/invocation because it exceeded search pattern filesize limit: jquery.js
[2021-03-17 05:53:53,261] multiqc                                            [DEBUG  ]  File ignored by hicexplorer because it exceeded search pattern filesize limit: mapped_reads_nucleotide_content.txt
[2021-03-17 05:53:53,472] multiqc                                            [DEBUG  ]  File ignored by longranger/invocation because it exceeded search pattern filesize limit: mapped_reads_nucleotide_content.txt
[2021-03-17 05:53:54,397] multiqc                                            [DEBUG  ]  File ignored by hicexplorer because it exceeded search pattern filesize limit: insert_size_across_reference.txt
[2021-03-17 05:53:54,615] multiqc                                            [DEBUG  ]  File ignored by longranger/invocation because it exceeded search pattern filesize limit: insert_size_across_reference.txt
[2021-03-17 05:53:55,010] multiqc                                            [DEBUG  ]  File ignored by hicexplorer because it exceeded search pattern filesize limit: mapping_quality_across_reference.txt
[2021-03-17 05:53:55,163] multiqc                                            [DEBUG  ]  File ignored by longranger/invocation because it exceeded search pattern filesize limit: mapping_quality_across_reference.txt
[2021-03-17 05:53:56,760] multiqc                                            [DEBUG  ]  File ignored by hicexplorer because it exceeded search pattern filesize limit: coverage_across_reference.txt
[2021-03-17 05:53:56,979] multiqc                                            [DEBUG  ]  File ignored by longranger/invocation because it exceeded search pattern filesize limit: coverage_across_reference.txt
[2021-03-17 05:53:57,639] multiqc                                            [DEBUG  ]  File ignored by longranger/invocation because it exceeded search pattern filesize limit: mapped_reads_clipping_profile.txt
[2021-03-17 05:53:58,009] multiqc                                            [DEBUG  ]  Ignoring file as matched an ignore pattern: qualimapReport.html
[2021-03-17 05:53:58,051] multiqc                                            [DEBUG  ]  File ignored by hicexplorer because it exceeded search pattern filesize limit: underscore.js
[2021-03-17 05:53:58,216] multiqc                                            [DEBUG  ]  File ignored by longranger/invocation because it exceeded search pattern filesize limit: underscore.js
[2021-03-17 05:53:58,484] multiqc                                            [DEBUG  ]  File ignored by hicexplorer because it exceeded search pattern filesize limit: searchtools.js
[2021-03-17 05:53:58,680] multiqc                                            [DEBUG  ]  File ignored by longranger/invocation because it exceeded search pattern filesize limit: searchtools.js
[2021-03-17 05:53:59,056] multiqc                                            [DEBUG  ]  File ignored by hicexplorer because it exceeded search pattern filesize limit: basic.css
[2021-03-17 05:53:59,218] multiqc                                            [DEBUG  ]  File ignored by longranger/invocation because it exceeded search pattern filesize limit: basic.css
[2021-03-17 05:54:00,213] multiqc                                            [DEBUG  ]  File ignored by longranger/invocation because it exceeded search pattern filesize limit: pygments.css
[2021-03-17 05:54:00,510] multiqc                                            [DEBUG  ]  File ignored by hicexplorer because it exceeded search pattern filesize limit: doctools.js
[2021-03-17 05:54:00,670] multiqc                                            [DEBUG  ]  File ignored by longranger/invocation because it exceeded search pattern filesize limit: doctools.js
[2021-03-17 05:54:00,969] multiqc                                            [DEBUG  ]  File ignored by hicexplorer because it exceeded search pattern filesize limit: websupport.js
[2021-03-17 05:54:01,136] multiqc                                            [DEBUG  ]  File ignored by longranger/invocation because it exceeded search pattern filesize limit: websupport.js
[2021-03-17 05:54:01,521] multiqc                                            [DEBUG  ]  File ignored by hicexplorer because it exceeded search pattern filesize limit: agogo.css
[2021-03-17 05:54:01,675] multiqc                                            [DEBUG  ]  File ignored by longranger/invocation because it exceeded search pattern filesize limit: agogo.css
[2021-03-17 05:54:02,059] multiqc                                            [DEBUG  ]  File ignored by hicexplorer because it exceeded search pattern filesize limit: jquery.js
[2021-03-17 05:54:02,297] multiqc                                            [DEBUG  ]  File ignored by longranger/invocation because it exceeded search pattern filesize limit: jquery.js
[2021-03-17 05:54:02,766] multiqc                                            [DEBUG  ]  File ignored by hicexplorer because it exceeded search pattern filesize limit: mapped_reads_nucleotide_content.txt
[2021-03-17 05:54:02,996] multiqc                                            [DEBUG  ]  File ignored by longranger/invocation because it exceeded search pattern filesize limit: mapped_reads_nucleotide_content.txt
[2021-03-17 05:54:03,954] multiqc                                            [DEBUG  ]  File ignored by hicexplorer because it exceeded search pattern filesize limit: insert_size_across_reference.txt
[2021-03-17 05:54:04,240] multiqc                                            [DEBUG  ]  File ignored by longranger/invocation because it exceeded search pattern filesize limit: insert_size_across_reference.txt
[2021-03-17 05:54:04,740] multiqc                                            [DEBUG  ]  File ignored by hicexplorer because it exceeded search pattern filesize limit: mapping_quality_across_reference.txt
[2021-03-17 05:54:04,961] multiqc                                            [DEBUG  ]  File ignored by longranger/invocation because it exceeded search pattern filesize limit: mapping_quality_across_reference.txt
[2021-03-17 05:54:06,551] multiqc                                            [DEBUG  ]  File ignored by hicexplorer because it exceeded search pattern filesize limit: coverage_across_reference.txt
[2021-03-17 05:54:06,829] multiqc                                            [DEBUG  ]  File ignored by longranger/invocation because it exceeded search pattern filesize limit: coverage_across_reference.txt
[2021-03-17 05:54:07,630] multiqc                                            [DEBUG  ]  File ignored by longranger/invocation because it exceeded search pattern filesize limit: mapped_reads_clipping_profile.txt
[2021-03-17 05:54:08,094] multiqc                                            [DEBUG  ]  Ignoring file as matched an ignore pattern: qualimapReport.html
[2021-03-17 05:54:08,143] multiqc                                            [DEBUG  ]  File ignored by hicexplorer because it exceeded search pattern filesize limit: underscore.js
[2021-03-17 05:54:08,369] multiqc                                            [DEBUG  ]  File ignored by longranger/invocation because it exceeded search pattern filesize limit: underscore.js
[2021-03-17 05:54:08,729] multiqc                                            [DEBUG  ]  File ignored by hicexplorer because it exceeded search pattern filesize limit: searchtools.js
[2021-03-17 05:54:08,960] multiqc                                            [DEBUG  ]  File ignored by longranger/invocation because it exceeded search pattern filesize limit: searchtools.js
[2021-03-17 05:54:09,565] multiqc                                            [DEBUG  ]  File ignored by hicexplorer because it exceeded search pattern filesize limit: basic.css
[2021-03-17 05:54:09,862] multiqc                                            [DEBUG  ]  File ignored by longranger/invocation because it exceeded search pattern filesize limit: basic.css
[2021-03-17 05:54:11,591] multiqc                                            [DEBUG  ]  File ignored by longranger/invocation because it exceeded search pattern filesize limit: pygments.css
[2021-03-17 05:54:12,118] multiqc                                            [DEBUG  ]  File ignored by hicexplorer because it exceeded search pattern filesize limit: doctools.js
[2021-03-17 05:54:12,350] multiqc                                            [DEBUG  ]  File ignored by longranger/invocation because it exceeded search pattern filesize limit: doctools.js
[2021-03-17 05:54:12,771] multiqc                                            [DEBUG  ]  File ignored by hicexplorer because it exceeded search pattern filesize limit: websupport.js
[2021-03-17 05:54:12,982] multiqc                                            [DEBUG  ]  File ignored by longranger/invocation because it exceeded search pattern filesize limit: websupport.js
[2021-03-17 05:54:13,457] multiqc                                            [DEBUG  ]  File ignored by hicexplorer because it exceeded search pattern filesize limit: agogo.css
[2021-03-17 05:54:13,683] multiqc                                            [DEBUG  ]  File ignored by longranger/invocation because it exceeded search pattern filesize limit: agogo.css
[2021-03-17 05:54:14,086] multiqc                                            [DEBUG  ]  File ignored by hicexplorer because it exceeded search pattern filesize limit: jquery.js
[2021-03-17 05:54:14,298] multiqc                                            [DEBUG  ]  File ignored by longranger/invocation because it exceeded search pattern filesize limit: jquery.js
[2021-03-17 05:54:14,736] multiqc                                            [DEBUG  ]  File ignored by hicexplorer because it exceeded search pattern filesize limit: mapped_reads_nucleotide_content.txt
[2021-03-17 05:54:14,951] multiqc                                            [DEBUG  ]  File ignored by longranger/invocation because it exceeded search pattern filesize limit: mapped_reads_nucleotide_content.txt
[2021-03-17 05:54:15,915] multiqc                                            [DEBUG  ]  File ignored by hicexplorer because it exceeded search pattern filesize limit: insert_size_across_reference.txt
[2021-03-17 05:54:16,134] multiqc                                            [DEBUG  ]  File ignored by longranger/invocation because it exceeded search pattern filesize limit: insert_size_across_reference.txt
[2021-03-17 05:54:16,517] multiqc                                            [DEBUG  ]  File ignored by hicexplorer because it exceeded search pattern filesize limit: mapping_quality_across_reference.txt
[2021-03-17 05:54:16,725] multiqc                                            [DEBUG  ]  File ignored by longranger/invocation because it exceeded search pattern filesize limit: mapping_quality_across_reference.txt
[2021-03-17 05:54:18,260] multiqc                                            [DEBUG  ]  File ignored by hicexplorer because it exceeded search pattern filesize limit: coverage_across_reference.txt
[2021-03-17 05:54:18,469] multiqc                                            [DEBUG  ]  File ignored by longranger/invocation because it exceeded search pattern filesize limit: coverage_across_reference.txt
[2021-03-17 05:54:19,072] multiqc                                            [DEBUG  ]  File ignored by longranger/invocation because it exceeded search pattern filesize limit: mapped_reads_clipping_profile.txt
[2021-03-17 05:54:19,449] multiqc                                            [DEBUG  ]  Ignoring file as matched an ignore pattern: qualimapReport.html
[2021-03-17 05:54:19,505] multiqc                                            [DEBUG  ]  File ignored by hicexplorer because it exceeded search pattern filesize limit: underscore.js
[2021-03-17 05:54:19,700] multiqc                                            [DEBUG  ]  File ignored by longranger/invocation because it exceeded search pattern filesize limit: underscore.js
[2021-03-17 05:54:20,055] multiqc                                            [DEBUG  ]  File ignored by hicexplorer because it exceeded search pattern filesize limit: searchtools.js
[2021-03-17 05:54:20,260] multiqc                                            [DEBUG  ]  File ignored by longranger/invocation because it exceeded search pattern filesize limit: searchtools.js
[2021-03-17 05:54:20,728] multiqc                                            [DEBUG  ]  File ignored by hicexplorer because it exceeded search pattern filesize limit: basic.css
[2021-03-17 05:54:20,923] multiqc                                            [DEBUG  ]  File ignored by longranger/invocation because it exceeded search pattern filesize limit: basic.css
[2021-03-17 05:54:22,196] multiqc                                            [DEBUG  ]  File ignored by longranger/invocation because it exceeded search pattern filesize limit: pygments.css
[2021-03-17 05:54:22,557] multiqc                                            [DEBUG  ]  File ignored by hicexplorer because it exceeded search pattern filesize limit: doctools.js
[2021-03-17 05:54:22,758] multiqc                                            [DEBUG  ]  File ignored by longranger/invocation because it exceeded search pattern filesize limit: doctools.js
[2021-03-17 05:54:23,146] multiqc                                            [DEBUG  ]  File ignored by hicexplorer because it exceeded search pattern filesize limit: websupport.js
[2021-03-17 05:54:23,377] multiqc                                            [DEBUG  ]  File ignored by longranger/invocation because it exceeded search pattern filesize limit: websupport.js
[2021-03-17 05:54:23,823] multiqc                                            [DEBUG  ]  File ignored by hicexplorer because it exceeded search pattern filesize limit: agogo.css
[2021-03-17 05:54:24,047] multiqc                                            [DEBUG  ]  File ignored by longranger/invocation because it exceeded search pattern filesize limit: agogo.css
[2021-03-17 05:54:24,478] multiqc                                            [DEBUG  ]  File ignored by hicexplorer because it exceeded search pattern filesize limit: jquery.js
[2021-03-17 05:54:24,684] multiqc                                            [DEBUG  ]  File ignored by longranger/invocation because it exceeded search pattern filesize limit: jquery.js
[2021-03-17 05:54:25,123] multiqc                                            [DEBUG  ]  File ignored by hicexplorer because it exceeded search pattern filesize limit: mapped_reads_nucleotide_content.txt
[2021-03-17 05:54:25,327] multiqc                                            [DEBUG  ]  File ignored by longranger/invocation because it exceeded search pattern filesize limit: mapped_reads_nucleotide_content.txt
[2021-03-17 05:54:26,228] multiqc                                            [DEBUG  ]  File ignored by hicexplorer because it exceeded search pattern filesize limit: insert_size_across_reference.txt
[2021-03-17 05:54:26,428] multiqc                                            [DEBUG  ]  File ignored by longranger/invocation because it exceeded search pattern filesize limit: insert_size_across_reference.txt
[2021-03-17 05:54:26,801] multiqc                                            [DEBUG  ]  File ignored by hicexplorer because it exceeded search pattern filesize limit: mapping_quality_across_reference.txt
[2021-03-17 05:54:27,002] multiqc                                            [DEBUG  ]  File ignored by longranger/invocation because it exceeded search pattern filesize limit: mapping_quality_across_reference.txt
[2021-03-17 05:54:28,578] multiqc                                            [DEBUG  ]  File ignored by hicexplorer because it exceeded search pattern filesize limit: coverage_across_reference.txt
[2021-03-17 05:54:28,781] multiqc                                            [DEBUG  ]  File ignored by longranger/invocation because it exceeded search pattern filesize limit: coverage_across_reference.txt
[2021-03-17 05:54:29,390] multiqc                                            [DEBUG  ]  File ignored by longranger/invocation because it exceeded search pattern filesize limit: mapped_reads_clipping_profile.txt
[2021-03-17 05:54:29,762] multiqc                                            [DEBUG  ]  Ignoring file as matched an ignore pattern: qualimapReport.html
[2021-03-17 05:54:29,813] multiqc                                            [DEBUG  ]  File ignored by hicexplorer because it exceeded search pattern filesize limit: underscore.js
[2021-03-17 05:54:30,020] multiqc                                            [DEBUG  ]  File ignored by longranger/invocation because it exceeded search pattern filesize limit: underscore.js
[2021-03-17 05:54:30,350] multiqc                                            [DEBUG  ]  File ignored by hicexplorer because it exceeded search pattern filesize limit: searchtools.js
[2021-03-17 05:54:30,556] multiqc                                            [DEBUG  ]  File ignored by longranger/invocation because it exceeded search pattern filesize limit: searchtools.js
[2021-03-17 05:54:31,028] multiqc                                            [DEBUG  ]  File ignored by hicexplorer because it exceeded search pattern filesize limit: basic.css
[2021-03-17 05:54:31,231] multiqc                                            [DEBUG  ]  File ignored by longranger/invocation because it exceeded search pattern filesize limit: basic.css
[2021-03-17 05:54:32,480] multiqc                                            [DEBUG  ]  File ignored by longranger/invocation because it exceeded search pattern filesize limit: pygments.css
[2021-03-17 05:54:32,842] multiqc                                            [DEBUG  ]  File ignored by hicexplorer because it exceeded search pattern filesize limit: doctools.js
[2021-03-17 05:54:33,044] multiqc                                            [DEBUG  ]  File ignored by longranger/invocation because it exceeded search pattern filesize limit: doctools.js
[2021-03-17 05:54:33,411] multiqc                                            [DEBUG  ]  File ignored by hicexplorer because it exceeded search pattern filesize limit: websupport.js
[2021-03-17 05:54:33,631] multiqc                                            [DEBUG  ]  File ignored by longranger/invocation because it exceeded search pattern filesize limit: websupport.js
[2021-03-17 05:54:34,091] multiqc                                            [DEBUG  ]  File ignored by hicexplorer because it exceeded search pattern filesize limit: agogo.css
[2021-03-17 05:54:34,300] multiqc                                            [DEBUG  ]  File ignored by longranger/invocation because it exceeded search pattern filesize limit: agogo.css
[2021-03-17 05:54:34,705] multiqc                                            [DEBUG  ]  File ignored by hicexplorer because it exceeded search pattern filesize limit: jquery.js
[2021-03-17 05:54:34,922] multiqc                                            [DEBUG  ]  File ignored by longranger/invocation because it exceeded search pattern filesize limit: jquery.js
[2021-03-17 05:54:35,372] multiqc                                            [DEBUG  ]  File ignored by hicexplorer because it exceeded search pattern filesize limit: mapped_reads_nucleotide_content.txt
[2021-03-17 05:54:35,580] multiqc                                            [DEBUG  ]  File ignored by longranger/invocation because it exceeded search pattern filesize limit: mapped_reads_nucleotide_content.txt
[2021-03-17 05:54:36,557] multiqc                                            [DEBUG  ]  File ignored by hicexplorer because it exceeded search pattern filesize limit: insert_size_across_reference.txt
[2021-03-17 05:54:36,790] multiqc                                            [DEBUG  ]  File ignored by longranger/invocation because it exceeded search pattern filesize limit: insert_size_across_reference.txt
[2021-03-17 05:54:37,217] multiqc                                            [DEBUG  ]  File ignored by hicexplorer because it exceeded search pattern filesize limit: mapping_quality_across_reference.txt
[2021-03-17 05:54:37,433] multiqc                                            [DEBUG  ]  File ignored by longranger/invocation because it exceeded search pattern filesize limit: mapping_quality_across_reference.txt
[2021-03-17 05:54:39,066] multiqc                                            [DEBUG  ]  File ignored by hicexplorer because it exceeded search pattern filesize limit: coverage_across_reference.txt
[2021-03-17 05:54:39,346] multiqc                                            [DEBUG  ]  File ignored by longranger/invocation because it exceeded search pattern filesize limit: coverage_across_reference.txt
[2021-03-17 05:54:40,222] multiqc                                            [DEBUG  ]  File ignored by longranger/invocation because it exceeded search pattern filesize limit: mapped_reads_clipping_profile.txt
[2021-03-17 05:54:40,729] multiqc                                            [DEBUG  ]  Ignoring file as matched an ignore pattern: qualimapReport.html
[2021-03-17 05:54:40,790] multiqc                                            [DEBUG  ]  File ignored by hicexplorer because it exceeded search pattern filesize limit: underscore.js
[2021-03-17 05:54:41,060] multiqc                                            [DEBUG  ]  File ignored by longranger/invocation because it exceeded search pattern filesize limit: underscore.js
[2021-03-17 05:54:41,520] multiqc                                            [DEBUG  ]  File ignored by hicexplorer because it exceeded search pattern filesize limit: searchtools.js
[2021-03-17 05:54:41,791] multiqc                                            [DEBUG  ]  File ignored by longranger/invocation because it exceeded search pattern filesize limit: searchtools.js
[2021-03-17 05:54:42,400] multiqc                                            [DEBUG  ]  File ignored by hicexplorer because it exceeded search pattern filesize limit: basic.css
[2021-03-17 05:54:42,696] multiqc                                            [DEBUG  ]  File ignored by longranger/invocation because it exceeded search pattern filesize limit: basic.css
[2021-03-17 05:54:44,269] multiqc                                            [DEBUG  ]  File ignored by longranger/invocation because it exceeded search pattern filesize limit: pygments.css
[2021-03-17 05:54:44,748] multiqc                                            [DEBUG  ]  File ignored by hicexplorer because it exceeded search pattern filesize limit: doctools.js
[2021-03-17 05:54:45,016] multiqc                                            [DEBUG  ]  File ignored by longranger/invocation because it exceeded search pattern filesize limit: doctools.js
[2021-03-17 05:54:45,499] multiqc                                            [DEBUG  ]  File ignored by hicexplorer because it exceeded search pattern filesize limit: websupport.js
[2021-03-17 05:54:45,777] multiqc                                            [DEBUG  ]  File ignored by longranger/invocation because it exceeded search pattern filesize limit: websupport.js
[2021-03-17 05:54:46,326] multiqc                                            [DEBUG  ]  File ignored by hicexplorer because it exceeded search pattern filesize limit: agogo.css
[2021-03-17 05:54:46,597] multiqc                                            [DEBUG  ]  File ignored by longranger/invocation because it exceeded search pattern filesize limit: agogo.css
[2021-03-17 05:54:47,091] multiqc                                            [DEBUG  ]  File ignored by hicexplorer because it exceeded search pattern filesize limit: jquery.js
[2021-03-17 05:54:47,366] multiqc                                            [DEBUG  ]  File ignored by longranger/invocation because it exceeded search pattern filesize limit: jquery.js
[2021-03-17 05:54:47,902] multiqc                                            [DEBUG  ]  File ignored by hicexplorer because it exceeded search pattern filesize limit: mapped_reads_nucleotide_content.txt
[2021-03-17 05:54:48,188] multiqc                                            [DEBUG  ]  File ignored by longranger/invocation because it exceeded search pattern filesize limit: mapped_reads_nucleotide_content.txt
[2021-03-17 05:54:49,212] multiqc                                            [DEBUG  ]  File ignored by hicexplorer because it exceeded search pattern filesize limit: insert_size_across_reference.txt
[2021-03-17 05:54:49,441] multiqc                                            [DEBUG  ]  File ignored by longranger/invocation because it exceeded search pattern filesize limit: insert_size_across_reference.txt
[2021-03-17 05:54:49,865] multiqc                                            [DEBUG  ]  File ignored by hicexplorer because it exceeded search pattern filesize limit: mapping_quality_across_reference.txt
[2021-03-17 05:54:50,084] multiqc                                            [DEBUG  ]  File ignored by longranger/invocation because it exceeded search pattern filesize limit: mapping_quality_across_reference.txt
[2021-03-17 05:54:52,208] multiqc                                            [DEBUG  ]  File ignored by hicexplorer because it exceeded search pattern filesize limit: coverage_across_reference.txt
[2021-03-17 05:54:52,511] multiqc                                            [DEBUG  ]  File ignored by longranger/invocation because it exceeded search pattern filesize limit: coverage_across_reference.txt
[2021-03-17 05:54:53,388] multiqc                                            [DEBUG  ]  File ignored by longranger/invocation because it exceeded search pattern filesize limit: mapped_reads_clipping_profile.txt
[2021-03-17 05:54:53,924] multiqc                                            [DEBUG  ]  Ignoring file as matched an ignore pattern: qualimapReport.html
[2021-03-17 05:54:53,986] multiqc                                            [DEBUG  ]  File ignored by hicexplorer because it exceeded search pattern filesize limit: underscore.js
[2021-03-17 05:54:54,271] multiqc                                            [DEBUG  ]  File ignored by longranger/invocation because it exceeded search pattern filesize limit: underscore.js
[2021-03-17 05:54:54,774] multiqc                                            [DEBUG  ]  File ignored by hicexplorer because it exceeded search pattern filesize limit: searchtools.js
[2021-03-17 05:54:55,082] multiqc                                            [DEBUG  ]  File ignored by longranger/invocation because it exceeded search pattern filesize limit: searchtools.js
[2021-03-17 05:54:55,687] multiqc                                            [DEBUG  ]  File ignored by hicexplorer because it exceeded search pattern filesize limit: basic.css
[2021-03-17 05:54:55,965] multiqc                                            [DEBUG  ]  File ignored by longranger/invocation because it exceeded search pattern filesize limit: basic.css
[2021-03-17 05:54:57,636] multiqc                                            [DEBUG  ]  File ignored by longranger/invocation because it exceeded search pattern filesize limit: pygments.css
[2021-03-17 05:54:58,162] multiqc                                            [DEBUG  ]  File ignored by hicexplorer because it exceeded search pattern filesize limit: doctools.js
[2021-03-17 05:54:58,469] multiqc                                            [DEBUG  ]  File ignored by longranger/invocation because it exceeded search pattern filesize limit: doctools.js
[2021-03-17 05:54:58,984] multiqc                                            [DEBUG  ]  File ignored by hicexplorer because it exceeded search pattern filesize limit: websupport.js
[2021-03-17 05:54:59,270] multiqc                                            [DEBUG  ]  File ignored by longranger/invocation because it exceeded search pattern filesize limit: websupport.js
[2021-03-17 05:54:59,829] multiqc                                            [DEBUG  ]  File ignored by hicexplorer because it exceeded search pattern filesize limit: agogo.css
[2021-03-17 05:55:00,067] multiqc                                            [DEBUG  ]  File ignored by longranger/invocation because it exceeded search pattern filesize limit: agogo.css
[2021-03-17 05:55:00,535] multiqc                                            [DEBUG  ]  File ignored by hicexplorer because it exceeded search pattern filesize limit: jquery.js
[2021-03-17 05:55:00,816] multiqc                                            [DEBUG  ]  File ignored by longranger/invocation because it exceeded search pattern filesize limit: jquery.js
[2021-03-17 05:55:01,412] multiqc                                            [DEBUG  ]  File ignored by hicexplorer because it exceeded search pattern filesize limit: mapped_reads_nucleotide_content.txt
[2021-03-17 05:55:01,695] multiqc                                            [DEBUG  ]  File ignored by longranger/invocation because it exceeded search pattern filesize limit: mapped_reads_nucleotide_content.txt
[2021-03-17 05:55:02,935] multiqc                                            [DEBUG  ]  File ignored by hicexplorer because it exceeded search pattern filesize limit: insert_size_across_reference.txt
[2021-03-17 05:55:03,214] multiqc                                            [DEBUG  ]  File ignored by longranger/invocation because it exceeded search pattern filesize limit: insert_size_across_reference.txt
[2021-03-17 05:55:03,713] multiqc                                            [DEBUG  ]  File ignored by hicexplorer because it exceeded search pattern filesize limit: mapping_quality_across_reference.txt
[2021-03-17 05:55:03,989] multiqc                                            [DEBUG  ]  File ignored by longranger/invocation because it exceeded search pattern filesize limit: mapping_quality_across_reference.txt
[2021-03-17 05:55:05,633] multiqc                                            [DEBUG  ]  File ignored by hicexplorer because it exceeded search pattern filesize limit: coverage_across_reference.txt
[2021-03-17 05:55:06,010] multiqc                                            [DEBUG  ]  File ignored by longranger/invocation because it exceeded search pattern filesize limit: coverage_across_reference.txt
[2021-03-17 05:55:07,176] multiqc                                            [DEBUG  ]  File ignored by longranger/invocation because it exceeded search pattern filesize limit: mapped_reads_clipping_profile.txt
[2021-03-17 05:55:07,548] multiqc                                            [DEBUG  ]  Ignoring file as matched an ignore pattern: qualimapReport.html
[2021-03-17 05:55:07,599] multiqc                                            [DEBUG  ]  File ignored by hicexplorer because it exceeded search pattern filesize limit: underscore.js
[2021-03-17 05:55:07,803] multiqc                                            [DEBUG  ]  File ignored by longranger/invocation because it exceeded search pattern filesize limit: underscore.js
[2021-03-17 05:55:08,144] multiqc                                            [DEBUG  ]  File ignored by hicexplorer because it exceeded search pattern filesize limit: searchtools.js
[2021-03-17 05:55:08,405] multiqc                                            [DEBUG  ]  File ignored by longranger/invocation because it exceeded search pattern filesize limit: searchtools.js
[2021-03-17 05:55:08,801] multiqc                                            [DEBUG  ]  File ignored by hicexplorer because it exceeded search pattern filesize limit: basic.css
[2021-03-17 05:55:08,976] multiqc                                            [DEBUG  ]  File ignored by longranger/invocation because it exceeded search pattern filesize limit: basic.css
[2021-03-17 05:55:09,987] multiqc                                            [DEBUG  ]  File ignored by longranger/invocation because it exceeded search pattern filesize limit: pygments.css
[2021-03-17 05:55:10,301] multiqc                                            [DEBUG  ]  File ignored by hicexplorer because it exceeded search pattern filesize limit: doctools.js
[2021-03-17 05:55:10,459] multiqc                                            [DEBUG  ]  File ignored by longranger/invocation because it exceeded search pattern filesize limit: doctools.js
[2021-03-17 05:55:10,761] multiqc                                            [DEBUG  ]  File ignored by hicexplorer because it exceeded search pattern filesize limit: websupport.js
[2021-03-17 05:55:10,919] multiqc                                            [DEBUG  ]  File ignored by longranger/invocation because it exceeded search pattern filesize limit: websupport.js
[2021-03-17 05:55:11,313] multiqc                                            [DEBUG  ]  File ignored by hicexplorer because it exceeded search pattern filesize limit: agogo.css
[2021-03-17 05:55:11,479] multiqc                                            [DEBUG  ]  File ignored by longranger/invocation because it exceeded search pattern filesize limit: agogo.css
[2021-03-17 05:55:11,803] multiqc                                            [DEBUG  ]  File ignored by hicexplorer because it exceeded search pattern filesize limit: jquery.js
[2021-03-17 05:55:11,976] multiqc                                            [DEBUG  ]  File ignored by longranger/invocation because it exceeded search pattern filesize limit: jquery.js
[2021-03-17 05:55:12,367] multiqc                                            [DEBUG  ]  File ignored by hicexplorer because it exceeded search pattern filesize limit: mapped_reads_nucleotide_content.txt
[2021-03-17 05:55:12,534] multiqc                                            [DEBUG  ]  File ignored by longranger/invocation because it exceeded search pattern filesize limit: mapped_reads_nucleotide_content.txt
[2021-03-17 05:55:13,254] multiqc                                            [DEBUG  ]  File ignored by hicexplorer because it exceeded search pattern filesize limit: insert_size_across_reference.txt
[2021-03-17 05:55:13,415] multiqc                                            [DEBUG  ]  File ignored by longranger/invocation because it exceeded search pattern filesize limit: insert_size_across_reference.txt
[2021-03-17 05:55:13,731] multiqc                                            [DEBUG  ]  File ignored by hicexplorer because it exceeded search pattern filesize limit: mapping_quality_across_reference.txt
[2021-03-17 05:55:13,884] multiqc                                            [DEBUG  ]  File ignored by longranger/invocation because it exceeded search pattern filesize limit: mapping_quality_across_reference.txt
[2021-03-17 05:55:14,657] multiqc                                            [DEBUG  ]  File ignored by hicexplorer because it exceeded search pattern filesize limit: coverage_across_reference.txt
[2021-03-17 05:55:14,811] multiqc                                            [DEBUG  ]  File ignored by longranger/invocation because it exceeded search pattern filesize limit: coverage_across_reference.txt
[2021-03-17 05:55:15,357] multiqc                                            [DEBUG  ]  File ignored by longranger/invocation because it exceeded search pattern filesize limit: mapped_reads_clipping_profile.txt
[2021-03-17 05:55:15,767] multiqc                                            [DEBUG  ]  Ignoring file as matched an ignore pattern: qualimapReport.html
[2021-03-17 05:55:15,810] multiqc                                            [DEBUG  ]  File ignored by hicexplorer because it exceeded search pattern filesize limit: underscore.js
[2021-03-17 05:55:16,060] multiqc                                            [DEBUG  ]  File ignored by longranger/invocation because it exceeded search pattern filesize limit: underscore.js
[2021-03-17 05:55:16,461] multiqc                                            [DEBUG  ]  File ignored by hicexplorer because it exceeded search pattern filesize limit: searchtools.js
[2021-03-17 05:55:16,686] multiqc                                            [DEBUG  ]  File ignored by longranger/invocation because it exceeded search pattern filesize limit: searchtools.js
[2021-03-17 05:55:17,197] multiqc                                            [DEBUG  ]  File ignored by hicexplorer because it exceeded search pattern filesize limit: basic.css
[2021-03-17 05:55:17,432] multiqc                                            [DEBUG  ]  File ignored by longranger/invocation because it exceeded search pattern filesize limit: basic.css
[2021-03-17 05:55:18,802] multiqc                                            [DEBUG  ]  File ignored by longranger/invocation because it exceeded search pattern filesize limit: pygments.css
[2021-03-17 05:55:19,216] multiqc                                            [DEBUG  ]  File ignored by hicexplorer because it exceeded search pattern filesize limit: doctools.js
[2021-03-17 05:55:19,455] multiqc                                            [DEBUG  ]  File ignored by longranger/invocation because it exceeded search pattern filesize limit: doctools.js
[2021-03-17 05:55:19,887] multiqc                                            [DEBUG  ]  File ignored by hicexplorer because it exceeded search pattern filesize limit: websupport.js
[2021-03-17 05:55:20,134] multiqc                                            [DEBUG  ]  File ignored by longranger/invocation because it exceeded search pattern filesize limit: websupport.js
[2021-03-17 05:55:20,631] multiqc                                            [DEBUG  ]  File ignored by hicexplorer because it exceeded search pattern filesize limit: agogo.css
[2021-03-17 05:55:20,855] multiqc                                            [DEBUG  ]  File ignored by longranger/invocation because it exceeded search pattern filesize limit: agogo.css
[2021-03-17 05:55:21,325] multiqc                                            [DEBUG  ]  File ignored by hicexplorer because it exceeded search pattern filesize limit: jquery.js
[2021-03-17 05:55:21,568] multiqc                                            [DEBUG  ]  File ignored by longranger/invocation because it exceeded search pattern filesize limit: jquery.js
[2021-03-17 05:55:22,047] multiqc                                            [DEBUG  ]  File ignored by hicexplorer because it exceeded search pattern filesize limit: mapped_reads_nucleotide_content.txt
[2021-03-17 05:55:22,276] multiqc                                            [DEBUG  ]  File ignored by longranger/invocation because it exceeded search pattern filesize limit: mapped_reads_nucleotide_content.txt
[2021-03-17 05:55:23,444] multiqc                                            [DEBUG  ]  File ignored by hicexplorer because it exceeded search pattern filesize limit: insert_size_across_reference.txt
[2021-03-17 05:55:23,668] multiqc                                            [DEBUG  ]  File ignored by longranger/invocation because it exceeded search pattern filesize limit: insert_size_across_reference.txt
[2021-03-17 05:55:24,076] multiqc                                            [DEBUG  ]  File ignored by hicexplorer because it exceeded search pattern filesize limit: mapping_quality_across_reference.txt
[2021-03-17 05:55:24,319] multiqc                                            [DEBUG  ]  File ignored by longranger/invocation because it exceeded search pattern filesize limit: mapping_quality_across_reference.txt
[2021-03-17 05:55:25,220] multiqc                                            [DEBUG  ]  File ignored by hicexplorer because it exceeded search pattern filesize limit: coverage_across_reference.txt
[2021-03-17 05:55:25,370] multiqc                                            [DEBUG  ]  File ignored by longranger/invocation because it exceeded search pattern filesize limit: coverage_across_reference.txt
[2021-03-17 05:55:25,831] multiqc                                            [DEBUG  ]  File ignored by longranger/invocation because it exceeded search pattern filesize limit: mapped_reads_clipping_profile.txt
[2021-03-17 05:55:26,102] multiqc                                            [DEBUG  ]  Ignoring file as matched an ignore pattern: qualimapReport.html
[2021-03-17 05:55:26,137] multiqc                                            [DEBUG  ]  File ignored by hicexplorer because it exceeded search pattern filesize limit: underscore.js
[2021-03-17 05:55:26,289] multiqc                                            [DEBUG  ]  File ignored by longranger/invocation because it exceeded search pattern filesize limit: underscore.js
[2021-03-17 05:55:26,536] multiqc                                            [DEBUG  ]  File ignored by hicexplorer because it exceeded search pattern filesize limit: searchtools.js
[2021-03-17 05:55:26,686] multiqc                                            [DEBUG  ]  File ignored by longranger/invocation because it exceeded search pattern filesize limit: searchtools.js
[2021-03-17 05:55:27,091] multiqc                                            [DEBUG  ]  File ignored by hicexplorer because it exceeded search pattern filesize limit: basic.css
[2021-03-17 05:55:27,295] multiqc                                            [DEBUG  ]  File ignored by longranger/invocation because it exceeded search pattern filesize limit: basic.css
[2021-03-17 05:55:28,553] multiqc                                            [DEBUG  ]  File ignored by longranger/invocation because it exceeded search pattern filesize limit: pygments.css
[2021-03-17 05:55:28,912] multiqc                                            [DEBUG  ]  File ignored by hicexplorer because it exceeded search pattern filesize limit: doctools.js
[2021-03-17 05:55:29,108] multiqc                                            [DEBUG  ]  File ignored by longranger/invocation because it exceeded search pattern filesize limit: doctools.js
[2021-03-17 05:55:29,476] multiqc                                            [DEBUG  ]  File ignored by hicexplorer because it exceeded search pattern filesize limit: websupport.js
[2021-03-17 05:55:29,708] multiqc                                            [DEBUG  ]  File ignored by longranger/invocation because it exceeded search pattern filesize limit: websupport.js
[2021-03-17 05:55:30,165] multiqc                                            [DEBUG  ]  File ignored by hicexplorer because it exceeded search pattern filesize limit: agogo.css
[2021-03-17 05:55:30,361] multiqc                                            [DEBUG  ]  File ignored by longranger/invocation because it exceeded search pattern filesize limit: agogo.css
[2021-03-17 05:55:30,743] multiqc                                            [DEBUG  ]  File ignored by hicexplorer because it exceeded search pattern filesize limit: jquery.js
[2021-03-17 05:55:30,956] multiqc                                            [DEBUG  ]  File ignored by longranger/invocation because it exceeded search pattern filesize limit: jquery.js
[2021-03-17 05:55:31,367] multiqc                                            [DEBUG  ]  File ignored by hicexplorer because it exceeded search pattern filesize limit: mapped_reads_nucleotide_content.txt
[2021-03-17 05:55:31,560] multiqc                                            [DEBUG  ]  File ignored by longranger/invocation because it exceeded search pattern filesize limit: mapped_reads_nucleotide_content.txt
[2021-03-17 05:55:32,376] multiqc                                            [DEBUG  ]  File ignored by hicexplorer because it exceeded search pattern filesize limit: insert_size_across_reference.txt
[2021-03-17 05:55:32,534] multiqc                                            [DEBUG  ]  File ignored by longranger/invocation because it exceeded search pattern filesize limit: insert_size_across_reference.txt
[2021-03-17 05:55:32,845] multiqc                                            [DEBUG  ]  File ignored by hicexplorer because it exceeded search pattern filesize limit: mapping_quality_across_reference.txt
[2021-03-17 05:55:33,002] multiqc                                            [DEBUG  ]  File ignored by longranger/invocation because it exceeded search pattern filesize limit: mapping_quality_across_reference.txt
[2021-03-17 05:55:34,816] multiqc                                            [DEBUG  ]  File ignored by hicexplorer because it exceeded search pattern filesize limit: coverage_across_reference.txt
[2021-03-17 05:55:35,032] multiqc                                            [DEBUG  ]  File ignored by longranger/invocation because it exceeded search pattern filesize limit: coverage_across_reference.txt
[2021-03-17 05:55:35,691] multiqc                                            [DEBUG  ]  File ignored by longranger/invocation because it exceeded search pattern filesize limit: mapped_reads_clipping_profile.txt
[2021-03-17 05:55:36,115] multiqc                                            [DEBUG  ]  Ignoring file as matched an ignore pattern: qualimapReport.html
[2021-03-17 05:55:36,168] multiqc                                            [DEBUG  ]  File ignored by hicexplorer because it exceeded search pattern filesize limit: underscore.js
[2021-03-17 05:55:36,396] multiqc                                            [DEBUG  ]  File ignored by longranger/invocation because it exceeded search pattern filesize limit: underscore.js
[2021-03-17 05:55:36,649] multiqc                                            [DEBUG  ]  File ignored by hicexplorer because it exceeded search pattern filesize limit: searchtools.js
[2021-03-17 05:55:36,808] multiqc                                            [DEBUG  ]  File ignored by longranger/invocation because it exceeded search pattern filesize limit: searchtools.js
[2021-03-17 05:55:37,282] multiqc                                            [DEBUG  ]  File ignored by hicexplorer because it exceeded search pattern filesize limit: basic.css
[2021-03-17 05:55:37,505] multiqc                                            [DEBUG  ]  File ignored by longranger/invocation because it exceeded search pattern filesize limit: basic.css
[2021-03-17 05:55:38,838] multiqc                                            [DEBUG  ]  File ignored by longranger/invocation because it exceeded search pattern filesize limit: pygments.css
[2021-03-17 05:55:39,327] multiqc                                            [DEBUG  ]  File ignored by hicexplorer because it exceeded search pattern filesize limit: doctools.js
[2021-03-17 05:55:39,599] multiqc                                            [DEBUG  ]  File ignored by longranger/invocation because it exceeded search pattern filesize limit: doctools.js
[2021-03-17 05:55:40,064] multiqc                                            [DEBUG  ]  File ignored by hicexplorer because it exceeded search pattern filesize limit: websupport.js
[2021-03-17 05:55:40,267] multiqc                                            [DEBUG  ]  File ignored by longranger/invocation because it exceeded search pattern filesize limit: websupport.js
[2021-03-17 05:55:40,714] multiqc                                            [DEBUG  ]  File ignored by hicexplorer because it exceeded search pattern filesize limit: agogo.css
[2021-03-17 05:55:40,907] multiqc                                            [DEBUG  ]  File ignored by longranger/invocation because it exceeded search pattern filesize limit: agogo.css
[2021-03-17 05:55:41,288] multiqc                                            [DEBUG  ]  File ignored by hicexplorer because it exceeded search pattern filesize limit: jquery.js
[2021-03-17 05:55:41,486] multiqc                                            [DEBUG  ]  File ignored by longranger/invocation because it exceeded search pattern filesize limit: jquery.js
[2021-03-17 05:55:41,915] multiqc                                            [DEBUG  ]  File ignored by hicexplorer because it exceeded search pattern filesize limit: mapped_reads_nucleotide_content.txt
[2021-03-17 05:55:42,110] multiqc                                            [DEBUG  ]  File ignored by longranger/invocation because it exceeded search pattern filesize limit: mapped_reads_nucleotide_content.txt
[2021-03-17 05:55:42,794] multiqc                                            [DEBUG  ]  File ignored by hicexplorer because it exceeded search pattern filesize limit: insert_size_across_reference.txt
[2021-03-17 05:55:42,909] multiqc                                            [DEBUG  ]  File ignored by longranger/invocation because it exceeded search pattern filesize limit: insert_size_across_reference.txt
[2021-03-17 05:55:43,152] multiqc                                            [DEBUG  ]  File ignored by hicexplorer because it exceeded search pattern filesize limit: mapping_quality_across_reference.txt
[2021-03-17 05:55:43,268] multiqc                                            [DEBUG  ]  File ignored by longranger/invocation because it exceeded search pattern filesize limit: mapping_quality_across_reference.txt
[2021-03-17 05:55:44,217] multiqc                                            [DEBUG  ]  File ignored by hicexplorer because it exceeded search pattern filesize limit: coverage_across_reference.txt
[2021-03-17 05:55:44,382] multiqc                                            [DEBUG  ]  File ignored by longranger/invocation because it exceeded search pattern filesize limit: coverage_across_reference.txt
[2021-03-17 05:55:44,901] multiqc                                            [DEBUG  ]  File ignored by longranger/invocation because it exceeded search pattern filesize limit: mapped_reads_clipping_profile.txt
[2021-03-17 05:55:45,235] multiqc                                            [DEBUG  ]  Ignoring file as matched an ignore pattern: qualimapReport.html
[2021-03-17 05:55:45,280] multiqc                                            [DEBUG  ]  File ignored by hicexplorer because it exceeded search pattern filesize limit: underscore.js
[2021-03-17 05:55:45,449] multiqc                                            [DEBUG  ]  File ignored by longranger/invocation because it exceeded search pattern filesize limit: underscore.js
[2021-03-17 05:55:45,735] multiqc                                            [DEBUG  ]  File ignored by hicexplorer because it exceeded search pattern filesize limit: searchtools.js
[2021-03-17 05:55:45,899] multiqc                                            [DEBUG  ]  File ignored by longranger/invocation because it exceeded search pattern filesize limit: searchtools.js
[2021-03-17 05:55:46,300] multiqc                                            [DEBUG  ]  File ignored by hicexplorer because it exceeded search pattern filesize limit: basic.css
[2021-03-17 05:55:46,469] multiqc                                            [DEBUG  ]  File ignored by longranger/invocation because it exceeded search pattern filesize limit: basic.css
[2021-03-17 05:55:47,497] multiqc                                            [DEBUG  ]  File ignored by longranger/invocation because it exceeded search pattern filesize limit: pygments.css
[2021-03-17 05:55:47,807] multiqc                                            [DEBUG  ]  File ignored by hicexplorer because it exceeded search pattern filesize limit: doctools.js
[2021-03-17 05:55:47,976] multiqc                                            [DEBUG  ]  File ignored by longranger/invocation because it exceeded search pattern filesize limit: doctools.js
[2021-03-17 05:55:48,310] multiqc                                            [DEBUG  ]  File ignored by hicexplorer because it exceeded search pattern filesize limit: websupport.js
[2021-03-17 05:55:48,480] multiqc                                            [DEBUG  ]  File ignored by longranger/invocation because it exceeded search pattern filesize limit: websupport.js
[2021-03-17 05:55:48,907] multiqc                                            [DEBUG  ]  File ignored by hicexplorer because it exceeded search pattern filesize limit: agogo.css
[2021-03-17 05:55:49,074] multiqc                                            [DEBUG  ]  File ignored by longranger/invocation because it exceeded search pattern filesize limit: agogo.css
[2021-03-17 05:55:49,411] multiqc                                            [DEBUG  ]  File ignored by hicexplorer because it exceeded search pattern filesize limit: jquery.js
[2021-03-17 05:55:49,579] multiqc                                            [DEBUG  ]  File ignored by longranger/invocation because it exceeded search pattern filesize limit: jquery.js
[2021-03-17 05:55:49,957] multiqc                                            [DEBUG  ]  File ignored by hicexplorer because it exceeded search pattern filesize limit: mapped_reads_nucleotide_content.txt
[2021-03-17 05:55:50,174] multiqc                                            [DEBUG  ]  File ignored by longranger/invocation because it exceeded search pattern filesize limit: mapped_reads_nucleotide_content.txt
[2021-03-17 05:55:51,113] multiqc                                            [DEBUG  ]  File ignored by hicexplorer because it exceeded search pattern filesize limit: insert_size_across_reference.txt
[2021-03-17 05:55:51,338] multiqc                                            [DEBUG  ]  File ignored by longranger/invocation because it exceeded search pattern filesize limit: insert_size_across_reference.txt
[2021-03-17 05:55:51,741] multiqc                                            [DEBUG  ]  File ignored by hicexplorer because it exceeded search pattern filesize limit: mapping_quality_across_reference.txt
[2021-03-17 05:55:51,963] multiqc                                            [DEBUG  ]  File ignored by longranger/invocation because it exceeded search pattern filesize limit: mapping_quality_across_reference.txt
[2021-03-17 05:55:53,507] multiqc                                            [DEBUG  ]  File ignored by hicexplorer because it exceeded search pattern filesize limit: coverage_across_reference.txt
[2021-03-17 05:55:53,712] multiqc                                            [DEBUG  ]  File ignored by longranger/invocation because it exceeded search pattern filesize limit: coverage_across_reference.txt
[2021-03-17 05:55:54,297] multiqc                                            [DEBUG  ]  File ignored by longranger/invocation because it exceeded search pattern filesize limit: mapped_reads_clipping_profile.txt
[2021-03-17 05:55:54,655] multiqc                                            [DEBUG  ]  Ignoring file as matched an ignore pattern: qualimapReport.html
[2021-03-17 05:55:54,705] multiqc                                            [DEBUG  ]  File ignored by hicexplorer because it exceeded search pattern filesize limit: underscore.js
[2021-03-17 05:55:54,902] multiqc                                            [DEBUG  ]  File ignored by longranger/invocation because it exceeded search pattern filesize limit: underscore.js
[2021-03-17 05:55:55,239] multiqc                                            [DEBUG  ]  File ignored by hicexplorer because it exceeded search pattern filesize limit: searchtools.js
[2021-03-17 05:55:55,405] multiqc                                            [DEBUG  ]  File ignored by longranger/invocation because it exceeded search pattern filesize limit: searchtools.js
[2021-03-17 05:55:55,786] multiqc                                            [DEBUG  ]  File ignored by hicexplorer because it exceeded search pattern filesize limit: basic.css
[2021-03-17 05:55:55,949] multiqc                                            [DEBUG  ]  File ignored by longranger/invocation because it exceeded search pattern filesize limit: basic.css
[2021-03-17 05:55:56,920] multiqc                                            [DEBUG  ]  File ignored by longranger/invocation because it exceeded search pattern filesize limit: pygments.css
[2021-03-17 05:55:57,211] multiqc                                            [DEBUG  ]  File ignored by hicexplorer because it exceeded search pattern filesize limit: doctools.js
[2021-03-17 05:55:57,367] multiqc                                            [DEBUG  ]  File ignored by longranger/invocation because it exceeded search pattern filesize limit: doctools.js
[2021-03-17 05:55:57,668] multiqc                                            [DEBUG  ]  File ignored by hicexplorer because it exceeded search pattern filesize limit: websupport.js
[2021-03-17 05:55:57,841] multiqc                                            [DEBUG  ]  File ignored by longranger/invocation because it exceeded search pattern filesize limit: websupport.js
[2021-03-17 05:55:58,217] multiqc                                            [DEBUG  ]  File ignored by hicexplorer because it exceeded search pattern filesize limit: agogo.css
[2021-03-17 05:55:58,372] multiqc                                            [DEBUG  ]  File ignored by longranger/invocation because it exceeded search pattern filesize limit: agogo.css
[2021-03-17 05:55:58,687] multiqc                                            [DEBUG  ]  File ignored by hicexplorer because it exceeded search pattern filesize limit: jquery.js
[2021-03-17 05:55:58,852] multiqc                                            [DEBUG  ]  File ignored by longranger/invocation because it exceeded search pattern filesize limit: jquery.js
[2021-03-17 05:55:59,206] multiqc                                            [DEBUG  ]  File ignored by hicexplorer because it exceeded search pattern filesize limit: mapped_reads_nucleotide_content.txt
[2021-03-17 05:55:59,374] multiqc                                            [DEBUG  ]  File ignored by longranger/invocation because it exceeded search pattern filesize limit: mapped_reads_nucleotide_content.txt
[2021-03-17 05:56:00,108] multiqc                                            [DEBUG  ]  File ignored by hicexplorer because it exceeded search pattern filesize limit: insert_size_across_reference.txt
[2021-03-17 05:56:00,267] multiqc                                            [DEBUG  ]  File ignored by longranger/invocation because it exceeded search pattern filesize limit: insert_size_across_reference.txt
[2021-03-17 05:56:00,675] multiqc                                            [DEBUG  ]  File ignored by hicexplorer because it exceeded search pattern filesize limit: mapping_quality_across_reference.txt
[2021-03-17 05:56:00,889] multiqc                                            [DEBUG  ]  File ignored by longranger/invocation because it exceeded search pattern filesize limit: mapping_quality_across_reference.txt
[2021-03-17 05:56:01,896] multiqc                                            [DEBUG  ]  File ignored by hicexplorer because it exceeded search pattern filesize limit: coverage_across_reference.txt
[2021-03-17 05:56:02,247] multiqc                                            [DEBUG  ]  File ignored by longranger/invocation because it exceeded search pattern filesize limit: coverage_across_reference.txt
[2021-03-17 05:56:02,889] multiqc                                            [DEBUG  ]  File ignored by longranger/invocation because it exceeded search pattern filesize limit: mapped_reads_clipping_profile.txt
[2021-03-17 05:56:03,524] multiqc                                            [DEBUG  ]  File ignored by longranger/invocation because it exceeded search pattern filesize limit: 9876T.bam.metrics
[2021-03-17 05:56:04,075] multiqc                                            [DEBUG  ]  File ignored by longranger/invocation because it exceeded search pattern filesize limit: 1234N.bam.metrics
[2021-03-17 05:56:05,222] multiqc.plots.linegraph                            [DEBUG  ]  Using matplotlib version 2.2.5
[2021-03-17 05:56:05,223] multiqc.plots.bargraph                             [DEBUG  ]  Using matplotlib version 2.2.5
[2021-03-17 05:56:06,232] multiqc.modules.fastqc.fastqc                      [INFO   ]  Found 22 reports
[2021-03-17 05:56:15,347] multiqc.modules.base_module                        [DEBUG  ]  fastqc/zip - Skipping '1234N_1234N_M4_R1_fastqc.zip' as it didn't match the path_filters for 'FastQC after trimming'
[2021-03-17 05:56:15,347] multiqc.modules.base_module                        [DEBUG  ]  fastqc/zip - Skipping '1234N_1234N_M5_R2_fastqc.zip' as it didn't match the path_filters for 'FastQC after trimming'
[2021-03-17 05:56:15,347] multiqc.modules.base_module                        [DEBUG  ]  fastqc/zip - Skipping '1234N_1234N_M1_R2_fastqc.zip' as it didn't match the path_filters for 'FastQC after trimming'
[2021-03-17 05:56:15,347] multiqc.modules.base_module                        [DEBUG  ]  fastqc/zip - Skipping '9876T_9876T_M1_R1_fastqc.zip' as it didn't match the path_filters for 'FastQC after trimming'
[2021-03-17 05:56:15,347] multiqc.modules.base_module                        [DEBUG  ]  fastqc/zip - Skipping '9876T_9876T_M4_R2_fastqc.zip' as it didn't match the path_filters for 'FastQC after trimming'
[2021-03-17 05:56:15,347] multiqc.modules.base_module                        [DEBUG  ]  fastqc/zip - Skipping '9876T_9876T_M5_R1_fastqc.zip' as it didn't match the path_filters for 'FastQC after trimming'
[2021-03-17 05:56:15,347] multiqc.modules.base_module                        [DEBUG  ]  fastqc/zip - Skipping '9876T_9876T_M3_R2_fastqc.zip' as it didn't match the path_filters for 'FastQC after trimming'
[2021-03-17 05:56:15,347] multiqc.modules.base_module                        [DEBUG  ]  fastqc/zip - Skipping '9876T_9876T_M2_R1_fastqc.zip' as it didn't match the path_filters for 'FastQC after trimming'
[2021-03-17 05:56:15,347] multiqc.modules.base_module                        [DEBUG  ]  fastqc/zip - Skipping '1234N_1234N_M6_R2_fastqc.zip' as it didn't match the path_filters for 'FastQC after trimming'
[2021-03-17 05:56:15,348] multiqc.modules.base_module                        [DEBUG  ]  fastqc/zip - Skipping '1234N_1234N_M7_R1_fastqc.zip' as it didn't match the path_filters for 'FastQC after trimming'
[2021-03-17 05:56:15,348] multiqc.modules.base_module                        [DEBUG  ]  fastqc/zip - Skipping '1234N_1234N_M2_R2_fastqc.zip' as it didn't match the path_filters for 'FastQC after trimming'
[2021-03-17 05:56:15,348] multiqc.modules.base_module                        [DEBUG  ]  fastqc/zip - Skipping '9876T_9876T_M3_R1_fastqc.zip' as it didn't match the path_filters for 'FastQC after trimming'
[2021-03-17 05:56:15,348] multiqc.modules.base_module                        [DEBUG  ]  fastqc/zip - Skipping '9876T_9876T_M2_R2_fastqc.zip' as it didn't match the path_filters for 'FastQC after trimming'
[2021-03-17 05:56:15,348] multiqc.modules.base_module                        [DEBUG  ]  fastqc/zip - Skipping '1234N_1234N_M2_R1_fastqc.zip' as it didn't match the path_filters for 'FastQC after trimming'
[2021-03-17 05:56:15,348] multiqc.modules.base_module                        [DEBUG  ]  fastqc/zip - Skipping '1234N_1234N_M6_R1_fastqc.zip' as it didn't match the path_filters for 'FastQC after trimming'
[2021-03-17 05:56:15,348] multiqc.modules.base_module                        [DEBUG  ]  fastqc/zip - Skipping '1234N_1234N_M7_R2_fastqc.zip' as it didn't match the path_filters for 'FastQC after trimming'
[2021-03-17 05:56:15,348] multiqc.modules.base_module                        [DEBUG  ]  fastqc/zip - Skipping '1234N_1234N_M1_R1_fastqc.zip' as it didn't match the path_filters for 'FastQC after trimming'
[2021-03-17 05:56:15,348] multiqc.modules.base_module                        [DEBUG  ]  fastqc/zip - Skipping '1234N_1234N_M4_R2_fastqc.zip' as it didn't match the path_filters for 'FastQC after trimming'
[2021-03-17 05:56:15,348] multiqc.modules.base_module                        [DEBUG  ]  fastqc/zip - Skipping '1234N_1234N_M5_R1_fastqc.zip' as it didn't match the path_filters for 'FastQC after trimming'
[2021-03-17 05:56:15,348] multiqc.modules.base_module                        [DEBUG  ]  fastqc/zip - Skipping '9876T_9876T_M4_R1_fastqc.zip' as it didn't match the path_filters for 'FastQC after trimming'
[2021-03-17 05:56:15,348] multiqc.modules.base_module                        [DEBUG  ]  fastqc/zip - Skipping '9876T_9876T_M5_R2_fastqc.zip' as it didn't match the path_filters for 'FastQC after trimming'
[2021-03-17 05:56:15,349] multiqc.modules.base_module                        [DEBUG  ]  fastqc/zip - Skipping '9876T_9876T_M1_R2_fastqc.zip' as it didn't match the path_filters for 'FastQC after trimming'
[2021-03-17 05:56:15,349] multiqc                                            [DEBUG  ]  No samples found: fastqc
[2021-03-17 05:56:16,724] multiqc.modules.picard.picard                      [INFO   ]  Found 2 MarkDuplicates reports
[2021-03-17 05:56:16,955] multiqc.modules.gatk.base_recalibrator             [INFO   ]  Found 2 BaseRecalibrator reports
[2021-03-17 05:56:19,259] multiqc.modules.samtools.samtools                  [INFO   ]  Found 2 stats reports
[2021-03-17 05:56:19,772] multiqc.modules.qualimap.QM_BamQC                  [DEBUG  ]  Using default Qualimap thresholds: 1, 5, 10, 30, 50
[2021-03-17 05:56:23,608] multiqc.modules.qualimap.qualimap                  [INFO   ]  Found 13 BamQC reports
[2021-03-17 05:56:23,616] multiqc                                            [DEBUG  ]  No samples found: bcftools
[2021-03-17 05:56:23,625] multiqc                                            [DEBUG  ]  No samples found: vcftools
[2021-03-17 05:56:23,632] multiqc                                            [DEBUG  ]  No samples found: snpeff
[2021-03-17 05:56:23,691] multiqc.modules.custom_content.custom_content      [INFO   ]  sarek-summary: Found 1 sample (html)
[2021-03-17 05:56:23,692] multiqc.modules.custom_content.custom_content      [INFO   ]  sarek-summary: Found 2474 samples (html)
[2021-03-17 05:56:23,692] multiqc.modules.custom_content.custom_content      [INFO   ]  software_versions: Found 1 sample (html)
[2021-03-17 05:56:23,692] multiqc.modules.custom_content.custom_content      [INFO   ]  software_versions: Found 1247 samples (html)
[2021-03-17 05:56:23,698] multiqc                                            [DEBUG  ]  No samples found: conpair
[2021-03-17 05:56:23,704] multiqc                                            [DEBUG  ]  No samples found: peddy
[2021-03-17 05:56:23,711] multiqc                                            [DEBUG  ]  No samples found: methylQA
[2021-03-17 05:56:23,717] multiqc                                            [DEBUG  ]  No samples found: phantompeakqualtools
[2021-03-17 05:56:23,723] multiqc                                            [DEBUG  ]  No samples found: preseq
[2021-03-17 05:56:23,728] multiqc                                            [DEBUG  ]  No samples found: quast
[2021-03-17 05:56:23,734] multiqc                                            [DEBUG  ]  No samples found: qorts
[2021-03-17 05:56:23,740] multiqc                                            [DEBUG  ]  No samples found: rna_seqc
[2021-03-17 05:56:23,746] multiqc                                            [DEBUG  ]  No samples found: rsem
[2021-03-17 05:56:23,757] multiqc                                            [DEBUG  ]  No samples found: rseqc
[2021-03-17 05:56:23,764] multiqc                                            [DEBUG  ]  No samples found: busco
[2021-03-17 05:56:23,770] multiqc                                            [DEBUG  ]  No samples found: goleft_indexcov
[2021-03-17 05:56:23,776] multiqc                                            [DEBUG  ]  No samples found: disambiguate
[2021-03-17 05:56:23,783] multiqc                                            [DEBUG  ]  No samples found: supernova
[2021-03-17 05:56:23,793] multiqc                                            [DEBUG  ]  No samples found: deeptools
[2021-03-17 05:56:23,798] multiqc                                            [DEBUG  ]  No samples found: sargasso
[2021-03-17 05:56:23,804] multiqc                                            [DEBUG  ]  No samples found: verifybamid
[2021-03-17 05:56:23,809] multiqc                                            [DEBUG  ]  No samples found: mirtrace
[2021-03-17 05:56:23,815] multiqc                                            [DEBUG  ]  No samples found: happy
[2021-03-17 05:56:23,823] multiqc                                            [DEBUG  ]  No samples found: homer
[2021-03-17 05:56:23,829] multiqc                                            [DEBUG  ]  No samples found: macs2
[2021-03-17 05:56:23,835] multiqc                                            [DEBUG  ]  No samples found: theta2
[2021-03-17 05:56:23,842] multiqc                                            [DEBUG  ]  No samples found: htseq
[2021-03-17 05:56:23,848] multiqc                                            [DEBUG  ]  No samples found: featureCounts
[2021-03-17 05:56:23,854] multiqc                                            [DEBUG  ]  No samples found: fgbio
[2021-03-17 05:56:23,860] multiqc                                            [DEBUG  ]  No samples found: dedup
[2021-03-17 05:56:23,865] multiqc                                            [DEBUG  ]  No samples found: damageprofiler
[2021-03-17 05:56:23,871] multiqc                                            [DEBUG  ]  No samples found: biobambam2
[2021-03-17 05:56:23,877] multiqc                                            [DEBUG  ]  No samples found: mtnucratio
[2021-03-17 05:56:23,882] multiqc                                            [DEBUG  ]  No samples found: prokka
[2021-03-17 05:56:23,888] multiqc                                            [DEBUG  ]  No samples found: samblaster
[2021-03-17 05:56:23,894] multiqc                                            [DEBUG  ]  No samples found: sexdeterrmine
[2021-03-17 05:56:23,902] multiqc                                            [DEBUG  ]  No samples found: bamtools
[2021-03-17 05:56:23,908] multiqc                                            [DEBUG  ]  No samples found: jellyfish
[2021-03-17 05:56:23,914] multiqc                                            [DEBUG  ]  No samples found: longranger
[2021-03-17 05:56:23,920] multiqc                                            [DEBUG  ]  No samples found: stacks
[2021-03-17 05:56:23,932] multiqc                                            [DEBUG  ]  No samples found: bbmap
[2021-03-17 05:56:23,938] multiqc                                            [DEBUG  ]  No samples found: bismark
[2021-03-17 05:56:23,944] multiqc                                            [DEBUG  ]  No samples found: biscuit
[2021-03-17 05:56:23,950] multiqc                                            [DEBUG  ]  No samples found: hicexplorer
[2021-03-17 05:56:23,956] multiqc                                            [DEBUG  ]  No samples found: hicup
[2021-03-17 05:56:23,961] multiqc                                            [DEBUG  ]  No samples found: hicpro
[2021-03-17 05:56:23,967] multiqc                                            [DEBUG  ]  No samples found: salmon
[2021-03-17 05:56:23,973] multiqc                                            [DEBUG  ]  No samples found: kallisto
[2021-03-17 05:56:23,980] multiqc                                            [DEBUG  ]  No samples found: slamdunk
[2021-03-17 05:56:23,986] multiqc                                            [DEBUG  ]  No samples found: star
[2021-03-17 05:56:23,992] multiqc                                            [DEBUG  ]  No samples found: hisat2
[2021-03-17 05:56:23,997] multiqc                                            [DEBUG  ]  No samples found: tophat
[2021-03-17 05:56:24,002] multiqc                                            [DEBUG  ]  No samples found: bowtie2
[2021-03-17 05:56:24,008] multiqc                                            [DEBUG  ]  No samples found: bowtie1
[2021-03-17 05:56:24,014] multiqc                                            [DEBUG  ]  No samples found: kat
[2021-03-17 05:56:24,020] multiqc                                            [DEBUG  ]  No samples found: leehom
[2021-03-17 05:56:24,026] multiqc                                            [DEBUG  ]  No samples found: adapterRemoval
[2021-03-17 05:56:24,031] multiqc                                            [DEBUG  ]  No samples found: clipandmerge
[2021-03-17 05:56:24,036] multiqc                                            [DEBUG  ]  No samples found: cutadapt
[2021-03-17 05:56:24,042] multiqc                                            [DEBUG  ]  No samples found: flexbar
[2021-03-17 05:56:24,047] multiqc                                            [DEBUG  ]  No samples found: trimmomatic
[2021-03-17 05:56:24,053] multiqc                                            [DEBUG  ]  No samples found: skewer
[2021-03-17 05:56:24,059] multiqc                                            [DEBUG  ]  No samples found: sortmerna
[2021-03-17 05:56:24,064] multiqc                                            [DEBUG  ]  No samples found: biobloomtools
[2021-03-17 05:56:24,070] multiqc                                            [DEBUG  ]  No samples found: fastq_screen
[2021-03-17 05:56:24,076] multiqc                                            [DEBUG  ]  No samples found: afterqc
[2021-03-17 05:56:24,081] multiqc                                            [DEBUG  ]  No samples found: fastp
[2021-03-17 05:56:24,087] multiqc                                            [DEBUG  ]  No samples found: minionqc
[2021-03-17 05:56:24,093] multiqc                                            [DEBUG  ]  No samples found: mosdepth
[2021-03-17 05:56:24,099] multiqc                                            [DEBUG  ]  No samples found: clusterflow
[2021-03-17 05:56:24,106] multiqc                                            [DEBUG  ]  No samples found: bcl2fastq
[2021-03-17 05:56:24,112] multiqc                                            [DEBUG  ]  No samples found: interop
[2021-03-17 05:56:24,118] multiqc                                            [DEBUG  ]  No samples found: flash
[2021-03-17 05:56:24,123] multiqc                                            [DEBUG  ]  No samples found: seqyclean
[2021-03-17 05:56:24,123] multiqc                                            [DEBUG  ]  Reordering sections: anchor 'nf-core-sarek-summary' not found.
[2021-03-17 05:56:24,123] multiqc                                            [DEBUG  ]  Reordering sections: anchor 'software_versions' not found for module 'FastQC'.
[2021-03-17 05:56:24,123] multiqc                                            [DEBUG  ]  Reordering sections: anchor 'nf-core-sarek-summary' not found for module 'FastQC'.
[2021-03-17 05:56:24,123] multiqc                                            [DEBUG  ]  Reordering sections: anchor 'software_versions' not found for module 'Picard'.
[2021-03-17 05:56:24,124] multiqc                                            [DEBUG  ]  Reordering sections: anchor 'nf-core-sarek-summary' not found for module 'Picard'.
[2021-03-17 05:56:24,124] multiqc                                            [DEBUG  ]  Reordering sections: anchor 'software_versions' not found for module 'GATK'.
[2021-03-17 05:56:24,124] multiqc                                            [DEBUG  ]  Reordering sections: anchor 'nf-core-sarek-summary' not found for module 'GATK'.
[2021-03-17 05:56:24,124] multiqc                                            [DEBUG  ]  Reordering sections: anchor 'software_versions' not found for module 'Samtools'.
[2021-03-17 05:56:24,124] multiqc                                            [DEBUG  ]  Reordering sections: anchor 'nf-core-sarek-summary' not found for module 'Samtools'.
[2021-03-17 05:56:24,124] multiqc                                            [DEBUG  ]  Reordering sections: anchor 'software_versions' not found for module 'QualiMap'.
[2021-03-17 05:56:24,124] multiqc                                            [DEBUG  ]  Reordering sections: anchor 'nf-core-sarek-summary' not found for module 'QualiMap'.
[2021-03-17 05:56:24,124] multiqc                                            [DEBUG  ]  Reordering sections: anchor 'software_versions' not found for module 'nf-core/sarek Workflow Summary'.
[2021-03-17 05:56:24,125] multiqc                                            [DEBUG  ]  Reordering sections: anchor 'nf-core-sarek-summary' not found for module 'nf-core/sarek Workflow Summary'.
[2021-03-17 05:56:24,125] multiqc                                            [DEBUG  ]  Reordering sections: anchor 'software_versions' not found for module 'nf-core/sarek software versions'.
[2021-03-17 05:56:24,125] multiqc                                            [DEBUG  ]  Reordering sections: anchor 'nf-core-sarek-summary' not found for module 'nf-core/sarek software versions'.
[2021-03-17 05:56:24,215] multiqc                                            [INFO   ]  Compressing plot data
[2021-03-17 05:56:25,184] multiqc                                            [INFO   ]  Report      : multiqc_report.html
[2021-03-17 05:56:25,185] multiqc                                            [INFO   ]  Data        : multiqc_data
[2021-03-17 05:56:25,186] multiqc                                            [DEBUG  ]  Moving data file from '/tmp/tmpzNA2wl/multiqc_data/multiqc_sources.txt' to '/Users/nirvaanreddy/Desktop/CURVE/work/09/38e69d2633fe22a464786d33ad7ea8/multiqc_data'
[2021-03-17 05:56:25,193] multiqc                                            [DEBUG  ]  Moving data file from '/tmp/tmpzNA2wl/multiqc_data/mqc_qualimap_gc_content_1.txt' to '/Users/nirvaanreddy/Desktop/CURVE/work/09/38e69d2633fe22a464786d33ad7ea8/multiqc_data'
[2021-03-17 05:56:25,200] multiqc                                            [DEBUG  ]  Moving data file from '/tmp/tmpzNA2wl/multiqc_data/mqc_samtools_alignment_plot_1.txt' to '/Users/nirvaanreddy/Desktop/CURVE/work/09/38e69d2633fe22a464786d33ad7ea8/multiqc_data'
[2021-03-17 05:56:25,206] multiqc                                            [DEBUG  ]  Moving data file from '/tmp/tmpzNA2wl/multiqc_data/multiqc_fastqc.txt' to '/Users/nirvaanreddy/Desktop/CURVE/work/09/38e69d2633fe22a464786d33ad7ea8/multiqc_data'
[2021-03-17 05:56:25,211] multiqc                                            [DEBUG  ]  Moving data file from '/tmp/tmpzNA2wl/multiqc_data/mqc_fastqc_per_sequence_quality_scores_plot_1.txt' to '/Users/nirvaanreddy/Desktop/CURVE/work/09/38e69d2633fe22a464786d33ad7ea8/multiqc_data'
[2021-03-17 05:56:25,218] multiqc                                            [DEBUG  ]  Moving data file from '/tmp/tmpzNA2wl/multiqc_data/multiqc_general_stats.txt' to '/Users/nirvaanreddy/Desktop/CURVE/work/09/38e69d2633fe22a464786d33ad7ea8/multiqc_data'
[2021-03-17 05:56:25,224] multiqc                                            [DEBUG  ]  Moving data file from '/tmp/tmpzNA2wl/multiqc_data/mqc_fastqc_sequence_duplication_levels_plot_1.txt' to '/Users/nirvaanreddy/Desktop/CURVE/work/09/38e69d2633fe22a464786d33ad7ea8/multiqc_data'
[2021-03-17 05:56:25,230] multiqc                                            [DEBUG  ]  Moving data file from '/tmp/tmpzNA2wl/multiqc_data/mqc_picard_deduplication_1.txt' to '/Users/nirvaanreddy/Desktop/CURVE/work/09/38e69d2633fe22a464786d33ad7ea8/multiqc_data'
[2021-03-17 05:56:25,235] multiqc                                            [DEBUG  ]  Moving data file from '/tmp/tmpzNA2wl/multiqc_data/mqc_gatk-base-recalibrator-quality-scores-plot_Pre-recalibration_Count.txt' to '/Users/nirvaanreddy/Desktop/CURVE/work/09/38e69d2633fe22a464786d33ad7ea8/multiqc_data'
[2021-03-17 05:56:25,241] multiqc                                            [DEBUG  ]  Moving data file from '/tmp/tmpzNA2wl/multiqc_data/mqc_fastqc_sequence_counts_plot_1.txt' to '/Users/nirvaanreddy/Desktop/CURVE/work/09/38e69d2633fe22a464786d33ad7ea8/multiqc_data'
[2021-03-17 05:56:25,246] multiqc                                            [DEBUG  ]  Moving data file from '/tmp/tmpzNA2wl/multiqc_data/mqc_qualimap_genome_fraction_1.txt' to '/Users/nirvaanreddy/Desktop/CURVE/work/09/38e69d2633fe22a464786d33ad7ea8/multiqc_data'
[2021-03-17 05:56:25,252] multiqc                                            [DEBUG  ]  Moving data file from '/tmp/tmpzNA2wl/multiqc_data/mqc_fastqc_per_sequence_gc_content_plot_Counts.txt' to '/Users/nirvaanreddy/Desktop/CURVE/work/09/38e69d2633fe22a464786d33ad7ea8/multiqc_data'
[2021-03-17 05:56:25,259] multiqc                                            [DEBUG  ]  Moving data file from '/tmp/tmpzNA2wl/multiqc_data/mqc_fastqc_per_base_sequence_quality_plot_1.txt' to '/Users/nirvaanreddy/Desktop/CURVE/work/09/38e69d2633fe22a464786d33ad7ea8/multiqc_data'
[2021-03-17 05:56:25,265] multiqc                                            [DEBUG  ]  Moving data file from '/tmp/tmpzNA2wl/multiqc_data/mqc_fastqc_per_base_n_content_plot_1.txt' to '/Users/nirvaanreddy/Desktop/CURVE/work/09/38e69d2633fe22a464786d33ad7ea8/multiqc_data'
[2021-03-17 05:56:25,270] multiqc                                            [DEBUG  ]  Moving data file from '/tmp/tmpzNA2wl/multiqc_data/mqc_fastqc_per_sequence_gc_content_plot_Percentages.txt' to '/Users/nirvaanreddy/Desktop/CURVE/work/09/38e69d2633fe22a464786d33ad7ea8/multiqc_data'
[2021-03-17 05:56:25,277] multiqc                                            [DEBUG  ]  Moving data file from '/tmp/tmpzNA2wl/multiqc_data/multiqc_qualimap_bamqc_genome_results.txt' to '/Users/nirvaanreddy/Desktop/CURVE/work/09/38e69d2633fe22a464786d33ad7ea8/multiqc_data'
[2021-03-17 05:56:25,281] multiqc                                            [DEBUG  ]  Moving data file from '/tmp/tmpzNA2wl/multiqc_data/mqc_qualimap_coverage_histogram_1.txt' to '/Users/nirvaanreddy/Desktop/CURVE/work/09/38e69d2633fe22a464786d33ad7ea8/multiqc_data'
[2021-03-17 05:56:25,286] multiqc                                            [DEBUG  ]  Moving data file from '/tmp/tmpzNA2wl/multiqc_data/mqc_fastqc_adapter_content_plot_1.txt' to '/Users/nirvaanreddy/Desktop/CURVE/work/09/38e69d2633fe22a464786d33ad7ea8/multiqc_data'
[2021-03-17 05:56:25,293] multiqc                                            [DEBUG  ]  Moving data file from '/tmp/tmpzNA2wl/multiqc_data/mqc_fastqc_overrepresented_sequencesi_plot_1.txt' to '/Users/nirvaanreddy/Desktop/CURVE/work/09/38e69d2633fe22a464786d33ad7ea8/multiqc_data'
[2021-03-17 05:56:25,298] multiqc                                            [DEBUG  ]  Moving data file from '/tmp/tmpzNA2wl/multiqc_data/multiqc_samtools_stats.txt' to '/Users/nirvaanreddy/Desktop/CURVE/work/09/38e69d2633fe22a464786d33ad7ea8/multiqc_data'
[2021-03-17 05:56:25,303] multiqc                                            [DEBUG  ]  Moving data file from '/tmp/tmpzNA2wl/multiqc_data/mqc_qualimap_insert_size_1.txt' to '/Users/nirvaanreddy/Desktop/CURVE/work/09/38e69d2633fe22a464786d33ad7ea8/multiqc_data'
[2021-03-17 05:56:25,310] multiqc                                            [DEBUG  ]  Moving data file from '/tmp/tmpzNA2wl/multiqc_data/multiqc_picard_dups.txt' to '/Users/nirvaanreddy/Desktop/CURVE/work/09/38e69d2633fe22a464786d33ad7ea8/multiqc_data'
[2021-03-17 05:56:25,315] multiqc                                            [DEBUG  ]  Moving data file from '/tmp/tmpzNA2wl/multiqc_data/mqc_gatk-base-recalibrator-quality-scores-plot_Pre-recalibration_Percent.txt' to '/Users/nirvaanreddy/Desktop/CURVE/work/09/38e69d2633fe22a464786d33ad7ea8/multiqc_data'
[2021-03-17 05:56:25,320] multiqc                                            [DEBUG  ]  Moving data file from '/tmp/tmpzNA2wl/multiqc_data/multiqc_data.json' to '/Users/nirvaanreddy/Desktop/CURVE/work/09/38e69d2633fe22a464786d33ad7ea8/multiqc_data'
[2021-03-17 05:56:25,400] multiqc                                            [INFO   ]  Plots       : multiqc_plots
[2021-03-17 05:56:25,400] multiqc                                            [DEBUG  ]  Moving plots directory from '/tmp/tmpzNA2wl/multiqc_plots/pdf' to '/Users/nirvaanreddy/Desktop/CURVE/work/09/38e69d2633fe22a464786d33ad7ea8/multiqc_plots'
[2021-03-17 05:56:25,599] multiqc                                            [DEBUG  ]  Moving plots directory from '/tmp/tmpzNA2wl/multiqc_plots/svg' to '/Users/nirvaanreddy/Desktop/CURVE/work/09/38e69d2633fe22a464786d33ad7ea8/multiqc_plots'
[2021-03-17 05:56:25,794] multiqc                                            [DEBUG  ]  Moving plots directory from '/tmp/tmpzNA2wl/multiqc_plots/png' to '/Users/nirvaanreddy/Desktop/CURVE/work/09/38e69d2633fe22a464786d33ad7ea8/multiqc_plots'
[2021-03-17 05:56:26,267] multiqc                                            [INFO   ]  MultiQC complete
