Using GATK jar /opt/conda/envs/nf-core-sarek-2.7/share/gatk4-4.1.7.0-0/gatk-package-4.1.7.0-local.jar
Running:
    java -Dsamjdk.use_async_io_read_samtools=false -Dsamjdk.use_async_io_write_samtools=true -Dsamjdk.use_async_io_write_tribble=false -Dsamjdk.compression_level=2 -Xmx6g -jar /opt/conda/envs/nf-core-sarek-2.7/share/gatk4-4.1.7.0-0/gatk-package-4.1.7.0-local.jar BaseRecalibrator -I 9876T.md.bam -O 8_1-1276_9876T.recal.table --tmp-dir . -R human_g1k_v37_decoy.small.fasta -L 8_1-1276.bed --known-sites dbsnp_138.b37.small.vcf.gz --known-sites Mills_1000G_gold_standard_and_1000G_phase1.indels.b37.small.vcf.gz --verbosity INFO
05:44:11.923 INFO  NativeLibraryLoader - Loading libgkl_compression.so from jar:file:/opt/conda/envs/nf-core-sarek-2.7/share/gatk4-4.1.7.0-0/gatk-package-4.1.7.0-local.jar!/com/intel/gkl/native/libgkl_compression.so
Mar 17, 2021 5:44:12 AM shaded.cloud_nio.com.google.auth.oauth2.ComputeEngineCredentials runningOnComputeEngine
INFO: Failed to detect whether we are running on Google Compute Engine.
05:44:12.391 INFO  BaseRecalibrator - ------------------------------------------------------------
05:44:12.392 INFO  BaseRecalibrator - The Genome Analysis Toolkit (GATK) v4.1.7.0
05:44:12.392 INFO  BaseRecalibrator - For support and documentation go to https://software.broadinstitute.org/gatk/
05:44:12.393 INFO  BaseRecalibrator - Executing as root@3eda69b84516 on Linux v4.19.76-linuxkit amd64
05:44:12.393 INFO  BaseRecalibrator - Java runtime: OpenJDK 64-Bit Server VM v1.8.0_265-b11
05:44:12.393 INFO  BaseRecalibrator - Start Date/Time: March 17, 2021 5:44:11 AM UTC
05:44:12.393 INFO  BaseRecalibrator - ------------------------------------------------------------
05:44:12.394 INFO  BaseRecalibrator - ------------------------------------------------------------
05:44:12.394 INFO  BaseRecalibrator - HTSJDK Version: 2.21.2
05:44:12.395 INFO  BaseRecalibrator - Picard Version: 2.21.9
05:44:12.395 INFO  BaseRecalibrator - HTSJDK Defaults.COMPRESSION_LEVEL : 2
05:44:12.395 INFO  BaseRecalibrator - HTSJDK Defaults.USE_ASYNC_IO_READ_FOR_SAMTOOLS : false
05:44:12.395 INFO  BaseRecalibrator - HTSJDK Defaults.USE_ASYNC_IO_WRITE_FOR_SAMTOOLS : true
05:44:12.395 INFO  BaseRecalibrator - HTSJDK Defaults.USE_ASYNC_IO_WRITE_FOR_TRIBBLE : false
05:44:12.395 INFO  BaseRecalibrator - Deflater: IntelDeflater
05:44:12.396 INFO  BaseRecalibrator - Inflater: IntelInflater
05:44:12.396 INFO  BaseRecalibrator - GCS max retries/reopens: 20
05:44:12.396 INFO  BaseRecalibrator - Requester pays: disabled
05:44:12.396 INFO  BaseRecalibrator - Initializing engine
05:44:13.012 INFO  FeatureManager - Using codec VCFCodec to read file file:///Users/nirvaanreddy/Desktop/CURVE/work/7a/00bbbffa920a6e75a8da2375de841e/dbsnp_138.b37.small.vcf.gz
05:44:13.143 INFO  FeatureManager - Using codec VCFCodec to read file file:///Users/nirvaanreddy/Desktop/CURVE/work/7a/00bbbffa920a6e75a8da2375de841e/Mills_1000G_gold_standard_and_1000G_phase1.indels.b37.small.vcf.gz
05:44:13.285 INFO  FeatureManager - Using codec BEDCodec to read file file:///Users/nirvaanreddy/Desktop/CURVE/work/7a/00bbbffa920a6e75a8da2375de841e/8_1-1276.bed
05:44:13.303 INFO  IntervalArgumentCollection - Processing 1276 bp from intervals
05:44:13.317 INFO  BaseRecalibrator - Done initializing engine
05:44:13.325 INFO  BaseRecalibrationEngine - The covariates being used here: 
05:44:13.325 INFO  BaseRecalibrationEngine - 	ReadGroupCovariate
05:44:13.326 INFO  BaseRecalibrationEngine - 	QualityScoreCovariate
05:44:13.326 INFO  BaseRecalibrationEngine - 	ContextCovariate
05:44:13.326 INFO  BaseRecalibrationEngine - 	CycleCovariate
05:44:13.372 INFO  ProgressMeter - Starting traversal
05:44:13.372 INFO  ProgressMeter -        Current Locus  Elapsed Minutes       Reads Processed     Reads/Minute
05:44:13.934 INFO  BaseRecalibrator - 127 read(s) filtered by: MappingQualityNotZeroReadFilter 
0 read(s) filtered by: MappingQualityAvailableReadFilter 
0 read(s) filtered by: MappedReadFilter 
26 read(s) filtered by: NotSecondaryAlignmentReadFilter 
629 read(s) filtered by: NotDuplicateReadFilter 
0 read(s) filtered by: PassesVendorQualityCheckReadFilter 
0 read(s) filtered by: WellformedReadFilter 
782 total reads filtered
05:44:13.934 INFO  ProgressMeter -                8:891              0.0                  4809         514331.6
05:44:13.935 INFO  ProgressMeter - Traversal complete. Processed 4809 total reads in 0.0 minutes.
05:44:14.202 INFO  BaseRecalibrator - Calculating quantized quality scores...
05:44:14.224 INFO  BaseRecalibrator - Writing recalibration report...
05:46:17.922 INFO  BaseRecalibrator - ...done!
05:46:17.923 INFO  BaseRecalibrator - BaseRecalibrator was able to recalibrate 4809 reads
05:46:17.923 INFO  BaseRecalibrator - Shutting down engine
[March 17, 2021 5:46:17 AM UTC] org.broadinstitute.hellbender.tools.walkers.bqsr.BaseRecalibrator done. Elapsed time: 2.10 minutes.
Runtime.totalMemory()=320339968
Tool returned:
SUCCESS
