[2021-03-28 08:01:17,467] multiqc                                            [DEBUG  ]  No MultiQC config found: /opt/conda/envs/nf-core-ampliseq-1.2.0/lib/python3.6/site-packages/multiqc_config.yaml
[2021-03-28 08:01:17,467] multiqc                                            [DEBUG  ]  No MultiQC config found: /.multiqc_config.yaml
[2021-03-28 08:01:17,479] multiqc                                            [DEBUG  ]  Loading config settings from: multiqc_config.yaml
[2021-03-28 08:01:17,480] multiqc                                            [DEBUG  ]  New config 'report_comment': This report has been generated by the <a href="https://github.com/nf-core/ampliseq" target="_blank">nf-core/ampliseq</a> analysis pipeline. For information about how to interpret these results, please see the <a href="https://github.com/nf-core/ampliseq" target="_blank">documentation</a>.

[2021-03-28 08:01:17,480] multiqc                                            [DEBUG  ]  New config 'report_section_order': {'software_versions': {'order': -1000}, 'nf-core-ampliseq-summary': {'order': -1001}}
[2021-03-28 08:01:17,481] multiqc                                            [DEBUG  ]  Command used: /opt/conda/envs/nf-core-ampliseq-1.2.0/bin/multiqc --interactive -f .
[2021-03-28 08:01:19,027] multiqc                                            [WARNING]  MultiQC Version v1.10 now available!
[2021-03-28 08:01:19,027] multiqc                                            [INFO   ]  This is MultiQC v1.9
[2021-03-28 08:01:19,030] multiqc                                            [DEBUG  ]  Command     : /opt/conda/envs/nf-core-ampliseq-1.2.0/bin/multiqc --interactive -f .
[2021-03-28 08:01:19,032] multiqc                                            [DEBUG  ]  Working dir : /Users/nirvaanreddy/Desktop/CURVE/work/16/c2b3ca42e2f6cd793ee7c9360ea7c2
[2021-03-28 08:01:19,032] multiqc                                            [INFO   ]  Template    : default
[2021-03-28 08:01:19,032] multiqc                                            [DEBUG  ]  Running Python 3.6.7 | packaged by conda-forge | (default, Nov  6 2019, 16:19:42)  [GCC 7.3.0]
[2021-03-28 08:01:19,033] multiqc                                            [INFO   ]  Searching   : /Users/nirvaanreddy/Desktop/CURVE/work/16/c2b3ca42e2f6cd793ee7c9360ea7c2
[2021-03-28 08:01:19,034] multiqc                                            [DEBUG  ]  Analysing modules: custom_content, conpair, peddy, somalier, methylQA, mosdepth, phantompeakqualtools, qualimap, preseq, quast, qorts, rna_seqc, rockhopper, rsem, rseqc, busco, goleft_indexcov, disambiguate, supernova, deeptools, sargasso, verifybamid, mirtrace, happy, mirtop, homer, macs2, theta2, snpeff, gatk, htseq, bcftools, featureCounts, fgbio, dragen, dedup, damageprofiler, biobambam2, mtnucratio, picard, prokka, samblaster, samtools, sexdeterrmine, bamtools, jellyfish, vcftools, longranger, stacks, varscan2, bbmap, bismark, biscuit, hicexplorer, hicup, hicpro, salmon, kallisto, slamdunk, star, hisat2, tophat, bowtie2, bowtie1, snpsplit, kat, leehom, adapterRemoval, clipandmerge, cutadapt, flexbar, kaiju, kraken, malt, trimmomatic, sickle, skewer, sortmerna, biobloomtools, fastq_screen, afterqc, fastp, fastqc, pycoqc, minionqc, multivcfanalyzer, clusterflow, bcl2fastq, interop, ivar, flash, seqyclean
[2021-03-28 08:01:19,034] multiqc                                            [DEBUG  ]  Using temporary directory for creating report: /tmp/tmpuhgyljx6
[2021-03-28 08:01:19,827] multiqc                                            [DEBUG  ]  File ignored by hicexplorer because it exceeded search pattern filesize limit: .command.run
[2021-03-28 08:01:19,884] multiqc                                            [DEBUG  ]  File ignored by longranger/invocation because it exceeded search pattern filesize limit: .command.run
[2021-03-28 08:01:25,245] multiqc                                            [DEBUG  ]  File ignored by hicexplorer because it exceeded search pattern filesize limit: 1a_S103_L001_R1_001_fastqc.html
[2021-03-28 08:01:25,337] multiqc                                            [DEBUG  ]  File ignored by longranger/invocation because it exceeded search pattern filesize limit: 1a_S103_L001_R1_001_fastqc.html
[2021-03-28 08:01:25,338] multiqc                                            [DEBUG  ]  File ignored by rockhopper because it exceeded search pattern filesize limit: 1a_S103_L001_R1_001_fastqc.html
[2021-03-28 08:01:25,338] multiqc                                            [DEBUG  ]  File ignored by rseqc/bam_stat because it exceeded search pattern filesize limit: 1a_S103_L001_R1_001_fastqc.html
[2021-03-28 08:01:25,338] multiqc                                            [DEBUG  ]  File ignored by rseqc/junction_annotation because it exceeded search pattern filesize limit: 1a_S103_L001_R1_001_fastqc.html
[2021-03-28 08:01:25,338] multiqc                                            [DEBUG  ]  File ignored by rseqc/read_distribution because it exceeded search pattern filesize limit: 1a_S103_L001_R1_001_fastqc.html
[2021-03-28 08:01:25,338] multiqc                                            [DEBUG  ]  File ignored by rseqc/infer_experiment because it exceeded search pattern filesize limit: 1a_S103_L001_R1_001_fastqc.html
[2021-03-28 08:01:26,289] multiqc                                            [DEBUG  ]  File ignored by hicexplorer because it exceeded search pattern filesize limit: 2_S115_L001_R2_001_fastqc.html
[2021-03-28 08:01:26,364] multiqc                                            [DEBUG  ]  File ignored by longranger/invocation because it exceeded search pattern filesize limit: 2_S115_L001_R2_001_fastqc.html
[2021-03-28 08:01:26,364] multiqc                                            [DEBUG  ]  File ignored by rockhopper because it exceeded search pattern filesize limit: 2_S115_L001_R2_001_fastqc.html
[2021-03-28 08:01:26,364] multiqc                                            [DEBUG  ]  File ignored by rseqc/bam_stat because it exceeded search pattern filesize limit: 2_S115_L001_R2_001_fastqc.html
[2021-03-28 08:01:26,365] multiqc                                            [DEBUG  ]  File ignored by rseqc/junction_annotation because it exceeded search pattern filesize limit: 2_S115_L001_R2_001_fastqc.html
[2021-03-28 08:01:26,365] multiqc                                            [DEBUG  ]  File ignored by rseqc/read_distribution because it exceeded search pattern filesize limit: 2_S115_L001_R2_001_fastqc.html
[2021-03-28 08:01:26,365] multiqc                                            [DEBUG  ]  File ignored by rseqc/infer_experiment because it exceeded search pattern filesize limit: 2_S115_L001_R2_001_fastqc.html
[2021-03-28 08:01:27,132] multiqc                                            [DEBUG  ]  File ignored by hicexplorer because it exceeded search pattern filesize limit: 1_S103_L001_R1_001_fastqc.html
[2021-03-28 08:01:27,216] multiqc                                            [DEBUG  ]  File ignored by longranger/invocation because it exceeded search pattern filesize limit: 1_S103_L001_R1_001_fastqc.html
[2021-03-28 08:01:27,216] multiqc                                            [DEBUG  ]  File ignored by rockhopper because it exceeded search pattern filesize limit: 1_S103_L001_R1_001_fastqc.html
[2021-03-28 08:01:27,216] multiqc                                            [DEBUG  ]  File ignored by rseqc/bam_stat because it exceeded search pattern filesize limit: 1_S103_L001_R1_001_fastqc.html
[2021-03-28 08:01:27,217] multiqc                                            [DEBUG  ]  File ignored by rseqc/junction_annotation because it exceeded search pattern filesize limit: 1_S103_L001_R1_001_fastqc.html
[2021-03-28 08:01:27,217] multiqc                                            [DEBUG  ]  File ignored by rseqc/read_distribution because it exceeded search pattern filesize limit: 1_S103_L001_R1_001_fastqc.html
[2021-03-28 08:01:27,217] multiqc                                            [DEBUG  ]  File ignored by rseqc/infer_experiment because it exceeded search pattern filesize limit: 1_S103_L001_R1_001_fastqc.html
[2021-03-28 08:01:27,938] multiqc                                            [DEBUG  ]  File ignored by hicexplorer because it exceeded search pattern filesize limit: 2a_S115_L001_R1_001_fastqc.html
[2021-03-28 08:01:28,039] multiqc                                            [DEBUG  ]  File ignored by longranger/invocation because it exceeded search pattern filesize limit: 2a_S115_L001_R1_001_fastqc.html
[2021-03-28 08:01:28,039] multiqc                                            [DEBUG  ]  File ignored by rockhopper because it exceeded search pattern filesize limit: 2a_S115_L001_R1_001_fastqc.html
[2021-03-28 08:01:28,039] multiqc                                            [DEBUG  ]  File ignored by rseqc/bam_stat because it exceeded search pattern filesize limit: 2a_S115_L001_R1_001_fastqc.html
[2021-03-28 08:01:28,039] multiqc                                            [DEBUG  ]  File ignored by rseqc/junction_annotation because it exceeded search pattern filesize limit: 2a_S115_L001_R1_001_fastqc.html
[2021-03-28 08:01:28,039] multiqc                                            [DEBUG  ]  File ignored by rseqc/read_distribution because it exceeded search pattern filesize limit: 2a_S115_L001_R1_001_fastqc.html
[2021-03-28 08:01:28,039] multiqc                                            [DEBUG  ]  File ignored by rseqc/infer_experiment because it exceeded search pattern filesize limit: 2a_S115_L001_R1_001_fastqc.html
[2021-03-28 08:01:28,751] multiqc                                            [DEBUG  ]  File ignored by hicexplorer because it exceeded search pattern filesize limit: 1a_S103_L001_R2_001_fastqc.html
[2021-03-28 08:01:28,839] multiqc                                            [DEBUG  ]  File ignored by longranger/invocation because it exceeded search pattern filesize limit: 1a_S103_L001_R2_001_fastqc.html
[2021-03-28 08:01:28,839] multiqc                                            [DEBUG  ]  File ignored by rockhopper because it exceeded search pattern filesize limit: 1a_S103_L001_R2_001_fastqc.html
[2021-03-28 08:01:28,839] multiqc                                            [DEBUG  ]  File ignored by rseqc/bam_stat because it exceeded search pattern filesize limit: 1a_S103_L001_R2_001_fastqc.html
[2021-03-28 08:01:28,839] multiqc                                            [DEBUG  ]  File ignored by rseqc/junction_annotation because it exceeded search pattern filesize limit: 1a_S103_L001_R2_001_fastqc.html
[2021-03-28 08:01:28,839] multiqc                                            [DEBUG  ]  File ignored by rseqc/read_distribution because it exceeded search pattern filesize limit: 1a_S103_L001_R2_001_fastqc.html
[2021-03-28 08:01:28,840] multiqc                                            [DEBUG  ]  File ignored by rseqc/infer_experiment because it exceeded search pattern filesize limit: 1a_S103_L001_R2_001_fastqc.html
[2021-03-28 08:01:29,790] multiqc                                            [DEBUG  ]  File ignored by hicexplorer because it exceeded search pattern filesize limit: 2a_S115_L001_R2_001_fastqc.html
[2021-03-28 08:01:29,854] multiqc                                            [DEBUG  ]  File ignored by longranger/invocation because it exceeded search pattern filesize limit: 2a_S115_L001_R2_001_fastqc.html
[2021-03-28 08:01:29,854] multiqc                                            [DEBUG  ]  File ignored by rockhopper because it exceeded search pattern filesize limit: 2a_S115_L001_R2_001_fastqc.html
[2021-03-28 08:01:29,854] multiqc                                            [DEBUG  ]  File ignored by rseqc/bam_stat because it exceeded search pattern filesize limit: 2a_S115_L001_R2_001_fastqc.html
[2021-03-28 08:01:29,854] multiqc                                            [DEBUG  ]  File ignored by rseqc/junction_annotation because it exceeded search pattern filesize limit: 2a_S115_L001_R2_001_fastqc.html
[2021-03-28 08:01:29,854] multiqc                                            [DEBUG  ]  File ignored by rseqc/read_distribution because it exceeded search pattern filesize limit: 2a_S115_L001_R2_001_fastqc.html
[2021-03-28 08:01:29,854] multiqc                                            [DEBUG  ]  File ignored by rseqc/infer_experiment because it exceeded search pattern filesize limit: 2a_S115_L001_R2_001_fastqc.html
[2021-03-28 08:01:30,503] multiqc                                            [DEBUG  ]  File ignored by hicexplorer because it exceeded search pattern filesize limit: 2_S115_L001_R1_001_fastqc.html
[2021-03-28 08:01:30,595] multiqc                                            [DEBUG  ]  File ignored by longranger/invocation because it exceeded search pattern filesize limit: 2_S115_L001_R1_001_fastqc.html
[2021-03-28 08:01:30,595] multiqc                                            [DEBUG  ]  File ignored by rockhopper because it exceeded search pattern filesize limit: 2_S115_L001_R1_001_fastqc.html
[2021-03-28 08:01:30,595] multiqc                                            [DEBUG  ]  File ignored by rseqc/bam_stat because it exceeded search pattern filesize limit: 2_S115_L001_R1_001_fastqc.html
[2021-03-28 08:01:30,595] multiqc                                            [DEBUG  ]  File ignored by rseqc/junction_annotation because it exceeded search pattern filesize limit: 2_S115_L001_R1_001_fastqc.html
[2021-03-28 08:01:30,595] multiqc                                            [DEBUG  ]  File ignored by rseqc/read_distribution because it exceeded search pattern filesize limit: 2_S115_L001_R1_001_fastqc.html
[2021-03-28 08:01:30,595] multiqc                                            [DEBUG  ]  File ignored by rseqc/infer_experiment because it exceeded search pattern filesize limit: 2_S115_L001_R1_001_fastqc.html
[2021-03-28 08:01:31,272] multiqc                                            [DEBUG  ]  File ignored by hicexplorer because it exceeded search pattern filesize limit: 1_S103_L001_R2_001_fastqc.html
[2021-03-28 08:01:31,369] multiqc                                            [DEBUG  ]  File ignored by longranger/invocation because it exceeded search pattern filesize limit: 1_S103_L001_R2_001_fastqc.html
[2021-03-28 08:01:31,369] multiqc                                            [DEBUG  ]  File ignored by rockhopper because it exceeded search pattern filesize limit: 1_S103_L001_R2_001_fastqc.html
[2021-03-28 08:01:31,369] multiqc                                            [DEBUG  ]  File ignored by rseqc/bam_stat because it exceeded search pattern filesize limit: 1_S103_L001_R2_001_fastqc.html
[2021-03-28 08:01:31,369] multiqc                                            [DEBUG  ]  File ignored by rseqc/junction_annotation because it exceeded search pattern filesize limit: 1_S103_L001_R2_001_fastqc.html
[2021-03-28 08:01:31,369] multiqc                                            [DEBUG  ]  File ignored by rseqc/read_distribution because it exceeded search pattern filesize limit: 1_S103_L001_R2_001_fastqc.html
[2021-03-28 08:01:31,369] multiqc                                            [DEBUG  ]  File ignored by rseqc/infer_experiment because it exceeded search pattern filesize limit: 1_S103_L001_R2_001_fastqc.html
[2021-03-28 08:01:32,919] multiqc.plots.bargraph                             [DEBUG  ]  Using matplotlib version 3.1.0
[2021-03-28 08:01:32,921] multiqc.plots.linegraph                            [DEBUG  ]  Using matplotlib version 3.1.0
[2021-03-28 08:01:32,945] multiqc.modules.custom_content.custom_content      [INFO   ]  nf-core-ampliseq-summary: Found 1 sample (html)
[2021-03-28 08:01:32,946] multiqc.modules.custom_content.custom_content      [INFO   ]  software_versions: Found 1 sample (html)
[2021-03-28 08:01:32,951] multiqc                                            [DEBUG  ]  No samples found: conpair
[2021-03-28 08:01:32,958] multiqc                                            [DEBUG  ]  No samples found: peddy
[2021-03-28 08:01:32,963] multiqc                                            [DEBUG  ]  No samples found: somalier
[2021-03-28 08:01:32,969] multiqc                                            [DEBUG  ]  No samples found: methylQA
[2021-03-28 08:01:32,977] multiqc                                            [DEBUG  ]  No samples found: mosdepth
[2021-03-28 08:01:32,982] multiqc                                            [DEBUG  ]  No samples found: phantompeakqualtools
[2021-03-28 08:01:32,987] multiqc                                            [DEBUG  ]  No samples found: qualimap
[2021-03-28 08:01:32,992] multiqc                                            [DEBUG  ]  No samples found: preseq
[2021-03-28 08:01:32,998] multiqc                                            [DEBUG  ]  No samples found: quast
[2021-03-28 08:01:33,004] multiqc                                            [DEBUG  ]  No samples found: qorts
[2021-03-28 08:01:33,011] multiqc                                            [DEBUG  ]  No samples found: rna_seqc
[2021-03-28 08:01:33,017] multiqc                                            [DEBUG  ]  No samples found: rockhopper
[2021-03-28 08:01:33,022] multiqc                                            [DEBUG  ]  No samples found: rsem
[2021-03-28 08:01:33,034] multiqc                                            [DEBUG  ]  No samples found: rseqc
[2021-03-28 08:01:33,039] multiqc                                            [DEBUG  ]  No samples found: busco
[2021-03-28 08:01:33,046] multiqc                                            [DEBUG  ]  No samples found: goleft_indexcov
[2021-03-28 08:01:33,052] multiqc                                            [DEBUG  ]  No samples found: disambiguate
[2021-03-28 08:01:33,057] multiqc                                            [DEBUG  ]  No samples found: supernova
[2021-03-28 08:01:33,068] multiqc                                            [DEBUG  ]  No samples found: deeptools
[2021-03-28 08:01:33,073] multiqc                                            [DEBUG  ]  No samples found: sargasso
[2021-03-28 08:01:33,079] multiqc                                            [DEBUG  ]  No samples found: verifybamid
[2021-03-28 08:01:33,084] multiqc                                            [DEBUG  ]  No samples found: mirtrace
[2021-03-28 08:01:33,090] multiqc                                            [DEBUG  ]  No samples found: happy
[2021-03-28 08:01:33,095] multiqc                                            [DEBUG  ]  No samples found: mirtop
[2021-03-28 08:01:33,104] multiqc                                            [DEBUG  ]  No samples found: homer
[2021-03-28 08:01:33,109] multiqc                                            [DEBUG  ]  No samples found: macs2
[2021-03-28 08:01:33,115] multiqc                                            [DEBUG  ]  No samples found: theta2
[2021-03-28 08:01:33,121] multiqc                                            [DEBUG  ]  No samples found: snpeff
[2021-03-28 08:01:33,129] multiqc                                            [DEBUG  ]  No samples found: gatk
[2021-03-28 08:01:33,134] multiqc                                            [DEBUG  ]  No samples found: htseq
[2021-03-28 08:01:33,141] multiqc                                            [DEBUG  ]  No samples found: bcftools
[2021-03-28 08:01:33,148] multiqc                                            [DEBUG  ]  No samples found: featureCounts
[2021-03-28 08:01:33,154] multiqc                                            [DEBUG  ]  No samples found: fgbio
[2021-03-28 08:01:33,166] multiqc                                            [DEBUG  ]  No samples found: dragen
[2021-03-28 08:01:33,171] multiqc                                            [DEBUG  ]  No samples found: dedup
[2021-03-28 08:01:33,177] multiqc                                            [DEBUG  ]  No samples found: damageprofiler
[2021-03-28 08:01:33,193] multiqc                                            [DEBUG  ]  No samples found: biobambam2
[2021-03-28 08:01:33,198] multiqc                                            [DEBUG  ]  No samples found: mtnucratio
[2021-03-28 08:01:33,201] multiqc                                            [DEBUG  ]  No samples found: picard
[2021-03-28 08:01:33,206] multiqc                                            [DEBUG  ]  No samples found: prokka
[2021-03-28 08:01:33,212] multiqc                                            [DEBUG  ]  No samples found: samblaster
[2021-03-28 08:01:33,219] multiqc                                            [DEBUG  ]  No samples found: samtools
[2021-03-28 08:01:33,224] multiqc                                            [DEBUG  ]  No samples found: sexdeterrmine
[2021-03-28 08:01:33,230] multiqc                                            [DEBUG  ]  No samples found: bamtools
[2021-03-28 08:01:33,235] multiqc                                            [DEBUG  ]  No samples found: jellyfish
[2021-03-28 08:01:33,242] multiqc                                            [DEBUG  ]  No samples found: vcftools
[2021-03-28 08:01:33,248] multiqc                                            [DEBUG  ]  No samples found: longranger
[2021-03-28 08:01:33,254] multiqc                                            [DEBUG  ]  No samples found: stacks
[2021-03-28 08:01:33,259] multiqc                                            [DEBUG  ]  No samples found: varscan2
[2021-03-28 08:01:33,270] multiqc                                            [DEBUG  ]  No samples found: bbmap
[2021-03-28 08:01:33,276] multiqc                                            [DEBUG  ]  No samples found: bismark
[2021-03-28 08:01:33,282] multiqc                                            [DEBUG  ]  No samples found: biscuit
[2021-03-28 08:01:33,287] multiqc                                            [DEBUG  ]  No samples found: hicexplorer
[2021-03-28 08:01:33,292] multiqc                                            [DEBUG  ]  No samples found: hicup
[2021-03-28 08:01:33,298] multiqc                                            [DEBUG  ]  No samples found: hicpro
[2021-03-28 08:01:33,303] multiqc                                            [DEBUG  ]  No samples found: salmon
[2021-03-28 08:01:33,309] multiqc                                            [DEBUG  ]  No samples found: kallisto
[2021-03-28 08:01:33,316] multiqc                                            [DEBUG  ]  No samples found: slamdunk
[2021-03-28 08:01:33,321] multiqc                                            [DEBUG  ]  No samples found: star
[2021-03-28 08:01:33,325] multiqc                                            [DEBUG  ]  No samples found: hisat2
[2021-03-28 08:01:33,331] multiqc                                            [DEBUG  ]  No samples found: tophat
[2021-03-28 08:01:33,337] multiqc                                            [DEBUG  ]  No samples found: bowtie2
[2021-03-28 08:01:33,342] multiqc                                            [DEBUG  ]  No samples found: bowtie1
[2021-03-28 08:01:33,348] multiqc                                            [DEBUG  ]  No samples found: snpsplit
[2021-03-28 08:01:33,353] multiqc                                            [DEBUG  ]  No samples found: kat
[2021-03-28 08:01:33,358] multiqc                                            [DEBUG  ]  No samples found: leehom
[2021-03-28 08:01:33,363] multiqc                                            [DEBUG  ]  No samples found: adapterRemoval
[2021-03-28 08:01:33,369] multiqc                                            [DEBUG  ]  No samples found: clipandmerge
[2021-03-28 08:01:33,420] multiqc.modules.cutadapt.cutadapt                  [INFO   ]  Found 4 reports
[2021-03-28 08:01:33,441] multiqc                                            [DEBUG  ]  No samples found: flexbar
[2021-03-28 08:01:33,446] multiqc                                            [DEBUG  ]  No samples found: kaiju
[2021-03-28 08:01:33,452] multiqc                                            [DEBUG  ]  No samples found: kraken
[2021-03-28 08:01:33,457] multiqc                                            [DEBUG  ]  No samples found: malt
[2021-03-28 08:01:33,462] multiqc                                            [DEBUG  ]  No samples found: trimmomatic
[2021-03-28 08:01:33,467] multiqc                                            [DEBUG  ]  No samples found: sickle
[2021-03-28 08:01:33,472] multiqc                                            [DEBUG  ]  No samples found: skewer
[2021-03-28 08:01:33,477] multiqc                                            [DEBUG  ]  No samples found: sortmerna
[2021-03-28 08:01:33,482] multiqc                                            [DEBUG  ]  No samples found: biobloomtools
[2021-03-28 08:01:33,488] multiqc                                            [DEBUG  ]  No samples found: fastq_screen
[2021-03-28 08:01:33,493] multiqc                                            [DEBUG  ]  No samples found: afterqc
[2021-03-28 08:01:33,499] multiqc                                            [DEBUG  ]  No samples found: fastp
[2021-03-28 08:01:33,647] multiqc.modules.fastqc.fastqc                      [INFO   ]  Found 8 reports
[2021-03-28 08:01:33,870] multiqc                                            [DEBUG  ]  No samples found: pycoqc
[2021-03-28 08:01:33,875] multiqc                                            [DEBUG  ]  No samples found: minionqc
[2021-03-28 08:01:33,881] multiqc                                            [DEBUG  ]  No samples found: multivcfanalyzer
[2021-03-28 08:01:33,887] multiqc                                            [DEBUG  ]  No samples found: clusterflow
[2021-03-28 08:01:33,892] multiqc                                            [DEBUG  ]  No samples found: bcl2fastq
[2021-03-28 08:01:33,898] multiqc                                            [DEBUG  ]  No samples found: interop
[2021-03-28 08:01:33,903] multiqc                                            [DEBUG  ]  No samples found: ivar
[2021-03-28 08:01:33,909] multiqc                                            [DEBUG  ]  No samples found: flash
[2021-03-28 08:01:33,915] multiqc                                            [DEBUG  ]  No samples found: seqyclean
[2021-03-28 08:01:33,916] multiqc                                            [DEBUG  ]  Reordering sections: anchor 'software_versions' not found for module 'Cutadapt'.
[2021-03-28 08:01:33,916] multiqc                                            [DEBUG  ]  Reordering sections: anchor 'nf-core-ampliseq-summary' not found for module 'Cutadapt'.
[2021-03-28 08:01:33,916] multiqc                                            [DEBUG  ]  Reordering sections: anchor 'software_versions' not found for module 'FastQC'.
[2021-03-28 08:01:33,916] multiqc                                            [DEBUG  ]  Reordering sections: anchor 'nf-core-ampliseq-summary' not found for module 'FastQC'.
[2021-03-28 08:01:33,916] multiqc                                            [DEBUG  ]  Reordering sections: anchor 'software_versions' not found for module 'nf-core/ampliseq Software Versions'.
[2021-03-28 08:01:33,916] multiqc                                            [DEBUG  ]  Reordering sections: anchor 'nf-core-ampliseq-summary' not found for module 'nf-core/ampliseq Software Versions'.
[2021-03-28 08:01:33,916] multiqc                                            [DEBUG  ]  Reordering sections: anchor 'software_versions' not found for module 'nf-core/ampliseq Workflow Summary'.
[2021-03-28 08:01:33,916] multiqc                                            [DEBUG  ]  Reordering sections: anchor 'nf-core-ampliseq-summary' not found for module 'nf-core/ampliseq Workflow Summary'.
[2021-03-28 08:01:33,932] multiqc                                            [INFO   ]  Compressing plot data
[2021-03-28 08:01:34,116] multiqc                                            [INFO   ]  Report      : multiqc_report.html
[2021-03-28 08:01:34,117] multiqc                                            [INFO   ]  Data        : multiqc_data
[2021-03-28 08:01:34,117] multiqc                                            [DEBUG  ]  Moving data file from '/tmp/tmpuhgyljx6/multiqc_data' to '/Users/nirvaanreddy/Desktop/CURVE/work/16/c2b3ca42e2f6cd793ee7c9360ea7c2/multiqc_data'
[2021-03-28 08:01:34,372] multiqc                                            [INFO   ]  MultiQC complete
