Using GATK jar /opt/conda/envs/nf-core-sarek-2.7/share/gatk4-4.1.7.0-0/gatk-package-4.1.7.0-local.jar
Running:
    java -Dsamjdk.use_async_io_read_samtools=false -Dsamjdk.use_async_io_write_samtools=true -Dsamjdk.use_async_io_write_tribble=false -Dsamjdk.compression_level=2 -Xmx6g -jar /opt/conda/envs/nf-core-sarek-2.7/share/gatk4-4.1.7.0-0/gatk-package-4.1.7.0-local.jar ApplyBQSR -R human_g1k_v37_decoy.small.fasta --input 9876T.md.bam --output 3_1-200000_9876T.recal.bam -L 3_1-200000.bed --bqsr-recal-file 9876T.recal.table
05:52:32.387 INFO  NativeLibraryLoader - Loading libgkl_compression.so from jar:file:/opt/conda/envs/nf-core-sarek-2.7/share/gatk4-4.1.7.0-0/gatk-package-4.1.7.0-local.jar!/com/intel/gkl/native/libgkl_compression.so
Mar 17, 2021 5:52:32 AM shaded.cloud_nio.com.google.auth.oauth2.ComputeEngineCredentials runningOnComputeEngine
INFO: Failed to detect whether we are running on Google Compute Engine.
05:52:32.718 INFO  ApplyBQSR - ------------------------------------------------------------
05:52:32.719 INFO  ApplyBQSR - The Genome Analysis Toolkit (GATK) v4.1.7.0
05:52:32.719 INFO  ApplyBQSR - For support and documentation go to https://software.broadinstitute.org/gatk/
05:52:32.720 INFO  ApplyBQSR - Executing as root@94229ab8e8bd on Linux v4.19.76-linuxkit amd64
05:52:32.720 INFO  ApplyBQSR - Java runtime: OpenJDK 64-Bit Server VM v1.8.0_265-b11
05:52:32.721 INFO  ApplyBQSR - Start Date/Time: March 17, 2021 5:52:32 AM UTC
05:52:32.721 INFO  ApplyBQSR - ------------------------------------------------------------
05:52:32.721 INFO  ApplyBQSR - ------------------------------------------------------------
05:52:32.722 INFO  ApplyBQSR - HTSJDK Version: 2.21.2
05:52:32.722 INFO  ApplyBQSR - Picard Version: 2.21.9
05:52:32.722 INFO  ApplyBQSR - HTSJDK Defaults.COMPRESSION_LEVEL : 2
05:52:32.722 INFO  ApplyBQSR - HTSJDK Defaults.USE_ASYNC_IO_READ_FOR_SAMTOOLS : false
05:52:32.723 INFO  ApplyBQSR - HTSJDK Defaults.USE_ASYNC_IO_WRITE_FOR_SAMTOOLS : true
05:52:32.723 INFO  ApplyBQSR - HTSJDK Defaults.USE_ASYNC_IO_WRITE_FOR_TRIBBLE : false
05:52:32.723 INFO  ApplyBQSR - Deflater: IntelDeflater
05:52:32.723 INFO  ApplyBQSR - Inflater: IntelInflater
05:52:32.723 INFO  ApplyBQSR - GCS max retries/reopens: 20
05:52:32.723 INFO  ApplyBQSR - Requester pays: disabled
05:52:32.724 INFO  ApplyBQSR - Initializing engine
05:52:33.327 INFO  FeatureManager - Using codec BEDCodec to read file file:///Users/nirvaanreddy/Desktop/CURVE/work/70/fb3bec766e6c21d6ed8df8d9a8035a/3_1-200000.bed
05:52:33.349 INFO  IntervalArgumentCollection - Processing 200000 bp from intervals
05:52:33.356 INFO  ApplyBQSR - Done initializing engine
05:52:33.390 INFO  ProgressMeter - Starting traversal
05:52:33.391 INFO  ProgressMeter -        Current Locus  Elapsed Minutes       Reads Processed     Reads/Minute
05:52:34.209 INFO  ApplyBQSR - 0 read(s) filtered by: WellformedReadFilter 

05:52:34.211 INFO  ProgressMeter -             unmapped              0.0                     0              0.0
05:52:34.212 INFO  ProgressMeter - Traversal complete. Processed 0 total reads in 0.0 minutes.
05:52:34.252 INFO  ApplyBQSR - Shutting down engine
[March 17, 2021 5:52:34 AM UTC] org.broadinstitute.hellbender.tools.walkers.bqsr.ApplyBQSR done. Elapsed time: 0.03 minutes.
Runtime.totalMemory()=278396928
