[bam_sort_core] merging from 0 files and 2 in-memory blocks...
Java memory size is set to 6G
Launching application...

QualiMap v.2.2.2-dev
Built on 2019-11-11 14:05

Selected tool: bamqc
Available memory (Mb): 33
Max memory (Mb): 6442
Starting bam qc....
Loading sam header...
Loading locator...
Loading reference...
Number of windows: 400, effective number of windows: 398
Chunk of reads size: 1000
Number of threads: 2
Processed 50 out of 398 windows...
Processed 100 out of 398 windows...
Processed 150 out of 398 windows...
Processed 200 out of 398 windows...
Processed 250 out of 398 windows...
Processed 300 out of 398 windows...
Processed 350 out of 398 windows...
Total processed windows:398
Number of reads: 311
Number of valid reads: 311
Number of correct strand reads:0

Inside of regions...
Num mapped reads: 311
Num mapped first of pair: 0
Num mapped second of pair: 0
Num singletons: 0
Time taken to analyze reads: 0
Computing descriptors...
numberOfMappedBases: 10964
referenceSize: 48502
numberOfSequencedBases: 10964
numberOfAs: 2726
Computing per chromosome statistics...
Computing histograms...
Overall analysis time: 0
end of bam qc
Computing report...
Writing HTML report...
HTML report created successfully

Finished
