BAM_INPUT
TOTAL READS     = 59741
DISTINCT READS  = 302
DISTINCT COUNTS = 188
MAX COUNT       = 9319
COUNTS OF 1     = 2
MAX TERMS       = 6
OBSERVED COUNTS (9320)
1	2
2	3
3	1
4	4
5	2
6	1
9	1
10	3
11	2
12	2
14	2
15	1
18	4
19	1
21	2
23	1
24	3
25	1
26	1
29	1
30	5
31	3
32	4
33	2
34	3
35	1
37	1
38	2
39	2
40	2
41	2
42	2
46	2
48	4
49	1
50	2
51	1
52	2
53	3
54	3
56	2
57	2
58	2
59	3
60	2
61	1
62	4
64	1
65	3
66	2
67	2
68	3
69	2
70	2
71	2
72	2
73	1
74	3
75	1
76	2
80	1
81	1
83	1
85	2
86	2
87	1
88	1
89	1
90	3
91	1
93	3
95	1
96	1
97	2
98	1
99	2
100	2
103	3
104	1
105	1
106	1
107	1
108	2
109	3
110	1
112	1
114	1
115	2
116	1
118	3
119	3
121	2
123	1
124	4
125	1
126	2
129	3
131	2
132	1
138	1
143	1
145	1
148	2
152	1
153	1
154	2
156	1
157	3
159	3
160	3
162	1
163	1
169	1
172	3
175	3
176	2
177	1
180	1
182	1
185	2
188	1
189	2
190	1
196	1
198	1
199	1
202	1
203	1
204	1
206	1
207	1
211	1
213	1
215	1
217	1
223	1
228	1
229	1
231	1
233	1
234	2
239	1
252	1
256	1
263	1
265	2
266	1
269	1
274	2
279	1
280	1
284	1
287	1
291	1
294	1
296	1
300	1
301	1
303	1
308	1
313	1
331	2
332	1
337	1
341	1
353	1
354	1
355	1
362	1
388	2
397	1
402	1
459	1
461	1
468	1
518	1
559	1
571	1
574	1
577	1
593	1
622	1
654	1
677	1
681	1
752	1
8653	1
9319	1

ERROR:	Library expected to saturate in doubling of size, unable to extrapolate
