Using GATK jar /opt/conda/envs/nf-core-sarek-2.7/share/gatk4-4.1.7.0-0/gatk-package-4.1.7.0-local.jar
Running:
    java -Dsamjdk.use_async_io_read_samtools=false -Dsamjdk.use_async_io_write_samtools=true -Dsamjdk.use_async_io_write_tribble=false -Dsamjdk.compression_level=2 -Xmx6g -jar /opt/conda/envs/nf-core-sarek-2.7/share/gatk4-4.1.7.0-0/gatk-package-4.1.7.0-local.jar ApplyBQSR -R human_g1k_v37_decoy.small.fasta --input 1234N.md.bam --output 1_1-200000_1234N.recal.bam -L 1_1-200000.bed --bqsr-recal-file 1234N.recal.table
05:52:59.438 INFO  NativeLibraryLoader - Loading libgkl_compression.so from jar:file:/opt/conda/envs/nf-core-sarek-2.7/share/gatk4-4.1.7.0-0/gatk-package-4.1.7.0-local.jar!/com/intel/gkl/native/libgkl_compression.so
Mar 17, 2021 5:52:59 AM shaded.cloud_nio.com.google.auth.oauth2.ComputeEngineCredentials runningOnComputeEngine
INFO: Failed to detect whether we are running on Google Compute Engine.
05:52:59.777 INFO  ApplyBQSR - ------------------------------------------------------------
05:52:59.778 INFO  ApplyBQSR - The Genome Analysis Toolkit (GATK) v4.1.7.0
05:52:59.778 INFO  ApplyBQSR - For support and documentation go to https://software.broadinstitute.org/gatk/
05:52:59.779 INFO  ApplyBQSR - Executing as root@3c14a69e86af on Linux v4.19.76-linuxkit amd64
05:52:59.779 INFO  ApplyBQSR - Java runtime: OpenJDK 64-Bit Server VM v1.8.0_265-b11
05:52:59.779 INFO  ApplyBQSR - Start Date/Time: March 17, 2021 5:52:59 AM UTC
05:52:59.779 INFO  ApplyBQSR - ------------------------------------------------------------
05:52:59.780 INFO  ApplyBQSR - ------------------------------------------------------------
05:52:59.780 INFO  ApplyBQSR - HTSJDK Version: 2.21.2
05:52:59.781 INFO  ApplyBQSR - Picard Version: 2.21.9
05:52:59.781 INFO  ApplyBQSR - HTSJDK Defaults.COMPRESSION_LEVEL : 2
05:52:59.781 INFO  ApplyBQSR - HTSJDK Defaults.USE_ASYNC_IO_READ_FOR_SAMTOOLS : false
05:52:59.781 INFO  ApplyBQSR - HTSJDK Defaults.USE_ASYNC_IO_WRITE_FOR_SAMTOOLS : true
05:52:59.781 INFO  ApplyBQSR - HTSJDK Defaults.USE_ASYNC_IO_WRITE_FOR_TRIBBLE : false
05:52:59.782 INFO  ApplyBQSR - Deflater: IntelDeflater
05:52:59.782 INFO  ApplyBQSR - Inflater: IntelInflater
05:52:59.782 INFO  ApplyBQSR - GCS max retries/reopens: 20
05:52:59.782 INFO  ApplyBQSR - Requester pays: disabled
05:52:59.782 INFO  ApplyBQSR - Initializing engine
05:53:00.401 INFO  FeatureManager - Using codec BEDCodec to read file file:///Users/nirvaanreddy/Desktop/CURVE/work/25/d0587d41f3494dfb83980648ea1114/1_1-200000.bed
05:53:00.422 INFO  IntervalArgumentCollection - Processing 200000 bp from intervals
05:53:00.430 INFO  ApplyBQSR - Done initializing engine
05:53:00.466 INFO  ProgressMeter - Starting traversal
05:53:00.467 INFO  ProgressMeter -        Current Locus  Elapsed Minutes       Reads Processed     Reads/Minute
05:53:01.003 INFO  ApplyBQSR - 0 read(s) filtered by: WellformedReadFilter 

05:53:01.004 INFO  ProgressMeter -             unmapped              0.0                     0              0.0
05:53:01.005 INFO  ProgressMeter - Traversal complete. Processed 0 total reads in 0.0 minutes.
05:53:01.025 INFO  ApplyBQSR - Shutting down engine
[March 17, 2021 5:53:01 AM UTC] org.broadinstitute.hellbender.tools.walkers.bqsr.ApplyBQSR done. Elapsed time: 0.03 minutes.
Runtime.totalMemory()=257425408
