Using GATK jar /opt/conda/envs/nf-core-sarek-2.7/share/gatk4-4.1.7.0-0/gatk-package-4.1.7.0-local.jar
Running:
    java -Dsamjdk.use_async_io_read_samtools=false -Dsamjdk.use_async_io_write_samtools=true -Dsamjdk.use_async_io_write_tribble=false -Dsamjdk.compression_level=2 -Xmx6g -jar /opt/conda/envs/nf-core-sarek-2.7/share/gatk4-4.1.7.0-0/gatk-package-4.1.7.0-local.jar BaseRecalibrator -I 9876T.md.bam -O 2_1-200000_9876T.recal.table --tmp-dir . -R human_g1k_v37_decoy.small.fasta -L 2_1-200000.bed --known-sites dbsnp_138.b37.small.vcf.gz --known-sites Mills_1000G_gold_standard_and_1000G_phase1.indels.b37.small.vcf.gz --verbosity INFO
05:44:05.264 INFO  NativeLibraryLoader - Loading libgkl_compression.so from jar:file:/opt/conda/envs/nf-core-sarek-2.7/share/gatk4-4.1.7.0-0/gatk-package-4.1.7.0-local.jar!/com/intel/gkl/native/libgkl_compression.so
Mar 17, 2021 5:44:05 AM shaded.cloud_nio.com.google.auth.oauth2.ComputeEngineCredentials runningOnComputeEngine
INFO: Failed to detect whether we are running on Google Compute Engine.
05:44:05.721 INFO  BaseRecalibrator - ------------------------------------------------------------
05:44:05.722 INFO  BaseRecalibrator - The Genome Analysis Toolkit (GATK) v4.1.7.0
05:44:05.722 INFO  BaseRecalibrator - For support and documentation go to https://software.broadinstitute.org/gatk/
05:44:05.722 INFO  BaseRecalibrator - Executing as root@ba6969c7f31f on Linux v4.19.76-linuxkit amd64
05:44:05.723 INFO  BaseRecalibrator - Java runtime: OpenJDK 64-Bit Server VM v1.8.0_265-b11
05:44:05.723 INFO  BaseRecalibrator - Start Date/Time: March 17, 2021 5:44:05 AM UTC
05:44:05.724 INFO  BaseRecalibrator - ------------------------------------------------------------
05:44:05.724 INFO  BaseRecalibrator - ------------------------------------------------------------
05:44:05.725 INFO  BaseRecalibrator - HTSJDK Version: 2.21.2
05:44:05.725 INFO  BaseRecalibrator - Picard Version: 2.21.9
05:44:05.726 INFO  BaseRecalibrator - HTSJDK Defaults.COMPRESSION_LEVEL : 2
05:44:05.726 INFO  BaseRecalibrator - HTSJDK Defaults.USE_ASYNC_IO_READ_FOR_SAMTOOLS : false
05:44:05.726 INFO  BaseRecalibrator - HTSJDK Defaults.USE_ASYNC_IO_WRITE_FOR_SAMTOOLS : true
05:44:05.727 INFO  BaseRecalibrator - HTSJDK Defaults.USE_ASYNC_IO_WRITE_FOR_TRIBBLE : false
05:44:05.727 INFO  BaseRecalibrator - Deflater: IntelDeflater
05:44:05.728 INFO  BaseRecalibrator - Inflater: IntelInflater
05:44:05.728 INFO  BaseRecalibrator - GCS max retries/reopens: 20
05:44:05.728 INFO  BaseRecalibrator - Requester pays: disabled
05:44:05.729 INFO  BaseRecalibrator - Initializing engine
05:44:06.345 INFO  FeatureManager - Using codec VCFCodec to read file file:///Users/nirvaanreddy/Desktop/CURVE/work/ae/624398b0caa3937575e0e77c96bf24/dbsnp_138.b37.small.vcf.gz
05:44:06.456 INFO  FeatureManager - Using codec VCFCodec to read file file:///Users/nirvaanreddy/Desktop/CURVE/work/ae/624398b0caa3937575e0e77c96bf24/Mills_1000G_gold_standard_and_1000G_phase1.indels.b37.small.vcf.gz
05:44:06.598 INFO  FeatureManager - Using codec BEDCodec to read file file:///Users/nirvaanreddy/Desktop/CURVE/work/ae/624398b0caa3937575e0e77c96bf24/2_1-200000.bed
05:44:06.614 INFO  IntervalArgumentCollection - Processing 200000 bp from intervals
05:44:06.623 INFO  BaseRecalibrator - Done initializing engine
05:44:06.632 INFO  BaseRecalibrationEngine - The covariates being used here: 
05:44:06.632 INFO  BaseRecalibrationEngine - 	ReadGroupCovariate
05:44:06.632 INFO  BaseRecalibrationEngine - 	QualityScoreCovariate
05:44:06.632 INFO  BaseRecalibrationEngine - 	ContextCovariate
05:44:06.633 INFO  BaseRecalibrationEngine - 	CycleCovariate
05:44:06.683 INFO  ProgressMeter - Starting traversal
05:44:06.683 INFO  ProgressMeter -        Current Locus  Elapsed Minutes       Reads Processed     Reads/Minute
05:44:06.736 INFO  BaseRecalibrator - 0 read(s) filtered by: MappingQualityNotZeroReadFilter 
0 read(s) filtered by: MappingQualityAvailableReadFilter 
0 read(s) filtered by: MappedReadFilter 
0 read(s) filtered by: NotSecondaryAlignmentReadFilter 
0 read(s) filtered by: NotDuplicateReadFilter 
0 read(s) filtered by: PassesVendorQualityCheckReadFilter 
0 read(s) filtered by: WellformedReadFilter 
0 total reads filtered
05:44:06.737 INFO  ProgressMeter -             unmapped              0.0                     0              0.0
05:44:06.737 INFO  ProgressMeter - Traversal complete. Processed 0 total reads in 0.0 minutes.
05:44:06.738 INFO  BaseRecalibrator - Calculating quantized quality scores...
05:44:06.757 INFO  BaseRecalibrator - Writing recalibration report...
05:44:07.076 INFO  BaseRecalibrator - ...done!
05:44:07.076 INFO  BaseRecalibrator - BaseRecalibrator was able to recalibrate 0 reads
05:44:07.077 INFO  BaseRecalibrator - Shutting down engine
[March 17, 2021 5:44:07 AM UTC] org.broadinstitute.hellbender.tools.walkers.bqsr.BaseRecalibrator done. Elapsed time: 0.03 minutes.
Runtime.totalMemory()=212336640
