[2021-03-28 08:08:37,945] multiqc                                            [DEBUG  ]  No MultiQC config found: /opt/conda/envs/nf-core-ampliseq-1.2.0/lib/python3.6/site-packages/multiqc_config.yaml
[2021-03-28 08:08:37,947] multiqc                                            [DEBUG  ]  No MultiQC config found: /.multiqc_config.yaml
[2021-03-28 08:08:37,962] multiqc                                            [DEBUG  ]  Loading config settings from: multiqc_config.yaml
[2021-03-28 08:08:37,962] multiqc                                            [DEBUG  ]  New config 'report_comment': This report has been generated by the <a href="https://github.com/nf-core/ampliseq" target="_blank">nf-core/ampliseq</a> analysis pipeline. For information about how to interpret these results, please see the <a href="https://github.com/nf-core/ampliseq" target="_blank">documentation</a>.

[2021-03-28 08:08:37,962] multiqc                                            [DEBUG  ]  New config 'report_section_order': {'software_versions': {'order': -1000}, 'nf-core-ampliseq-summary': {'order': -1001}}
[2021-03-28 08:08:37,964] multiqc                                            [DEBUG  ]  Command used: /opt/conda/envs/nf-core-ampliseq-1.2.0/bin/multiqc --interactive -f .
[2021-03-28 08:08:38,924] multiqc                                            [WARNING]  MultiQC Version v1.10 now available!
[2021-03-28 08:08:38,924] multiqc                                            [INFO   ]  This is MultiQC v1.9
[2021-03-28 08:08:38,924] multiqc                                            [DEBUG  ]  Command     : /opt/conda/envs/nf-core-ampliseq-1.2.0/bin/multiqc --interactive -f .
[2021-03-28 08:08:38,924] multiqc                                            [DEBUG  ]  Working dir : /Users/nirvaanreddy/Desktop/CURVE/work/38/59cdfb7aa5580a60611f537d959c3b
[2021-03-28 08:08:38,925] multiqc                                            [INFO   ]  Template    : default
[2021-03-28 08:08:38,925] multiqc                                            [DEBUG  ]  Running Python 3.6.7 | packaged by conda-forge | (default, Nov  6 2019, 16:19:42)  [GCC 7.3.0]
[2021-03-28 08:08:38,925] multiqc                                            [INFO   ]  Searching   : /Users/nirvaanreddy/Desktop/CURVE/work/38/59cdfb7aa5580a60611f537d959c3b
[2021-03-28 08:08:38,925] multiqc                                            [DEBUG  ]  Analysing modules: custom_content, conpair, peddy, somalier, methylQA, mosdepth, phantompeakqualtools, qualimap, preseq, quast, qorts, rna_seqc, rockhopper, rsem, rseqc, busco, goleft_indexcov, disambiguate, supernova, deeptools, sargasso, verifybamid, mirtrace, happy, mirtop, homer, macs2, theta2, snpeff, gatk, htseq, bcftools, featureCounts, fgbio, dragen, dedup, damageprofiler, biobambam2, mtnucratio, picard, prokka, samblaster, samtools, sexdeterrmine, bamtools, jellyfish, vcftools, longranger, stacks, varscan2, bbmap, bismark, biscuit, hicexplorer, hicup, hicpro, salmon, kallisto, slamdunk, star, hisat2, tophat, bowtie2, bowtie1, snpsplit, kat, leehom, adapterRemoval, clipandmerge, cutadapt, flexbar, kaiju, kraken, malt, trimmomatic, sickle, skewer, sortmerna, biobloomtools, fastq_screen, afterqc, fastp, fastqc, pycoqc, minionqc, multivcfanalyzer, clusterflow, bcl2fastq, interop, ivar, flash, seqyclean
[2021-03-28 08:08:38,926] multiqc                                            [DEBUG  ]  Using temporary directory for creating report: /tmp/tmpkwdflex1
[2021-03-28 08:08:39,648] multiqc                                            [DEBUG  ]  File ignored by hicexplorer because it exceeded search pattern filesize limit: .command.run
[2021-03-28 08:08:39,705] multiqc                                            [DEBUG  ]  File ignored by longranger/invocation because it exceeded search pattern filesize limit: .command.run
[2021-03-28 08:08:45,388] multiqc                                            [DEBUG  ]  File ignored by hicexplorer because it exceeded search pattern filesize limit: 1a_S103_L001_R1_001_fastqc.html
[2021-03-28 08:08:45,648] multiqc                                            [DEBUG  ]  File ignored by longranger/invocation because it exceeded search pattern filesize limit: 1a_S103_L001_R1_001_fastqc.html
[2021-03-28 08:08:45,648] multiqc                                            [DEBUG  ]  File ignored by rockhopper because it exceeded search pattern filesize limit: 1a_S103_L001_R1_001_fastqc.html
[2021-03-28 08:08:45,649] multiqc                                            [DEBUG  ]  File ignored by rseqc/bam_stat because it exceeded search pattern filesize limit: 1a_S103_L001_R1_001_fastqc.html
[2021-03-28 08:08:45,649] multiqc                                            [DEBUG  ]  File ignored by rseqc/junction_annotation because it exceeded search pattern filesize limit: 1a_S103_L001_R1_001_fastqc.html
[2021-03-28 08:08:45,649] multiqc                                            [DEBUG  ]  File ignored by rseqc/read_distribution because it exceeded search pattern filesize limit: 1a_S103_L001_R1_001_fastqc.html
[2021-03-28 08:08:45,649] multiqc                                            [DEBUG  ]  File ignored by rseqc/infer_experiment because it exceeded search pattern filesize limit: 1a_S103_L001_R1_001_fastqc.html
[2021-03-28 08:08:46,668] multiqc                                            [DEBUG  ]  File ignored by hicexplorer because it exceeded search pattern filesize limit: 2_S115_L001_R2_001_fastqc.html
[2021-03-28 08:08:46,787] multiqc                                            [DEBUG  ]  File ignored by longranger/invocation because it exceeded search pattern filesize limit: 2_S115_L001_R2_001_fastqc.html
[2021-03-28 08:08:46,787] multiqc                                            [DEBUG  ]  File ignored by rockhopper because it exceeded search pattern filesize limit: 2_S115_L001_R2_001_fastqc.html
[2021-03-28 08:08:46,787] multiqc                                            [DEBUG  ]  File ignored by rseqc/bam_stat because it exceeded search pattern filesize limit: 2_S115_L001_R2_001_fastqc.html
[2021-03-28 08:08:46,787] multiqc                                            [DEBUG  ]  File ignored by rseqc/junction_annotation because it exceeded search pattern filesize limit: 2_S115_L001_R2_001_fastqc.html
[2021-03-28 08:08:46,787] multiqc                                            [DEBUG  ]  File ignored by rseqc/read_distribution because it exceeded search pattern filesize limit: 2_S115_L001_R2_001_fastqc.html
[2021-03-28 08:08:46,787] multiqc                                            [DEBUG  ]  File ignored by rseqc/infer_experiment because it exceeded search pattern filesize limit: 2_S115_L001_R2_001_fastqc.html
[2021-03-28 08:08:47,687] multiqc                                            [DEBUG  ]  File ignored by hicexplorer because it exceeded search pattern filesize limit: 1_S103_L001_R1_001_fastqc.html
[2021-03-28 08:08:47,795] multiqc                                            [DEBUG  ]  File ignored by longranger/invocation because it exceeded search pattern filesize limit: 1_S103_L001_R1_001_fastqc.html
[2021-03-28 08:08:47,795] multiqc                                            [DEBUG  ]  File ignored by rockhopper because it exceeded search pattern filesize limit: 1_S103_L001_R1_001_fastqc.html
[2021-03-28 08:08:47,796] multiqc                                            [DEBUG  ]  File ignored by rseqc/bam_stat because it exceeded search pattern filesize limit: 1_S103_L001_R1_001_fastqc.html
[2021-03-28 08:08:47,796] multiqc                                            [DEBUG  ]  File ignored by rseqc/junction_annotation because it exceeded search pattern filesize limit: 1_S103_L001_R1_001_fastqc.html
[2021-03-28 08:08:47,796] multiqc                                            [DEBUG  ]  File ignored by rseqc/read_distribution because it exceeded search pattern filesize limit: 1_S103_L001_R1_001_fastqc.html
[2021-03-28 08:08:47,796] multiqc                                            [DEBUG  ]  File ignored by rseqc/infer_experiment because it exceeded search pattern filesize limit: 1_S103_L001_R1_001_fastqc.html
[2021-03-28 08:08:48,659] multiqc                                            [DEBUG  ]  File ignored by hicexplorer because it exceeded search pattern filesize limit: 2a_S115_L001_R1_001_fastqc.html
[2021-03-28 08:08:48,759] multiqc                                            [DEBUG  ]  File ignored by longranger/invocation because it exceeded search pattern filesize limit: 2a_S115_L001_R1_001_fastqc.html
[2021-03-28 08:08:48,760] multiqc                                            [DEBUG  ]  File ignored by rockhopper because it exceeded search pattern filesize limit: 2a_S115_L001_R1_001_fastqc.html
[2021-03-28 08:08:48,760] multiqc                                            [DEBUG  ]  File ignored by rseqc/bam_stat because it exceeded search pattern filesize limit: 2a_S115_L001_R1_001_fastqc.html
[2021-03-28 08:08:48,760] multiqc                                            [DEBUG  ]  File ignored by rseqc/junction_annotation because it exceeded search pattern filesize limit: 2a_S115_L001_R1_001_fastqc.html
[2021-03-28 08:08:48,760] multiqc                                            [DEBUG  ]  File ignored by rseqc/read_distribution because it exceeded search pattern filesize limit: 2a_S115_L001_R1_001_fastqc.html
[2021-03-28 08:08:48,760] multiqc                                            [DEBUG  ]  File ignored by rseqc/infer_experiment because it exceeded search pattern filesize limit: 2a_S115_L001_R1_001_fastqc.html
[2021-03-28 08:08:49,643] multiqc                                            [DEBUG  ]  File ignored by hicexplorer because it exceeded search pattern filesize limit: 1a_S103_L001_R2_001_fastqc.html
[2021-03-28 08:08:49,757] multiqc                                            [DEBUG  ]  File ignored by longranger/invocation because it exceeded search pattern filesize limit: 1a_S103_L001_R2_001_fastqc.html
[2021-03-28 08:08:49,758] multiqc                                            [DEBUG  ]  File ignored by rockhopper because it exceeded search pattern filesize limit: 1a_S103_L001_R2_001_fastqc.html
[2021-03-28 08:08:49,758] multiqc                                            [DEBUG  ]  File ignored by rseqc/bam_stat because it exceeded search pattern filesize limit: 1a_S103_L001_R2_001_fastqc.html
[2021-03-28 08:08:49,758] multiqc                                            [DEBUG  ]  File ignored by rseqc/junction_annotation because it exceeded search pattern filesize limit: 1a_S103_L001_R2_001_fastqc.html
[2021-03-28 08:08:49,758] multiqc                                            [DEBUG  ]  File ignored by rseqc/read_distribution because it exceeded search pattern filesize limit: 1a_S103_L001_R2_001_fastqc.html
[2021-03-28 08:08:49,758] multiqc                                            [DEBUG  ]  File ignored by rseqc/infer_experiment because it exceeded search pattern filesize limit: 1a_S103_L001_R2_001_fastqc.html
[2021-03-28 08:08:50,688] multiqc                                            [DEBUG  ]  File ignored by hicexplorer because it exceeded search pattern filesize limit: 2a_S115_L001_R2_001_fastqc.html
[2021-03-28 08:08:50,788] multiqc                                            [DEBUG  ]  File ignored by longranger/invocation because it exceeded search pattern filesize limit: 2a_S115_L001_R2_001_fastqc.html
[2021-03-28 08:08:50,788] multiqc                                            [DEBUG  ]  File ignored by rockhopper because it exceeded search pattern filesize limit: 2a_S115_L001_R2_001_fastqc.html
[2021-03-28 08:08:50,788] multiqc                                            [DEBUG  ]  File ignored by rseqc/bam_stat because it exceeded search pattern filesize limit: 2a_S115_L001_R2_001_fastqc.html
[2021-03-28 08:08:50,788] multiqc                                            [DEBUG  ]  File ignored by rseqc/junction_annotation because it exceeded search pattern filesize limit: 2a_S115_L001_R2_001_fastqc.html
[2021-03-28 08:08:50,788] multiqc                                            [DEBUG  ]  File ignored by rseqc/read_distribution because it exceeded search pattern filesize limit: 2a_S115_L001_R2_001_fastqc.html
[2021-03-28 08:08:50,789] multiqc                                            [DEBUG  ]  File ignored by rseqc/infer_experiment because it exceeded search pattern filesize limit: 2a_S115_L001_R2_001_fastqc.html
[2021-03-28 08:08:51,563] multiqc                                            [DEBUG  ]  File ignored by hicexplorer because it exceeded search pattern filesize limit: 2_S115_L001_R1_001_fastqc.html
[2021-03-28 08:08:51,683] multiqc                                            [DEBUG  ]  File ignored by longranger/invocation because it exceeded search pattern filesize limit: 2_S115_L001_R1_001_fastqc.html
[2021-03-28 08:08:51,683] multiqc                                            [DEBUG  ]  File ignored by rockhopper because it exceeded search pattern filesize limit: 2_S115_L001_R1_001_fastqc.html
[2021-03-28 08:08:51,683] multiqc                                            [DEBUG  ]  File ignored by rseqc/bam_stat because it exceeded search pattern filesize limit: 2_S115_L001_R1_001_fastqc.html
[2021-03-28 08:08:51,683] multiqc                                            [DEBUG  ]  File ignored by rseqc/junction_annotation because it exceeded search pattern filesize limit: 2_S115_L001_R1_001_fastqc.html
[2021-03-28 08:08:51,683] multiqc                                            [DEBUG  ]  File ignored by rseqc/read_distribution because it exceeded search pattern filesize limit: 2_S115_L001_R1_001_fastqc.html
[2021-03-28 08:08:51,683] multiqc                                            [DEBUG  ]  File ignored by rseqc/infer_experiment because it exceeded search pattern filesize limit: 2_S115_L001_R1_001_fastqc.html
[2021-03-28 08:08:52,349] multiqc                                            [DEBUG  ]  File ignored by hicexplorer because it exceeded search pattern filesize limit: 1_S103_L001_R2_001_fastqc.html
[2021-03-28 08:08:52,437] multiqc                                            [DEBUG  ]  File ignored by longranger/invocation because it exceeded search pattern filesize limit: 1_S103_L001_R2_001_fastqc.html
[2021-03-28 08:08:52,437] multiqc                                            [DEBUG  ]  File ignored by rockhopper because it exceeded search pattern filesize limit: 1_S103_L001_R2_001_fastqc.html
[2021-03-28 08:08:52,438] multiqc                                            [DEBUG  ]  File ignored by rseqc/bam_stat because it exceeded search pattern filesize limit: 1_S103_L001_R2_001_fastqc.html
[2021-03-28 08:08:52,438] multiqc                                            [DEBUG  ]  File ignored by rseqc/junction_annotation because it exceeded search pattern filesize limit: 1_S103_L001_R2_001_fastqc.html
[2021-03-28 08:08:52,438] multiqc                                            [DEBUG  ]  File ignored by rseqc/read_distribution because it exceeded search pattern filesize limit: 1_S103_L001_R2_001_fastqc.html
[2021-03-28 08:08:52,438] multiqc                                            [DEBUG  ]  File ignored by rseqc/infer_experiment because it exceeded search pattern filesize limit: 1_S103_L001_R2_001_fastqc.html
[2021-03-28 08:08:53,842] multiqc.plots.bargraph                             [DEBUG  ]  Using matplotlib version 3.1.0
[2021-03-28 08:08:53,843] multiqc.plots.linegraph                            [DEBUG  ]  Using matplotlib version 3.1.0
[2021-03-28 08:08:53,863] multiqc.modules.custom_content.custom_content      [INFO   ]  nf-core-ampliseq-summary: Found 1 sample (html)
[2021-03-28 08:08:53,864] multiqc.modules.custom_content.custom_content      [INFO   ]  software_versions: Found 1 sample (html)
[2021-03-28 08:08:53,870] multiqc                                            [DEBUG  ]  No samples found: conpair
[2021-03-28 08:08:53,876] multiqc                                            [DEBUG  ]  No samples found: peddy
[2021-03-28 08:08:53,883] multiqc                                            [DEBUG  ]  No samples found: somalier
[2021-03-28 08:08:53,889] multiqc                                            [DEBUG  ]  No samples found: methylQA
[2021-03-28 08:08:53,898] multiqc                                            [DEBUG  ]  No samples found: mosdepth
[2021-03-28 08:08:53,902] multiqc                                            [DEBUG  ]  No samples found: phantompeakqualtools
[2021-03-28 08:08:53,906] multiqc                                            [DEBUG  ]  No samples found: qualimap
[2021-03-28 08:08:53,912] multiqc                                            [DEBUG  ]  No samples found: preseq
[2021-03-28 08:08:53,918] multiqc                                            [DEBUG  ]  No samples found: quast
[2021-03-28 08:08:53,924] multiqc                                            [DEBUG  ]  No samples found: qorts
[2021-03-28 08:08:53,929] multiqc                                            [DEBUG  ]  No samples found: rna_seqc
[2021-03-28 08:08:53,934] multiqc                                            [DEBUG  ]  No samples found: rockhopper
[2021-03-28 08:08:53,939] multiqc                                            [DEBUG  ]  No samples found: rsem
[2021-03-28 08:08:53,950] multiqc                                            [DEBUG  ]  No samples found: rseqc
[2021-03-28 08:08:53,955] multiqc                                            [DEBUG  ]  No samples found: busco
[2021-03-28 08:08:53,961] multiqc                                            [DEBUG  ]  No samples found: goleft_indexcov
[2021-03-28 08:08:53,966] multiqc                                            [DEBUG  ]  No samples found: disambiguate
[2021-03-28 08:08:53,972] multiqc                                            [DEBUG  ]  No samples found: supernova
[2021-03-28 08:08:53,983] multiqc                                            [DEBUG  ]  No samples found: deeptools
[2021-03-28 08:08:53,989] multiqc                                            [DEBUG  ]  No samples found: sargasso
[2021-03-28 08:08:53,995] multiqc                                            [DEBUG  ]  No samples found: verifybamid
[2021-03-28 08:08:54,000] multiqc                                            [DEBUG  ]  No samples found: mirtrace
[2021-03-28 08:08:54,005] multiqc                                            [DEBUG  ]  No samples found: happy
[2021-03-28 08:08:54,010] multiqc                                            [DEBUG  ]  No samples found: mirtop
[2021-03-28 08:08:54,018] multiqc                                            [DEBUG  ]  No samples found: homer
[2021-03-28 08:08:54,024] multiqc                                            [DEBUG  ]  No samples found: macs2
[2021-03-28 08:08:54,029] multiqc                                            [DEBUG  ]  No samples found: theta2
[2021-03-28 08:08:54,035] multiqc                                            [DEBUG  ]  No samples found: snpeff
[2021-03-28 08:08:54,042] multiqc                                            [DEBUG  ]  No samples found: gatk
[2021-03-28 08:08:54,048] multiqc                                            [DEBUG  ]  No samples found: htseq
[2021-03-28 08:08:54,055] multiqc                                            [DEBUG  ]  No samples found: bcftools
[2021-03-28 08:08:54,060] multiqc                                            [DEBUG  ]  No samples found: featureCounts
[2021-03-28 08:08:54,066] multiqc                                            [DEBUG  ]  No samples found: fgbio
[2021-03-28 08:08:54,077] multiqc                                            [DEBUG  ]  No samples found: dragen
[2021-03-28 08:08:54,082] multiqc                                            [DEBUG  ]  No samples found: dedup
[2021-03-28 08:08:54,088] multiqc                                            [DEBUG  ]  No samples found: damageprofiler
[2021-03-28 08:08:54,104] multiqc                                            [DEBUG  ]  No samples found: biobambam2
[2021-03-28 08:08:54,109] multiqc                                            [DEBUG  ]  No samples found: mtnucratio
[2021-03-28 08:08:54,112] multiqc                                            [DEBUG  ]  No samples found: picard
[2021-03-28 08:08:54,117] multiqc                                            [DEBUG  ]  No samples found: prokka
[2021-03-28 08:08:54,123] multiqc                                            [DEBUG  ]  No samples found: samblaster
[2021-03-28 08:08:54,130] multiqc                                            [DEBUG  ]  No samples found: samtools
[2021-03-28 08:08:54,136] multiqc                                            [DEBUG  ]  No samples found: sexdeterrmine
[2021-03-28 08:08:54,141] multiqc                                            [DEBUG  ]  No samples found: bamtools
[2021-03-28 08:08:54,147] multiqc                                            [DEBUG  ]  No samples found: jellyfish
[2021-03-28 08:08:54,155] multiqc                                            [DEBUG  ]  No samples found: vcftools
[2021-03-28 08:08:54,160] multiqc                                            [DEBUG  ]  No samples found: longranger
[2021-03-28 08:08:54,166] multiqc                                            [DEBUG  ]  No samples found: stacks
[2021-03-28 08:08:54,171] multiqc                                            [DEBUG  ]  No samples found: varscan2
[2021-03-28 08:08:54,182] multiqc                                            [DEBUG  ]  No samples found: bbmap
[2021-03-28 08:08:54,189] multiqc                                            [DEBUG  ]  No samples found: bismark
[2021-03-28 08:08:54,195] multiqc                                            [DEBUG  ]  No samples found: biscuit
[2021-03-28 08:08:54,201] multiqc                                            [DEBUG  ]  No samples found: hicexplorer
[2021-03-28 08:08:54,206] multiqc                                            [DEBUG  ]  No samples found: hicup
[2021-03-28 08:08:54,211] multiqc                                            [DEBUG  ]  No samples found: hicpro
[2021-03-28 08:08:54,216] multiqc                                            [DEBUG  ]  No samples found: salmon
[2021-03-28 08:08:54,221] multiqc                                            [DEBUG  ]  No samples found: kallisto
[2021-03-28 08:08:54,227] multiqc                                            [DEBUG  ]  No samples found: slamdunk
[2021-03-28 08:08:54,233] multiqc                                            [DEBUG  ]  No samples found: star
[2021-03-28 08:08:54,237] multiqc                                            [DEBUG  ]  No samples found: hisat2
[2021-03-28 08:08:54,242] multiqc                                            [DEBUG  ]  No samples found: tophat
[2021-03-28 08:08:54,247] multiqc                                            [DEBUG  ]  No samples found: bowtie2
[2021-03-28 08:08:54,253] multiqc                                            [DEBUG  ]  No samples found: bowtie1
[2021-03-28 08:08:54,259] multiqc                                            [DEBUG  ]  No samples found: snpsplit
[2021-03-28 08:08:54,263] multiqc                                            [DEBUG  ]  No samples found: kat
[2021-03-28 08:08:54,268] multiqc                                            [DEBUG  ]  No samples found: leehom
[2021-03-28 08:08:54,273] multiqc                                            [DEBUG  ]  No samples found: adapterRemoval
[2021-03-28 08:08:54,278] multiqc                                            [DEBUG  ]  No samples found: clipandmerge
[2021-03-28 08:08:54,318] multiqc.modules.cutadapt.cutadapt                  [INFO   ]  Found 4 reports
[2021-03-28 08:08:54,336] multiqc                                            [DEBUG  ]  No samples found: flexbar
[2021-03-28 08:08:54,341] multiqc                                            [DEBUG  ]  No samples found: kaiju
[2021-03-28 08:08:54,347] multiqc                                            [DEBUG  ]  No samples found: kraken
[2021-03-28 08:08:54,352] multiqc                                            [DEBUG  ]  No samples found: malt
[2021-03-28 08:08:54,357] multiqc                                            [DEBUG  ]  No samples found: trimmomatic
[2021-03-28 08:08:54,362] multiqc                                            [DEBUG  ]  No samples found: sickle
[2021-03-28 08:08:54,367] multiqc                                            [DEBUG  ]  No samples found: skewer
[2021-03-28 08:08:54,372] multiqc                                            [DEBUG  ]  No samples found: sortmerna
[2021-03-28 08:08:54,377] multiqc                                            [DEBUG  ]  No samples found: biobloomtools
[2021-03-28 08:08:54,382] multiqc                                            [DEBUG  ]  No samples found: fastq_screen
[2021-03-28 08:08:54,388] multiqc                                            [DEBUG  ]  No samples found: afterqc
[2021-03-28 08:08:54,394] multiqc                                            [DEBUG  ]  No samples found: fastp
[2021-03-28 08:08:54,509] multiqc.modules.fastqc.fastqc                      [INFO   ]  Found 8 reports
[2021-03-28 08:08:54,677] multiqc                                            [DEBUG  ]  No samples found: pycoqc
[2021-03-28 08:08:54,683] multiqc                                            [DEBUG  ]  No samples found: minionqc
[2021-03-28 08:08:54,688] multiqc                                            [DEBUG  ]  No samples found: multivcfanalyzer
[2021-03-28 08:08:54,694] multiqc                                            [DEBUG  ]  No samples found: clusterflow
[2021-03-28 08:08:54,700] multiqc                                            [DEBUG  ]  No samples found: bcl2fastq
[2021-03-28 08:08:54,704] multiqc                                            [DEBUG  ]  No samples found: interop
[2021-03-28 08:08:54,709] multiqc                                            [DEBUG  ]  No samples found: ivar
[2021-03-28 08:08:54,715] multiqc                                            [DEBUG  ]  No samples found: flash
[2021-03-28 08:08:54,719] multiqc                                            [DEBUG  ]  No samples found: seqyclean
[2021-03-28 08:08:54,720] multiqc                                            [DEBUG  ]  Reordering sections: anchor 'software_versions' not found for module 'Cutadapt'.
[2021-03-28 08:08:54,720] multiqc                                            [DEBUG  ]  Reordering sections: anchor 'nf-core-ampliseq-summary' not found for module 'Cutadapt'.
[2021-03-28 08:08:54,720] multiqc                                            [DEBUG  ]  Reordering sections: anchor 'software_versions' not found for module 'FastQC'.
[2021-03-28 08:08:54,720] multiqc                                            [DEBUG  ]  Reordering sections: anchor 'nf-core-ampliseq-summary' not found for module 'FastQC'.
[2021-03-28 08:08:54,720] multiqc                                            [DEBUG  ]  Reordering sections: anchor 'software_versions' not found for module 'nf-core/ampliseq Software Versions'.
[2021-03-28 08:08:54,720] multiqc                                            [DEBUG  ]  Reordering sections: anchor 'nf-core-ampliseq-summary' not found for module 'nf-core/ampliseq Software Versions'.
[2021-03-28 08:08:54,720] multiqc                                            [DEBUG  ]  Reordering sections: anchor 'software_versions' not found for module 'nf-core/ampliseq Workflow Summary'.
[2021-03-28 08:08:54,720] multiqc                                            [DEBUG  ]  Reordering sections: anchor 'nf-core-ampliseq-summary' not found for module 'nf-core/ampliseq Workflow Summary'.
[2021-03-28 08:08:54,735] multiqc                                            [INFO   ]  Compressing plot data
[2021-03-28 08:08:54,891] multiqc                                            [INFO   ]  Report      : multiqc_report.html
[2021-03-28 08:08:54,891] multiqc                                            [INFO   ]  Data        : multiqc_data
[2021-03-28 08:08:54,892] multiqc                                            [DEBUG  ]  Moving data file from '/tmp/tmpkwdflex1/multiqc_data' to '/Users/nirvaanreddy/Desktop/CURVE/work/38/59cdfb7aa5580a60611f537d959c3b/multiqc_data'
[2021-03-28 08:08:55,098] multiqc                                            [INFO   ]  MultiQC complete
