Using GATK jar /opt/conda/envs/nf-core-sarek-2.7/share/gatk4-4.1.7.0-0/gatk-package-4.1.7.0-local.jar
Running:
    java -Dsamjdk.use_async_io_read_samtools=false -Dsamjdk.use_async_io_write_samtools=true -Dsamjdk.use_async_io_write_tribble=false -Dsamjdk.compression_level=2 -Xmx6g -jar /opt/conda/envs/nf-core-sarek-2.7/share/gatk4-4.1.7.0-0/gatk-package-4.1.7.0-local.jar BaseRecalibrator -I 9876T.md.bam -O 11_1-3679_9876T.recal.table --tmp-dir . -R human_g1k_v37_decoy.small.fasta -L 11_1-3679.bed --known-sites dbsnp_138.b37.small.vcf.gz --known-sites Mills_1000G_gold_standard_and_1000G_phase1.indels.b37.small.vcf.gz --verbosity INFO
05:46:36.380 INFO  NativeLibraryLoader - Loading libgkl_compression.so from jar:file:/opt/conda/envs/nf-core-sarek-2.7/share/gatk4-4.1.7.0-0/gatk-package-4.1.7.0-local.jar!/com/intel/gkl/native/libgkl_compression.so
Mar 17, 2021 5:46:36 AM shaded.cloud_nio.com.google.auth.oauth2.ComputeEngineCredentials runningOnComputeEngine
INFO: Failed to detect whether we are running on Google Compute Engine.
05:46:36.816 INFO  BaseRecalibrator - ------------------------------------------------------------
05:46:36.817 INFO  BaseRecalibrator - The Genome Analysis Toolkit (GATK) v4.1.7.0
05:46:36.817 INFO  BaseRecalibrator - For support and documentation go to https://software.broadinstitute.org/gatk/
05:46:36.817 INFO  BaseRecalibrator - Executing as root@b2c9931d2fe8 on Linux v4.19.76-linuxkit amd64
05:46:36.817 INFO  BaseRecalibrator - Java runtime: OpenJDK 64-Bit Server VM v1.8.0_265-b11
05:46:36.817 INFO  BaseRecalibrator - Start Date/Time: March 17, 2021 5:46:36 AM UTC
05:46:36.817 INFO  BaseRecalibrator - ------------------------------------------------------------
05:46:36.818 INFO  BaseRecalibrator - ------------------------------------------------------------
05:46:36.818 INFO  BaseRecalibrator - HTSJDK Version: 2.21.2
05:46:36.819 INFO  BaseRecalibrator - Picard Version: 2.21.9
05:46:36.819 INFO  BaseRecalibrator - HTSJDK Defaults.COMPRESSION_LEVEL : 2
05:46:36.819 INFO  BaseRecalibrator - HTSJDK Defaults.USE_ASYNC_IO_READ_FOR_SAMTOOLS : false
05:46:36.819 INFO  BaseRecalibrator - HTSJDK Defaults.USE_ASYNC_IO_WRITE_FOR_SAMTOOLS : true
05:46:36.819 INFO  BaseRecalibrator - HTSJDK Defaults.USE_ASYNC_IO_WRITE_FOR_TRIBBLE : false
05:46:36.819 INFO  BaseRecalibrator - Deflater: IntelDeflater
05:46:36.820 INFO  BaseRecalibrator - Inflater: IntelInflater
05:46:36.820 INFO  BaseRecalibrator - GCS max retries/reopens: 20
05:46:36.820 INFO  BaseRecalibrator - Requester pays: disabled
05:46:36.820 INFO  BaseRecalibrator - Initializing engine
05:46:37.439 INFO  FeatureManager - Using codec VCFCodec to read file file:///Users/nirvaanreddy/Desktop/CURVE/work/0d/783a15bec293f46381c6041f18b2af/dbsnp_138.b37.small.vcf.gz
05:46:37.547 INFO  FeatureManager - Using codec VCFCodec to read file file:///Users/nirvaanreddy/Desktop/CURVE/work/0d/783a15bec293f46381c6041f18b2af/Mills_1000G_gold_standard_and_1000G_phase1.indels.b37.small.vcf.gz
05:46:37.680 INFO  FeatureManager - Using codec BEDCodec to read file file:///Users/nirvaanreddy/Desktop/CURVE/work/0d/783a15bec293f46381c6041f18b2af/11_1-3679.bed
05:46:37.695 INFO  IntervalArgumentCollection - Processing 3679 bp from intervals
05:46:37.705 INFO  BaseRecalibrator - Done initializing engine
05:46:37.713 INFO  BaseRecalibrationEngine - The covariates being used here: 
05:46:37.713 INFO  BaseRecalibrationEngine - 	ReadGroupCovariate
05:46:37.713 INFO  BaseRecalibrationEngine - 	QualityScoreCovariate
05:46:37.713 INFO  BaseRecalibrationEngine - 	ContextCovariate
05:46:37.713 INFO  BaseRecalibrationEngine - 	CycleCovariate
05:46:37.757 INFO  ProgressMeter - Starting traversal
05:46:37.757 INFO  ProgressMeter -        Current Locus  Elapsed Minutes       Reads Processed     Reads/Minute
05:46:38.140 INFO  BaseRecalibrator - 98 read(s) filtered by: MappingQualityNotZeroReadFilter 
0 read(s) filtered by: MappingQualityAvailableReadFilter 
0 read(s) filtered by: MappedReadFilter 
29 read(s) filtered by: NotSecondaryAlignmentReadFilter 
299 read(s) filtered by: NotDuplicateReadFilter 
0 read(s) filtered by: PassesVendorQualityCheckReadFilter 
0 read(s) filtered by: WellformedReadFilter 
426 total reads filtered
05:46:38.141 INFO  ProgressMeter -              11:2808              0.0                  2668         417963.4
05:46:38.141 INFO  ProgressMeter - Traversal complete. Processed 2668 total reads in 0.0 minutes.
05:46:38.373 INFO  BaseRecalibrator - Calculating quantized quality scores...
05:46:38.395 INFO  BaseRecalibrator - Writing recalibration report...
05:48:28.057 INFO  BaseRecalibrator - ...done!
05:48:28.058 INFO  BaseRecalibrator - BaseRecalibrator was able to recalibrate 2668 reads
05:48:28.058 INFO  BaseRecalibrator - Shutting down engine
[March 17, 2021 5:48:28 AM UTC] org.broadinstitute.hellbender.tools.walkers.bqsr.BaseRecalibrator done. Elapsed time: 1.86 minutes.
Runtime.totalMemory()=283115520
