Using GATK jar /opt/conda/envs/nf-core-sarek-2.7/share/gatk4-4.1.7.0-0/gatk-package-4.1.7.0-local.jar
Running:
    java -Dsamjdk.use_async_io_read_samtools=false -Dsamjdk.use_async_io_write_samtools=true -Dsamjdk.use_async_io_write_tribble=false -Dsamjdk.compression_level=2 -Xmx6g -jar /opt/conda/envs/nf-core-sarek-2.7/share/gatk4-4.1.7.0-0/gatk-package-4.1.7.0-local.jar ApplyBQSR -R human_g1k_v37_decoy.small.fasta --input 1234N.md.bam --output X_1-200000_1234N.recal.bam -L X_1-200000.bed --bqsr-recal-file 1234N.recal.table
05:53:19.328 INFO  NativeLibraryLoader - Loading libgkl_compression.so from jar:file:/opt/conda/envs/nf-core-sarek-2.7/share/gatk4-4.1.7.0-0/gatk-package-4.1.7.0-local.jar!/com/intel/gkl/native/libgkl_compression.so
Mar 17, 2021 5:53:19 AM shaded.cloud_nio.com.google.auth.oauth2.ComputeEngineCredentials runningOnComputeEngine
INFO: Failed to detect whether we are running on Google Compute Engine.
05:53:19.675 INFO  ApplyBQSR - ------------------------------------------------------------
05:53:19.677 INFO  ApplyBQSR - The Genome Analysis Toolkit (GATK) v4.1.7.0
05:53:19.677 INFO  ApplyBQSR - For support and documentation go to https://software.broadinstitute.org/gatk/
05:53:19.679 INFO  ApplyBQSR - Executing as root@7b8bdcda2d0f on Linux v4.19.76-linuxkit amd64
05:53:19.679 INFO  ApplyBQSR - Java runtime: OpenJDK 64-Bit Server VM v1.8.0_265-b11
05:53:19.680 INFO  ApplyBQSR - Start Date/Time: March 17, 2021 5:53:19 AM UTC
05:53:19.680 INFO  ApplyBQSR - ------------------------------------------------------------
05:53:19.680 INFO  ApplyBQSR - ------------------------------------------------------------
05:53:19.681 INFO  ApplyBQSR - HTSJDK Version: 2.21.2
05:53:19.681 INFO  ApplyBQSR - Picard Version: 2.21.9
05:53:19.681 INFO  ApplyBQSR - HTSJDK Defaults.COMPRESSION_LEVEL : 2
05:53:19.682 INFO  ApplyBQSR - HTSJDK Defaults.USE_ASYNC_IO_READ_FOR_SAMTOOLS : false
05:53:19.682 INFO  ApplyBQSR - HTSJDK Defaults.USE_ASYNC_IO_WRITE_FOR_SAMTOOLS : true
05:53:19.682 INFO  ApplyBQSR - HTSJDK Defaults.USE_ASYNC_IO_WRITE_FOR_TRIBBLE : false
05:53:19.683 INFO  ApplyBQSR - Deflater: IntelDeflater
05:53:19.683 INFO  ApplyBQSR - Inflater: IntelInflater
05:53:19.683 INFO  ApplyBQSR - GCS max retries/reopens: 20
05:53:19.683 INFO  ApplyBQSR - Requester pays: disabled
05:53:19.684 INFO  ApplyBQSR - Initializing engine
05:53:20.304 INFO  FeatureManager - Using codec BEDCodec to read file file:///Users/nirvaanreddy/Desktop/CURVE/work/b8/65a5d0fb09387faa606e3d8ed923c4/X_1-200000.bed
05:53:20.327 INFO  IntervalArgumentCollection - Processing 200000 bp from intervals
05:53:20.334 INFO  ApplyBQSR - Done initializing engine
05:53:20.373 INFO  ProgressMeter - Starting traversal
05:53:20.374 INFO  ProgressMeter -        Current Locus  Elapsed Minutes       Reads Processed     Reads/Minute
05:53:21.003 INFO  ApplyBQSR - 0 read(s) filtered by: WellformedReadFilter 

05:53:21.004 INFO  ProgressMeter -             unmapped              0.0                     0              0.0
05:53:21.004 INFO  ProgressMeter - Traversal complete. Processed 0 total reads in 0.0 minutes.
05:53:21.035 INFO  ApplyBQSR - Shutting down engine
[March 17, 2021 5:53:21 AM UTC] org.broadinstitute.hellbender.tools.walkers.bqsr.ApplyBQSR done. Elapsed time: 0.03 minutes.
Runtime.totalMemory()=266862592
