# This file was produced by samtools stats (1.9+htslib-1.9) and can be plotted using plot-bamstats
# This file contains statistics for all reads.
# The command line was:  stats 9876T.recal.bam
# CHK, Checksum	[2]Read Names	[3]Sequences	[4]Qualities
# CHK, CRC32 of reads which passed filtering followed by addition (32bit overflow)
CHK	b7bf7ea5	8221d75b	01510009
# Summary Numbers. Use `grep ^SN | cut -f 2-` to extract this part.
SN	raw total sequences:	8630
SN	filtered sequences:	0
SN	sequences:	8630
SN	is sorted:	1
SN	1st fragments:	4315
SN	last fragments:	4315
SN	reads mapped:	8405
SN	reads mapped and paired:	8180	# paired-end technology bit set + both mates mapped
SN	reads unmapped:	225
SN	reads properly paired:	7354	# proper-pair bit set
SN	reads paired:	8630	# paired-end technology bit set
SN	reads duplicated:	928	# PCR or optical duplicate bit set
SN	reads MQ0:	0	# mapped and MQ=0
SN	reads QC failed:	0
SN	non-primary alignments:	55
SN	total length:	871630	# ignores clipping
SN	total first fragment length:	435815	# ignores clipping
SN	total last fragment length:	435815	# ignores clipping
SN	bases mapped:	848905	# ignores clipping
SN	bases mapped (cigar):	814153	# more accurate
SN	bases trimmed:	0
SN	bases duplicated:	93728
SN	mismatches:	1699	# from NM fields
SN	error rate:	2.086831e-03	# mismatches / bases mapped (cigar)
SN	average length:	101
SN	average first fragment length:	101
SN	average last fragment length:	101
SN	maximum length:	101
SN	maximum first fragment length:	101
SN	maximum last fragment length:	101
SN	average quality:	31.3
SN	insert size average:	319.9
SN	insert size standard deviation:	88.2
SN	inward oriented pairs:	3951
SN	outward oriented pairs:	10
SN	pairs with other orientation:	46
SN	pairs on different chromosomes:	83
SN	percentage of properly paired reads (%):	85.2
# First Fragment Qualities. Use `grep ^FFQ | cut -f 2-` to extract this part.
# Columns correspond to qualities and rows to cycles. First column is the cycle number.
FFQ	1	0	0	4	0	0	0	0	0	0	0	0	0	0	0	0	0	0	0	0	0	0	0	0	0	0	0	0	0	0	6	890	2484	931	0	0
FFQ	2	0	0	0	0	0	0	0	0	0	0	0	0	0	0	0	0	0	0	0	0	0	0	0	0	0	0	0	0	0	0	686	2564	1065	0	0
FFQ	3	0	0	0	0	0	0	0	0	0	0	0	0	0	0	0	0	0	0	0	0	0	0	0	0	0	0	0	0	0	0	241	1697	2014	363	0
FFQ	4	0	0	4	0	0	0	0	0	0	0	0	0	0	0	0	0	0	0	0	0	0	0	0	0	0	0	0	0	0	2	209	1199	2251	650	0
FFQ	5	0	0	0	0	0	0	0	0	0	0	0	0	0	0	0	0	0	0	0	0	0	0	0	0	0	0	0	0	0	1	107	1039	2480	688	0
FFQ	6	0	0	0	0	0	0	0	0	0	0	0	0	0	0	0	0	0	0	0	0	0	0	0	0	0	0	0	0	0	0	73	1003	2525	714	0
FFQ	7	0	2	0	0	0	1	0	0	0	0	0	0	0	0	0	0	0	0	0	0	0	0	0	0	0	0	0	0	0	1	68	1029	2488	726	0
FFQ	8	0	0	0	0	0	1	0	0	0	0	0	0	0	0	0	0	0	0	0	0	0	0	0	0	0	0	0	0	0	0	72	970	2565	707	0
FFQ	9	0	0	0	0	0	0	0	0	0	0	0	0	0	0	0	0	0	0	0	0	0	0	0	0	0	0	0	0	0	0	108	1415	2056	736	0
FFQ	10	0	1	0	0	0	1	0	0	0	0	0	0	0	0	0	0	0	0	0	0	0	0	0	0	0	0	0	0	0	2	79	854	2739	639	0
FFQ	11	0	0	0	0	1	0	0	0	0	0	0	0	0	0	0	0	0	0	0	0	0	0	0	0	0	0	0	0	0	4	80	1038	2436	756	0
FFQ	12	0	0	0	0	0	2	0	0	0	0	0	0	0	0	0	0	0	0	0	0	0	0	0	0	0	0	0	0	0	1	79	850	2654	729	0
FFQ	13	0	0	0	0	0	0	0	0	0	0	0	0	0	0	0	0	0	0	0	0	0	0	0	0	0	0	0	0	0	1	81	832	2700	701	0
FFQ	14	0	1	0	0	0	0	0	0	0	0	0	0	0	0	0	0	0	0	0	0	0	0	0	0	0	0	0	0	0	2	73	962	2524	753	0
FFQ	15	0	1	0	0	0	0	0	0	0	0	0	0	0	0	0	0	0	0	0	0	0	0	0	0	0	0	0	0	0	3	75	1011	2483	742	0
FFQ	16	0	0	0	0	1	0	0	0	0	0	0	0	0	0	0	0	0	0	0	0	0	0	0	0	0	0	0	0	0	0	84	1112	2426	692	0
FFQ	17	0	0	0	0	0	1	0	0	0	0	0	0	0	0	0	0	0	0	0	0	0	0	0	0	0	0	0	0	0	2	66	932	2649	665	0
FFQ	18	0	1	0	0	0	2	0	0	0	0	0	0	0	0	0	0	0	0	0	0	0	0	0	0	0	0	0	0	0	2	63	832	2634	781	0
FFQ	19	0	0	0	0	0	2	0	0	0	0	0	0	0	0	0	0	0	0	0	0	0	0	0	0	0	0	0	0	0	2	58	870	2632	751	0
FFQ	20	0	0	0	0	0	0	0	0	0	0	0	0	0	0	0	0	0	0	0	0	0	0	0	0	0	0	0	0	0	1	70	967	2614	663	0
FFQ	21	0	1	0	0	1	1	0	0	0	0	0	0	0	0	0	0	0	0	0	0	0	0	0	0	0	0	0	0	0	1	157	861	2532	761	0
FFQ	22	0	0	0	0	0	1	0	0	0	0	0	0	0	0	0	0	0	0	0	0	0	0	0	0	0	0	0	0	0	0	66	889	2587	772	0
FFQ	23	0	2	0	0	0	1	0	0	0	0	0	0	0	0	0	0	0	0	0	0	0	0	0	0	0	0	0	0	0	3	181	897	2484	747	0
FFQ	24	0	1	0	0	0	1	0	0	0	0	0	0	0	0	0	0	0	0	0	0	0	0	0	0	0	0	0	0	0	0	90	1260	2192	771	0
FFQ	25	0	0	0	0	0	0	0	0	0	0	0	0	0	0	0	0	0	0	0	0	0	0	0	0	0	0	0	0	0	1	75	937	2590	712	0
FFQ	26	0	2	0	0	2	0	0	0	0	0	0	0	0	0	0	0	0	0	0	0	0	0	0	0	0	0	0	0	0	1	73	878	2587	772	0
FFQ	27	0	2	0	0	3	0	0	0	0	0	0	0	0	0	0	0	0	0	0	0	0	0	0	0	0	0	0	0	0	3	81	838	2625	763	0
FFQ	28	0	1	1	0	1	0	0	0	0	0	0	0	0	0	0	0	0	0	0	0	0	0	0	0	0	0	0	0	0	5	90	921	2546	750	0
FFQ	29	0	2	2	0	0	0	0	0	0	0	0	0	0	0	0	0	0	0	0	0	0	0	0	0	0	0	0	0	0	2	89	833	2637	750	0
FFQ	30	0	1	0	0	3	1	0	0	0	0	0	0	0	0	0	0	0	0	0	0	0	0	0	0	0	0	0	0	0	3	83	1433	2026	765	0
FFQ	31	0	2	3	0	0	1	0	0	0	0	0	0	0	0	0	0	0	0	0	0	0	0	0	0	0	0	0	0	0	1	99	790	2669	750	0
FFQ	32	0	0	1	0	0	0	0	0	0	0	0	0	0	0	0	0	0	0	0	0	0	0	0	0	0	0	0	0	0	4	112	1018	2433	747	0
FFQ	33	0	0	3	0	0	0	0	0	0	0	0	0	0	0	0	0	0	0	0	0	0	0	0	0	0	0	0	0	0	0	90	919	2568	735	0
FFQ	34	0	0	5	0	0	0	0	0	0	0	0	0	0	0	0	0	0	0	0	0	0	0	0	0	0	0	0	0	0	5	96	945	2524	740	0
FFQ	35	0	1	4	0	0	0	0	0	0	0	0	0	0	0	0	0	0	0	0	0	0	0	0	0	0	0	0	0	0	2	108	896	2643	661	0
FFQ	36	0	2	3	0	0	1	0	0	0	0	0	0	0	0	0	0	0	0	0	0	0	0	0	0	0	0	0	0	0	3	106	956	2682	562	0
FFQ	37	0	0	5	0	0	2	0	0	0	0	0	0	0	0	0	0	0	0	0	0	0	0	0	0	0	0	0	0	0	2	103	883	2586	734	0
FFQ	38	0	0	7	0	0	1	0	0	0	0	0	0	0	0	0	0	0	0	0	0	0	0	0	0	0	0	0	0	0	0	107	863	2625	712	0
FFQ	39	0	0	7	0	0	3	0	0	0	0	0	0	0	0	0	0	0	0	0	0	0	0	0	0	0	0	0	0	0	1	106	858	2600	740	0
FFQ	40	0	1	6	0	0	3	0	0	0	0	0	0	0	0	0	0	0	0	0	0	0	0	0	0	0	0	0	0	0	3	146	985	2432	739	0
FFQ	41	0	4	8	0	0	0	0	0	0	0	0	0	0	0	0	0	0	0	0	0	0	0	0	0	0	0	0	0	0	1	106	1028	2395	773	0
FFQ	42	0	0	7	0	0	0	0	0	0	0	0	0	0	0	0	0	0	0	0	0	0	0	0	0	0	0	0	0	0	1	105	865	2591	746	0
FFQ	43	0	0	7	0	0	0	0	0	0	0	0	0	0	0	0	0	0	0	0	0	0	0	0	0	0	0	0	0	0	3	91	887	2595	732	0
FFQ	44	0	1	10	0	0	1	0	0	0	0	0	0	0	0	0	0	0	0	0	0	0	0	0	0	0	0	0	0	0	1	105	896	2579	722	0
FFQ	45	0	1	9	0	0	1	0	0	0	0	0	0	0	0	0	0	0	0	0	0	0	0	0	0	0	0	0	0	0	5	112	910	2535	742	0
FFQ	46	0	0	7	1	0	1	0	0	0	0	0	0	0	0	0	0	0	0	0	0	0	0	0	0	0	0	0	0	0	1	112	915	2538	740	0
FFQ	47	0	0	8	3	0	1	0	0	0	0	0	0	0	0	0	0	0	0	0	0	0	0	0	0	0	0	0	0	0	2	165	873	2525	738	0
FFQ	48	0	1	10	3	0	0	0	0	0	0	0	0	0	0	0	0	0	0	0	0	0	0	0	0	0	0	0	0	0	5	115	924	2518	739	0
FFQ	49	0	2	12	1	0	1	0	0	0	0	0	0	0	0	0	0	0	0	0	0	0	0	0	0	0	0	0	0	0	7	110	909	2538	735	0
FFQ	50	0	0	10	2	2	1	0	0	0	0	0	0	0	0	0	0	0	0	0	0	0	0	0	0	0	0	0	0	0	3	106	906	2543	742	0
FFQ	51	0	0	12	0	2	1	0	0	0	0	0	0	0	0	0	0	0	0	0	0	0	0	0	0	0	0	0	0	0	3	99	880	2587	731	0
FFQ	52	0	0	11	0	0	1	0	0	0	0	0	0	0	0	0	0	0	0	0	0	0	0	0	0	0	0	0	0	0	2	121	865	2595	720	0
FFQ	53	0	1	10	0	1	0	0	0	0	0	0	0	0	0	0	0	0	0	0	0	0	0	0	0	0	0	0	0	0	2	116	853	2601	731	0
FFQ	54	0	0	11	0	1	0	0	0	0	0	0	0	0	0	0	0	0	0	0	0	0	0	0	0	0	0	0	0	0	6	84	786	2669	758	0
FFQ	55	0	0	16	0	0	0	0	0	0	0	0	0	0	0	0	0	0	0	0	0	0	0	0	0	0	0	0	0	0	3	83	851	2596	766	0
FFQ	56	0	0	14	0	0	0	0	0	0	0	0	0	0	0	0	0	0	0	0	0	0	0	0	0	0	0	0	0	0	5	98	848	2589	761	0
FFQ	57	0	0	15	1	0	1	0	0	0	0	0	0	0	0	0	0	0	0	0	0	0	0	0	0	0	0	0	0	0	2	80	842	2641	733	0
FFQ	58	0	0	15	0	0	1	0	0	0	0	0	0	0	0	0	0	0	0	0	0	0	0	0	0	0	0	0	0	0	6	78	831	2630	754	0
FFQ	59	0	0	14	0	0	0	0	0	0	0	0	0	0	0	0	0	0	0	0	0	0	0	0	0	0	0	0	0	0	0	77	783	2692	749	0
FFQ	60	0	0	17	0	1	0	0	0	0	0	0	0	0	0	0	0	0	0	0	0	0	0	0	0	0	0	0	0	0	5	83	896	2550	763	0
FFQ	61	0	0	18	0	0	0	0	0	0	0	0	0	0	0	0	0	0	0	0	0	0	0	0	0	0	0	0	0	0	2	82	873	2573	767	0
FFQ	62	0	0	17	0	0	0	0	0	0	0	0	0	0	0	0	0	0	0	0	0	0	0	0	0	0	0	0	0	0	4	82	898	2530	784	0
FFQ	63	0	0	18	1	0	0	0	0	0	0	0	0	0	0	0	0	0	0	0	0	0	0	0	0	0	0	0	0	0	4	84	836	2584	788	0
FFQ	64	0	0	20	2	0	0	0	0	0	0	0	0	0	0	0	0	0	0	0	0	0	0	0	0	0	0	0	0	0	0	88	851	2590	764	0
FFQ	65	0	0	23	2	0	0	0	0	0	0	0	0	0	0	0	0	0	0	0	0	0	0	0	0	0	0	0	0	0	5	83	860	2577	765	0
FFQ	66	0	0	21	2	0	0	0	0	0	0	0	0	0	0	0	0	0	0	0	0	0	0	0	0	0	0	0	0	0	3	85	849	2568	787	0
FFQ	67	0	0	24	2	0	0	0	0	0	0	0	0	0	0	0	0	0	0	0	0	0	0	0	0	0	0	0	0	0	2	75	913	2680	619	0
FFQ	68	0	0	22	2	0	0	0	0	0	0	0	0	0	0	0	0	0	0	0	0	0	0	0	0	0	0	0	0	0	3	75	865	2602	746	0
FFQ	69	0	0	24	3	0	0	0	0	0	0	0	0	0	0	0	0	0	0	0	0	0	0	0	0	0	0	0	0	0	7	97	957	2455	772	0
FFQ	70	0	1	26	0	0	0	0	0	0	0	0	0	0	0	0	0	0	0	0	0	0	0	0	0	0	0	0	0	0	4	104	865	2556	759	0
FFQ	71	0	0	23	0	0	0	0	0	0	0	0	0	0	0	0	0	0	0	0	0	0	0	0	0	0	0	0	0	0	5	79	839	2603	766	0
FFQ	72	0	0	24	1	0	0	0	0	0	0	0	0	0	0	0	0	0	0	0	0	0	0	0	0	0	0	0	0	0	1	86	877	2572	754	0
FFQ	73	0	0	25	2	2	0	0	0	0	0	0	0	0	0	0	0	0	0	0	0	0	0	0	0	0	0	0	0	0	2	89	859	2565	771	0
FFQ	74	0	0	27	0	1	0	0	0	0	0	0	0	0	0	0	0	0	0	0	0	0	0	0	0	0	0	0	0	0	2	91	825	2614	755	0
FFQ	75	0	0	27	2	0	0	0	0	0	0	0	0	0	0	0	0	0	0	0	0	0	0	0	0	0	0	0	0	0	1	94	911	2510	770	0
FFQ	76	0	0	27	2	1	1	0	0	0	0	0	0	0	0	0	0	0	0	0	0	0	0	0	0	0	0	0	0	0	0	76	983	2499	726	0
FFQ	77	0	0	29	0	0	0	0	0	0	0	0	0	0	0	0	0	0	0	0	0	0	0	0	0	0	0	0	0	0	1	71	895	2563	756	0
FFQ	78	0	0	30	0	1	0	0	0	0	0	0	0	0	0	0	0	0	0	0	0	0	0	0	0	0	0	0	0	0	1	119	881	2542	741	0
FFQ	79	0	0	32	1	2	0	0	0	0	0	0	0	0	0	0	0	0	0	0	0	0	0	0	0	0	0	0	0	0	1	95	882	2557	745	0
FFQ	80	0	0	35	0	0	1	0	0	0	0	0	0	0	0	0	0	0	0	0	0	0	0	0	0	0	0	0	0	0	0	94	850	2562	773	0
FFQ	81	0	0	36	0	0	1	0	0	0	0	0	0	0	0	0	0	0	0	0	0	0	0	0	0	0	0	0	0	0	0	111	1007	2533	627	0
FFQ	82	0	0	42	0	0	1	0	0	0	0	0	0	0	0	0	0	0	0	0	0	0	0	0	0	0	0	0	0	0	0	86	953	2481	752	0
FFQ	83	0	0	46	0	1	1	0	0	0	0	0	0	0	0	0	0	0	0	0	0	0	0	0	0	0	0	0	0	0	3	91	892	2534	747	0
FFQ	84	0	0	52	0	2	1	0	0	0	0	0	0	0	0	0	0	0	0	0	0	0	0	0	0	0	0	0	0	0	0	102	902	2548	708	0
FFQ	85	0	0	56	0	0	1	0	0	0	0	0	0	0	0	0	0	0	0	0	0	0	0	0	0	0	0	0	0	0	2	123	936	2578	619	0
FFQ	86	0	1	58	0	0	0	0	0	0	0	0	0	0	0	0	0	0	0	0	0	0	0	0	0	0	0	0	0	0	1	127	1040	2405	683	0
FFQ	87	0	0	61	0	0	0	0	0	0	0	0	0	0	0	0	0	0	0	0	0	0	0	0	0	0	0	0	0	0	2	132	982	2449	689	0
FFQ	88	0	0	64	0	2	3	0	0	0	0	0	0	0	0	0	0	0	0	0	0	0	0	0	0	0	0	0	0	0	2	101	984	2450	709	0
FFQ	89	0	0	67	0	0	0	0	0	0	0	0	0	0	0	0	0	0	0	0	0	0	0	0	0	0	0	0	0	0	2	123	1010	2435	678	0
FFQ	90	0	0	79	1	0	2	0	0	0	0	0	0	0	0	0	0	0	0	0	0	0	0	0	0	0	0	0	0	0	1	136	855	2551	690	0
FFQ	91	0	0	85	1	0	2	0	0	0	0	0	0	0	0	0	0	0	0	0	0	0	0	0	0	0	0	0	0	0	3	136	1106	2289	693	0
FFQ	92	0	1	93	0	0	2	0	0	0	0	0	0	0	0	0	0	0	0	0	0	0	0	0	0	0	0	0	0	0	1	131	961	2432	694	0
FFQ	93	0	0	103	0	0	1	0	0	0	0	0	0	0	0	0	0	0	0	0	0	0	0	0	0	0	0	0	0	0	0	132	1000	2407	672	0
FFQ	94	0	0	114	0	0	1	0	0	0	0	0	0	0	0	0	0	0	0	0	0	0	0	0	0	0	0	0	0	0	1	121	989	2391	698	0
FFQ	95	0	0	124	0	0	0	0	0	0	0	0	0	0	0	0	0	0	0	0	0	0	0	0	0	0	0	0	0	0	0	152	1020	2348	671	0
FFQ	96	0	0	136	0	0	1	0	0	0	0	0	0	0	0	0	0	0	0	0	0	0	0	0	0	0	0	0	0	0	1	110	1049	2356	662	0
FFQ	97	0	0	150	0	0	0	0	0	0	0	0	0	0	0	0	0	0	0	0	0	0	0	0	0	0	0	0	0	0	1	110	1040	2374	640	0
FFQ	98	0	0	177	1	0	0	0	0	0	0	0	0	0	0	0	0	0	0	0	0	0	0	0	0	0	0	0	0	0	0	125	1120	2277	615	0
FFQ	99	0	0	198	0	0	0	0	0	0	0	0	0	0	0	0	0	0	0	0	0	0	0	0	0	0	0	0	0	0	1	173	1102	2285	556	0
FFQ	100	0	0	228	0	0	0	0	0	0	0	0	0	0	0	0	0	0	0	0	0	0	0	0	0	0	0	0	0	0	0	159	1115	2202	611	0
FFQ	101	0	0	261	0	0	0	0	0	0	0	0	0	0	0	0	0	0	0	0	0	0	0	0	0	0	0	0	0	0	0	165	1189	2184	516	0
# Last Fragment Qualities. Use `grep ^LFQ | cut -f 2-` to extract this part.
# Columns correspond to qualities and rows to cycles. First column is the cycle number.
LFQ	1	0	0	58	0	0	0	0	0	0	0	0	0	0	0	0	0	0	0	0	0	0	0	0	0	0	0	0	0	0	0	903	2441	913	0	0
LFQ	2	0	0	58	0	2	2	0	0	0	0	0	0	0	0	0	0	0	0	0	0	0	0	0	0	0	0	0	0	0	9	436	2221	1508	79	0
LFQ	3	0	0	58	0	4	0	0	0	0	0	0	0	0	0	0	0	0	0	0	0	0	0	0	0	0	0	0	0	0	11	244	1666	1913	419	0
LFQ	4	0	0	59	2	1	0	0	0	0	0	0	0	0	0	0	0	0	0	0	0	0	0	0	0	0	0	0	0	0	11	280	2136	1552	274	0
LFQ	5	0	0	59	3	1	0	0	0	0	0	0	0	0	0	0	0	0	0	0	0	0	0	0	0	0	0	0	0	0	6	239	1969	1613	425	0
LFQ	6	0	3	63	4	1	0	0	0	0	0	0	0	0	0	0	0	0	0	0	0	0	0	0	0	0	0	0	0	0	4	201	1822	1784	433	0
LFQ	7	0	3	64	3	0	0	0	0	0	0	0	0	0	0	0	0	0	0	0	0	0	0	0	0	0	0	0	0	0	9	224	1738	1760	514	0
LFQ	8	0	2	64	1	0	0	0	0	0	0	0	0	0	0	0	0	0	0	0	0	0	0	0	0	0	0	0	0	0	6	236	1306	2210	490	0
LFQ	9	0	1	66	1	0	1	0	0	0	0	0	0	0	0	0	0	0	0	0	0	0	0	0	0	0	0	0	0	0	3	197	2049	1524	473	0
LFQ	10	0	1	65	3	1	0	0	0	0	0	0	0	0	0	0	0	0	0	0	0	0	0	0	0	0	0	0	0	0	5	185	1584	1970	501	0
LFQ	11	0	1	67	2	0	1	0	0	0	0	0	0	0	0	0	0	0	0	0	0	0	0	0	0	0	0	0	0	0	8	200	1459	1993	584	0
LFQ	12	0	1	68	1	1	1	0	0	0	0	0	0	0	0	0	0	0	0	0	0	0	0	0	0	0	0	0	0	0	10	184	1224	2194	631	0
LFQ	13	0	3	68	0	2	0	0	0	0	0	0	0	0	0	0	0	0	0	0	0	0	0	0	0	0	0	0	0	0	2	196	1083	2290	671	0
LFQ	14	0	0	72	2	0	0	0	0	0	0	0	0	0	0	0	0	0	0	0	0	0	0	0	0	0	0	0	0	0	6	137	1268	2196	634	0
LFQ	15	0	4	71	1	0	0	0	0	0	0	0	0	0	0	0	0	0	0	0	0	0	0	0	0	0	0	0	0	0	7	163	1177	2227	665	0
LFQ	16	0	4	73	0	1	0	0	0	0	0	0	0	0	0	0	0	0	0	0	0	0	0	0	0	0	0	0	0	0	8	139	1003	2443	644	0
LFQ	17	0	2	72	1	4	0	0	0	0	0	0	0	0	0	0	0	0	0	0	0	0	0	0	0	0	0	0	0	0	9	158	910	2459	700	0
LFQ	18	0	1	74	1	0	0	0	0	0	0	0	0	0	0	0	0	0	0	0	0	0	0	0	0	0	0	0	0	0	5	151	976	2419	688	0
LFQ	19	0	5	75	2	2	0	0	0	0	0	0	0	0	0	0	0	0	0	0	0	0	0	0	0	0	0	0	0	0	9	130	1138	2274	680	0
LFQ	20	0	3	76	2	0	0	0	0	0	0	0	0	0	0	0	0	0	0	0	0	0	0	0	0	0	0	0	0	0	5	162	1115	2358	594	0
LFQ	21	0	2	76	2	4	1	0	0	0	0	0	0	0	0	0	0	0	0	0	0	0	0	0	0	0	0	0	0	0	4	221	1506	1803	696	0
LFQ	22	0	3	78	2	0	0	0	0	0	0	0	0	0	0	0	0	0	0	0	0	0	0	0	0	0	0	0	0	0	5	234	1035	2248	710	0
LFQ	23	0	4	76	3	1	0	0	0	0	0	0	0	0	0	0	0	0	0	0	0	0	0	0	0	0	0	0	0	0	10	187	992	2330	712	0
LFQ	24	0	1	76	2	2	0	0	0	0	0	0	0	0	0	0	0	0	0	0	0	0	0	0	0	0	0	0	0	0	7	137	1154	2221	715	0
LFQ	25	0	1	79	0	1	0	0	0	0	0	0	0	0	0	0	0	0	0	0	0	0	0	0	0	0	0	0	0	0	6	145	1118	2290	675	0
LFQ	26	0	2	78	1	1	0	0	0	0	0	0	0	0	0	0	0	0	0	0	0	0	0	0	0	0	0	0	0	0	7	135	1022	2449	620	0
LFQ	27	0	0	80	3	0	0	0	0	0	0	0	0	0	0	0	0	0	0	0	0	0	0	0	0	0	0	0	0	0	7	132	988	2426	679	0
LFQ	28	0	2	81	2	1	0	0	0	0	0	0	0	0	0	0	0	0	0	0	0	0	0	0	0	0	0	0	0	0	5	157	1008	2510	549	0
LFQ	29	0	0	81	0	1	0	0	0	0	0	0	0	0	0	0	0	0	0	0	0	0	0	0	0	0	0	0	0	0	5	121	1084	2331	692	0
LFQ	30	0	1	82	0	2	0	0	0	0	0	0	0	0	0	0	0	0	0	0	0	0	0	0	0	0	0	0	0	0	10	122	1065	2315	718	0
LFQ	31	0	1	82	2	0	0	0	0	0	0	0	0	0	0	0	0	0	0	0	0	0	0	0	0	0	0	0	0	0	10	123	1127	2255	715	0
LFQ	32	0	3	85	0	3	0	0	0	0	0	0	0	0	0	0	0	0	0	0	0	0	0	0	0	0	0	0	0	0	5	117	1011	2408	683	0
LFQ	33	0	1	89	1	1	0	0	0	0	0	0	0	0	0	0	0	0	0	0	0	0	0	0	0	0	0	0	0	0	11	127	1049	2346	690	0
LFQ	34	0	3	85	0	4	1	0	0	0	0	0	0	0	0	0	0	0	0	0	0	0	0	0	0	0	0	0	0	0	6	138	1248	2140	690	0
LFQ	35	0	4	85	0	1	0	0	0	0	0	0	0	0	0	0	0	0	0	0	0	0	0	0	0	0	0	0	0	0	8	142	1373	2035	667	0
LFQ	36	0	0	87	0	0	0	0	0	0	0	0	0	0	0	0	0	0	0	0	0	0	0	0	0	0	0	0	0	0	7	145	1035	2357	684	0
LFQ	37	0	3	86	2	0	0	0	0	0	0	0	0	0	0	0	0	0	0	0	0	0	0	0	0	0	0	0	0	0	2	142	1425	1996	659	0
LFQ	38	0	2	89	2	0	0	0	0	0	0	0	0	0	0	0	0	0	0	0	0	0	0	0	0	0	0	0	0	0	11	157	1142	2215	697	0
LFQ	39	0	1	91	1	1	0	0	0	0	0	0	0	0	0	0	0	0	0	0	0	0	0	0	0	0	0	0	0	0	9	199	1045	2342	626	0
LFQ	40	0	2	91	0	0	0	0	0	0	0	0	0	0	0	0	0	0	0	0	0	0	0	0	0	0	0	0	0	0	7	139	1095	2299	682	0
LFQ	41	0	1	92	2	0	0	0	0	0	0	0	0	0	0	0	0	0	0	0	0	0	0	0	0	0	0	0	0	0	9	139	1042	2350	680	0
LFQ	42	0	0	95	1	2	0	0	0	0	0	0	0	0	0	0	0	0	0	0	0	0	0	0	0	0	0	0	0	0	5	148	1121	2256	687	0
LFQ	43	0	2	94	0	1	0	0	0	0	0	0	0	0	0	0	0	0	0	0	0	0	0	0	0	0	0	0	0	0	4	157	1040	2333	684	0
LFQ	44	0	0	95	0	0	0	0	0	0	0	0	0	0	0	0	0	0	0	0	0	0	0	0	0	0	0	0	0	0	5	142	1013	2400	660	0
LFQ	45	0	0	101	0	0	0	0	0	0	0	0	0	0	0	0	0	0	0	0	0	0	0	0	0	0	0	0	0	0	8	134	1057	2358	657	0
LFQ	46	0	0	103	0	0	0	0	0	0	0	0	0	0	0	0	0	0	0	0	0	0	0	0	0	0	0	0	0	0	9	147	1062	2396	598	0
LFQ	47	0	1	103	2	2	0	0	0	0	0	0	0	0	0	0	0	0	0	0	0	0	0	0	0	0	0	0	0	0	6	143	1065	2296	697	0
LFQ	48	0	0	101	5	0	0	0	0	0	0	0	0	0	0	0	0	0	0	0	0	0	0	0	0	0	0	0	0	0	9	144	979	2395	682	0
LFQ	49	0	2	101	3	0	3	0	0	0	0	0	0	0	0	0	0	0	0	0	0	0	0	0	0	0	0	0	0	0	10	161	1299	2062	674	0
LFQ	50	0	1	105	2	1	0	0	0	0	0	0	0	0	0	0	0	0	0	0	0	0	0	0	0	0	0	0	0	0	6	135	1053	2314	698	0
LFQ	51	0	0	104	0	5	0	0	0	0	0	0	0	0	0	0	0	0	0	0	0	0	0	0	0	0	0	0	0	0	5	128	1445	2029	599	0
LFQ	52	0	0	104	0	1	0	0	0	0	0	0	0	0	0	0	0	0	0	0	0	0	0	0	0	0	0	0	0	0	4	178	955	2469	604	0
LFQ	53	0	0	104	0	0	1	0	0	0	0	0	0	0	0	0	0	0	0	0	0	0	0	0	0	0	0	0	0	0	6	134	988	2383	699	0
LFQ	54	0	0	107	0	0	0	0	0	0	0	0	0	0	0	0	0	0	0	0	0	0	0	0	0	0	0	0	0	0	2	141	1036	2335	694	0
LFQ	55	0	0	108	0	0	1	0	0	0	0	0	0	0	0	0	0	0	0	0	0	0	0	0	0	0	0	0	0	0	7	122	982	2376	719	0
LFQ	56	0	0	113	0	0	0	0	0	0	0	0	0	0	0	0	0	0	0	0	0	0	0	0	0	0	0	0	0	0	6	138	907	2447	704	0
LFQ	57	0	0	114	0	0	1	0	0	0	0	0	0	0	0	0	0	0	0	0	0	0	0	0	0	0	0	0	0	0	5	115	920	2491	669	0
LFQ	58	0	0	115	2	0	1	0	0	0	0	0	0	0	0	0	0	0	0	0	0	0	0	0	0	0	0	0	0	0	1	178	919	2407	692	0
LFQ	59	0	0	113	3	0	2	0	0	0	0	0	0	0	0	0	0	0	0	0	0	0	0	0	0	0	0	0	0	0	5	98	918	2449	727	0
LFQ	60	0	0	117	1	1	0	0	0	0	0	0	0	0	0	0	0	0	0	0	0	0	0	0	0	0	0	0	0	0	9	150	1058	2321	658	0
LFQ	61	0	0	119	2	1	0	0	0	0	0	0	0	0	0	0	0	0	0	0	0	0	0	0	0	0	0	0	0	0	5	112	985	2384	707	0
LFQ	62	0	1	118	5	0	1	0	0	0	0	0	0	0	0	0	0	0	0	0	0	0	0	0	0	0	0	0	0	0	3	97	1172	2201	717	0
LFQ	63	0	0	120	2	0	0	0	0	0	0	0	0	0	0	0	0	0	0	0	0	0	0	0	0	0	0	0	0	0	4	78	901	2475	735	0
LFQ	64	0	0	120	1	0	0	0	0	0	0	0	0	0	0	0	0	0	0	0	0	0	0	0	0	0	0	0	0	0	4	93	955	2418	724	0
LFQ	65	0	0	125	1	1	0	0	0	0	0	0	0	0	0	0	0	0	0	0	0	0	0	0	0	0	0	0	0	0	5	102	1001	2385	695	0
LFQ	66	0	0	124	1	0	0	0	0	0	0	0	0	0	0	0	0	0	0	0	0	0	0	0	0	0	0	0	0	0	3	161	874	2416	736	0
LFQ	67	0	0	127	2	0	0	0	0	0	0	0	0	0	0	0	0	0	0	0	0	0	0	0	0	0	0	0	0	0	5	91	1015	2337	738	0
LFQ	68	0	0	131	0	0	0	0	0	0	0	0	0	0	0	0	0	0	0	0	0	0	0	0	0	0	0	0	0	0	3	105	1025	2329	722	0
LFQ	69	0	0	133	2	0	0	0	0	0	0	0	0	0	0	0	0	0	0	0	0	0	0	0	0	0	0	0	0	0	3	110	845	2483	739	0
LFQ	70	0	0	135	1	0	1	0	0	0	0	0	0	0	0	0	0	0	0	0	0	0	0	0	0	0	0	0	0	0	1	115	904	2413	745	0
LFQ	71	0	0	138	1	0	0	0	0	0	0	0	0	0	0	0	0	0	0	0	0	0	0	0	0	0	0	0	0	0	4	85	898	2509	680	0
LFQ	72	0	0	141	1	0	0	0	0	0	0	0	0	0	0	0	0	0	0	0	0	0	0	0	0	0	0	0	0	0	2	107	963	2350	751	0
LFQ	73	0	0	142	0	4	0	0	0	0	0	0	0	0	0	0	0	0	0	0	0	0	0	0	0	0	0	0	0	0	3	83	873	2506	704	0
LFQ	74	0	0	146	1	0	1	0	0	0	0	0	0	0	0	0	0	0	0	0	0	0	0	0	0	0	0	0	0	0	2	108	907	2442	708	0
LFQ	75	0	0	147	0	4	0	0	0	0	0	0	0	0	0	0	0	0	0	0	0	0	0	0	0	0	0	0	0	0	5	104	956	2382	717	0
LFQ	76	0	0	150	0	4	0	0	0	0	0	0	0	0	0	0	0	0	0	0	0	0	0	0	0	0	0	0	0	0	2	111	809	2507	732	0
LFQ	77	0	1	151	1	1	1	0	0	0	0	0	0	0	0	0	0	0	0	0	0	0	0	0	0	0	0	0	0	0	3	142	873	2413	729	0
LFQ	78	0	0	155	1	0	0	0	0	0	0	0	0	0	0	0	0	0	0	0	0	0	0	0	0	0	0	0	0	0	4	81	953	2413	708	0
LFQ	79	0	0	160	1	3	0	0	0	0	0	0	0	0	0	0	0	0	0	0	0	0	0	0	0	0	0	0	0	0	7	102	896	2441	705	0
LFQ	80	0	0	163	0	1	0	0	0	0	0	0	0	0	0	0	0	0	0	0	0	0	0	0	0	0	0	0	0	0	6	115	854	2467	709	0
LFQ	81	0	0	165	0	3	0	0	0	0	0	0	0	0	0	0	0	0	0	0	0	0	0	0	0	0	0	0	0	0	2	124	891	2409	721	0
LFQ	82	0	0	170	0	3	0	0	0	0	0	0	0	0	0	0	0	0	0	0	0	0	0	0	0	0	0	0	0	0	5	122	981	2307	727	0
LFQ	83	0	0	171	2	0	1	0	0	0	0	0	0	0	0	0	0	0	0	0	0	0	0	0	0	0	0	0	0	0	0	116	946	2379	700	0
LFQ	84	0	0	178	0	1	2	0	0	0	0	0	0	0	0	0	0	0	0	0	0	0	0	0	0	0	0	0	0	0	1	127	954	2384	668	0
LFQ	85	0	0	183	0	4	0	0	0	0	0	0	0	0	0	0	0	0	0	0	0	0	0	0	0	0	0	0	0	0	3	120	1032	2316	657	0
LFQ	86	0	0	191	0	0	0	0	0	0	0	0	0	0	0	0	0	0	0	0	0	0	0	0	0	0	0	0	0	0	3	146	1031	2285	659	0
LFQ	87	0	0	196	0	3	0	0	0	0	0	0	0	0	0	0	0	0	0	0	0	0	0	0	0	0	0	0	0	0	6	151	1080	2220	659	0
LFQ	88	0	0	206	0	2	0	0	0	0	0	0	0	0	0	0	0	0	0	0	0	0	0	0	0	0	0	0	0	0	2	143	1006	2297	659	0
LFQ	89	0	1	212	0	4	0	0	0	0	0	0	0	0	0	0	0	0	0	0	0	0	0	0	0	0	0	0	0	0	5	111	1089	2238	655	0
LFQ	90	0	0	216	1	0	0	0	0	0	0	0	0	0	0	0	0	0	0	0	0	0	0	0	0	0	0	0	0	0	3	155	971	2326	643	0
LFQ	91	0	0	226	0	1	0	0	0	0	0	0	0	0	0	0	0	0	0	0	0	0	0	0	0	0	0	0	0	0	2	159	1007	2281	639	0
LFQ	92	0	0	233	0	1	0	0	0	0	0	0	0	0	0	0	0	0	0	0	0	0	0	0	0	0	0	0	0	0	6	146	996	2297	636	0
LFQ	93	0	0	243	0	1	0	0	0	0	0	0	0	0	0	0	0	0	0	0	0	0	0	0	0	0	0	0	0	0	3	140	1065	2251	612	0
LFQ	94	0	0	260	0	2	1	0	0	0	0	0	0	0	0	0	0	0	0	0	0	0	0	0	0	0	0	0	0	0	4	189	1009	2303	547	0
LFQ	95	0	0	276	1	3	1	0	0	0	0	0	0	0	0	0	0	0	0	0	0	0	0	0	0	0	0	0	0	0	3	137	1060	2211	623	0
LFQ	96	0	0	294	0	1	0	0	0	0	0	0	0	0	0	0	0	0	0	0	0	0	0	0	0	0	0	0	0	0	2	196	923	2274	625	0
LFQ	97	0	0	326	0	0	1	0	0	0	0	0	0	0	0	0	0	0	0	0	0	0	0	0	0	0	0	0	0	0	1	159	1336	1952	540	0
LFQ	98	0	0	356	0	0	0	0	0	0	0	0	0	0	0	0	0	0	0	0	0	0	0	0	0	0	0	0	0	0	0	140	1097	2152	570	0
LFQ	99	0	0	387	0	0	1	0	0	0	0	0	0	0	0	0	0	0	0	0	0	0	0	0	0	0	0	0	0	0	2	208	1095	2215	407	0
LFQ	100	0	0	429	0	0	0	0	0	0	0	0	0	0	0	0	0	0	0	0	0	0	0	0	0	0	0	0	0	0	0	172	1053	2061	600	0
LFQ	101	0	0	451	0	0	0	0	0	0	0	0	0	0	0	0	0	0	0	0	0	0	0	0	0	0	0	0	0	0	0	191	1090	2035	548	0
# GC Content of first fragments. Use `grep ^GCF | cut -f 2-` to extract this part.
GCF	10.80	0
GCF	22.11	27
GCF	23.12	37
GCF	24.12	40
GCF	25.13	71
GCF	26.13	65
GCF	27.14	95
GCF	28.14	166
GCF	29.15	182
GCF	30.15	68
GCF	31.16	72
GCF	32.16	121
GCF	32.91	200
GCF	33.67	224
GCF	34.67	183
GCF	35.68	255
GCF	36.68	331
GCF	37.69	340
GCF	38.69	257
GCF	39.70	249
GCF	40.70	162
GCF	41.71	125
GCF	42.71	93
GCF	43.72	122
GCF	44.72	81
GCF	45.73	173
GCF	46.73	129
GCF	47.74	95
GCF	49.25	101
GCF	50.75	63
GCF	51.76	59
GCF	52.76	22
GCF	53.77	6
# GC Content of last fragments. Use `grep ^GCL | cut -f 2-` to extract this part.
GCL	9.80	0
GCL	20.10	1
GCL	21.11	0
GCL	22.11	12
GCL	23.12	37
GCL	24.12	47
GCL	25.13	54
GCL	26.13	68
GCL	27.14	90
GCL	28.14	171
GCL	29.15	152
GCL	30.15	64
GCL	31.16	65
GCL	32.16	106
GCL	32.91	206
GCL	33.67	204
GCL	34.67	215
GCL	35.68	241
GCL	36.68	321
GCL	37.69	325
GCL	38.69	269
GCL	39.70	271
GCL	40.70	134
GCL	41.71	113
GCL	42.71	103
GCL	43.72	125
GCL	44.72	122
GCL	45.73	181
GCL	46.73	131
GCL	47.74	101
GCL	48.74	107
GCL	49.75	111
GCL	50.75	63
GCL	51.76	42
GCL	52.76	24
GCL	53.77	9
GCL	54.77	3
GCL	55.78	1
GCL	57.79	3
GCL	60.30	1
GCL	61.81	0
GCL	62.81	2
GCL	63.82	0
GCL	64.82	2
GCL	66.08	1
GCL	67.84	2
GCL	71.36	0
GCL	74.87	1
GCL	76.38	0
GCL	77.39	1
GCL	80.90	0
GCL	84.42	1
GCL	87.94	0
GCL	91.46	1
# ACGT content per cycle. Use `grep ^GCC | cut -f 2-` to extract this part. The columns are: cycle; A,C,G,T base counts as a percentage of all A/C/G/T bases [%]; and N and O counts as a percentage of all A/C/G/T bases [%]
GCC	1	34.79	16.12	17.72	31.37	0.06	0.00
GCC	2	35.10	16.92	18.58	29.40	0.01	0.00
GCC	3	33.18	18.23	18.73	29.86	0.01	0.00
GCC	4	33.30	17.94	19.06	29.70	0.06	0.00
GCC	5	34.14	17.53	18.90	29.43	0.00	0.00
GCC	6	32.71	18.83	19.44	29.02	0.00	0.00
GCC	7	34.14	17.29	18.68	29.90	0.00	0.00
GCC	8	33.59	17.51	18.91	29.99	0.00	0.00
GCC	9	33.41	18.29	18.17	30.14	0.00	0.00
GCC	10	34.19	17.66	18.73	29.42	0.00	0.00
GCC	11	33.79	17.58	19.39	29.25	0.00	0.00
GCC	12	33.74	17.47	19.28	29.50	0.00	0.00
GCC	13	33.95	17.86	19.04	29.15	0.00	0.00
GCC	14	33.87	18.02	18.57	29.54	0.00	0.00
GCC	15	33.52	18.45	18.10	29.93	0.00	0.00
GCC	16	33.63	18.05	18.16	30.16	0.00	0.00
GCC	17	33.94	17.79	18.59	29.69	0.00	0.00
GCC	18	33.65	18.55	18.52	29.28	0.00	0.00
GCC	19	33.38	17.36	18.56	30.70	0.00	0.00
GCC	20	34.01	18.29	18.10	29.61	0.00	0.00
GCC	21	33.07	18.48	19.36	29.08	0.00	0.00
GCC	22	32.70	18.22	19.68	29.41	0.00	0.00
GCC	23	33.68	19.08	18.73	28.51	0.00	0.00
GCC	24	32.72	18.33	19.07	29.87	0.00	0.00
GCC	25	34.53	17.87	18.98	28.62	0.00	0.00
GCC	26	32.57	18.47	19.76	29.20	0.00	0.00
GCC	27	33.19	18.69	18.44	29.69	0.00	0.00
GCC	28	31.95	18.13	19.90	30.02	0.00	0.00
GCC	29	32.24	17.58	19.51	30.67	0.00	0.00
GCC	30	33.02	18.04	19.41	29.52	0.00	0.00
GCC	31	32.58	19.07	18.27	30.07	0.00	0.00
GCC	32	33.42	18.00	19.19	29.40	0.00	0.00
GCC	33	32.06	18.27	19.17	30.50	0.00	0.00
GCC	34	32.33	17.93	19.76	29.99	0.00	0.00
GCC	35	32.14	19.17	19.33	29.36	0.00	0.00
GCC	36	31.65	18.63	19.19	30.53	0.00	0.00
GCC	37	33.01	18.08	19.72	29.19	0.00	0.00
GCC	38	33.02	17.93	19.40	29.65	0.00	0.00
GCC	39	33.09	18.08	19.65	29.18	0.00	0.00
GCC	40	33.51	18.60	18.86	29.03	0.00	0.00
GCC	41	33.43	18.44	18.78	29.35	0.00	0.00
GCC	42	33.11	18.62	19.24	29.04	0.00	0.00
GCC	43	32.41	18.99	19.19	29.41	0.00	0.00
GCC	44	32.82	18.13	19.65	29.40	0.00	0.00
GCC	45	33.12	18.06	19.07	29.75	0.00	0.00
GCC	46	32.36	19.35	18.93	29.35	0.00	0.00
GCC	47	32.84	18.02	19.20	29.94	0.00	0.00
GCC	48	33.04	18.56	19.27	29.13	0.00	0.00
GCC	49	31.63	19.26	19.66	29.44	0.00	0.00
GCC	50	32.19	18.45	19.00	30.36	0.00	0.00
GCC	51	32.33	18.20	19.64	29.83	0.00	0.00
GCC	52	33.23	18.66	18.77	29.34	0.00	0.00
GCC	53	32.40	18.09	19.65	29.86	0.00	0.00
GCC	54	32.34	18.29	19.90	29.48	0.00	0.00
GCC	55	31.44	18.38	19.72	30.46	0.00	0.00
GCC	56	31.76	18.59	19.30	30.35	0.00	0.00
GCC	57	33.12	17.66	19.26	29.97	0.00	0.00
GCC	58	33.05	18.68	18.62	29.65	0.00	0.00
GCC	59	32.80	18.56	19.39	29.25	0.00	0.00
GCC	60	32.63	18.04	19.28	30.05	0.00	0.00
GCC	61	32.57	18.48	19.07	29.87	0.00	0.00
GCC	62	32.22	19.10	19.46	29.22	0.00	0.00
GCC	63	32.46	18.37	19.90	29.28	0.00	0.00
GCC	64	32.97	18.01	19.32	29.71	0.00	0.00
GCC	65	33.19	18.34	18.82	29.65	0.00	0.00
GCC	66	32.48	17.74	19.47	30.31	0.00	0.00
GCC	67	32.56	18.77	19.43	29.24	0.00	0.00
GCC	68	32.14	19.12	19.37	29.36	0.00	0.00
GCC	69	31.61	18.61	19.05	30.73	0.00	0.00
GCC	70	32.24	19.36	18.91	29.49	0.00	0.00
GCC	71	32.51	18.44	19.94	29.11	0.00	0.00
GCC	72	32.98	18.33	18.88	29.81	0.00	0.00
GCC	73	31.91	18.42	19.92	29.75	0.00	0.00
GCC	74	32.98	18.69	18.98	29.35	0.00	0.00
GCC	75	31.84	19.07	18.96	30.13	0.00	0.00
GCC	76	33.12	18.69	19.06	29.13	0.00	0.00
GCC	77	32.12	19.10	18.33	30.45	0.00	0.00
GCC	78	31.91	19.02	19.14	29.93	0.00	0.00
GCC	79	31.27	19.05	19.68	30.00	0.00	0.00
GCC	80	32.72	18.44	18.86	29.98	0.00	0.00
GCC	81	32.40	18.52	19.25	29.84	0.00	0.00
GCC	82	32.04	18.95	19.52	29.49	0.00	0.00
GCC	83	31.52	18.75	19.47	30.27	0.00	0.00
GCC	84	31.96	19.47	18.78	29.79	0.00	0.00
GCC	85	32.48	18.99	19.71	28.82	0.00	0.00
GCC	86	32.72	18.90	19.71	28.67	0.00	0.00
GCC	87	32.14	18.68	19.02	30.16	0.00	0.00
GCC	88	32.21	19.12	18.12	30.54	0.00	0.00
GCC	89	31.69	18.68	19.69	29.94	0.00	0.00
GCC	90	31.87	19.13	19.00	30.00	0.00	0.00
GCC	91	33.15	18.32	19.18	29.35	0.00	0.00
GCC	92	32.19	18.83	19.80	29.18	0.00	0.00
GCC	93	33.11	18.53	19.35	29.02	0.00	0.00
GCC	94	31.90	18.56	20.10	29.43	0.00	0.00
GCC	95	33.39	17.95	19.54	29.12	0.01	0.00
GCC	96	32.73	18.82	19.33	29.12	0.00	0.00
GCC	97	32.34	18.53	19.87	29.27	0.02	0.00
GCC	98	31.78	19.24	19.10	29.89	0.01	0.00
GCC	99	32.47	18.68	19.53	29.32	0.01	0.00
GCC	100	32.47	17.85	19.99	29.69	0.20	0.00
GCC	101	32.69	18.84	19.60	28.88	0.42	0.00
# ACGT content per cycle for first fragments. Use `grep ^FBC | cut -f 2-` to extract this part. The columns are: cycle; A,C,G,T base counts as a percentage of all A/C/G/T bases [%]; and N and O counts as a percentage of all A/C/G/T bases [%]
FBC	1	33.91	16.38	17.93	31.78	0.09	0.00
FBC	2	34.92	16.66	18.40	30.01	0.00	0.00
FBC	3	33.37	17.57	18.38	30.68	0.00	0.00
FBC	4	34.03	17.28	19.11	29.58	0.09	0.00
FBC	5	34.04	17.40	19.07	29.48	0.00	0.00
FBC	6	33.60	18.63	18.63	29.13	0.00	0.00
FBC	7	35.02	16.73	18.56	29.69	0.00	0.00
FBC	8	33.90	16.87	19.10	30.13	0.00	0.00
FBC	9	33.26	18.22	18.47	30.06	0.00	0.00
FBC	10	35.04	17.57	18.70	28.69	0.00	0.00
FBC	11	33.81	17.52	19.12	29.55	0.00	0.00
FBC	12	34.41	17.89	19.24	28.46	0.00	0.00
FBC	13	34.02	17.45	19.21	29.32	0.00	0.00
FBC	14	33.88	18.19	18.05	29.87	0.00	0.00
FBC	15	33.33	19.10	17.66	29.92	0.00	0.00
FBC	16	34.02	18.77	17.17	30.03	0.00	0.00
FBC	17	34.28	17.64	17.54	30.54	0.00	0.00
FBC	18	33.44	18.47	18.70	29.39	0.00	0.00
FBC	19	33.51	17.38	18.96	30.15	0.00	0.00
FBC	20	34.53	18.29	18.26	28.92	0.00	0.00
FBC	21	33.84	17.50	18.47	30.20	0.00	0.00
FBC	22	32.68	18.52	20.16	28.64	0.00	0.00
FBC	23	33.49	19.44	18.63	28.44	0.00	0.00
FBC	24	33.40	18.59	18.77	29.25	0.00	0.00
FBC	25	34.16	18.24	18.66	28.95	0.00	0.00
FBC	26	32.68	18.66	19.47	29.20	0.00	0.00
FBC	27	32.70	19.63	17.87	29.80	0.00	0.00
FBC	28	32.03	18.03	20.35	29.59	0.00	0.00
FBC	29	31.61	17.82	19.81	30.75	0.00	0.00
FBC	30	33.67	18.45	18.77	29.11	0.00	0.00
FBC	31	32.56	18.75	18.49	30.20	0.00	0.00
FBC	32	34.72	17.80	18.70	28.78	0.00	0.00
FBC	33	32.05	18.29	19.65	30.01	0.00	0.00
FBC	34	32.93	17.43	19.05	30.59	0.00	0.00
FBC	35	32.40	19.03	19.30	29.27	0.00	0.00
FBC	36	31.54	19.14	19.12	30.20	0.00	0.00
FBC	37	33.58	18.35	18.91	29.15	0.00	0.00
FBC	38	33.12	17.75	18.91	30.22	0.00	0.00
FBC	39	32.79	17.64	20.19	29.39	0.00	0.00
FBC	40	33.84	19.03	18.82	28.32	0.00	0.00
FBC	41	35.16	17.13	18.63	29.08	0.00	0.00
FBC	42	33.93	18.75	18.79	28.53	0.00	0.00
FBC	43	32.95	18.70	18.73	29.62	0.00	0.00
FBC	44	33.21	18.12	20.32	28.34	0.00	0.00
FBC	45	33.63	17.27	18.66	30.45	0.00	0.00
FBC	46	32.75	18.73	18.61	29.92	0.00	0.00
FBC	47	32.33	17.45	20.16	30.06	0.00	0.00
FBC	48	32.07	18.91	19.86	29.15	0.00	0.00
FBC	49	32.03	18.82	19.51	29.64	0.00	0.00
FBC	50	31.82	18.17	19.56	30.45	0.00	0.00
FBC	51	32.51	17.89	20.14	29.46	0.00	0.00
FBC	52	32.93	18.70	18.42	29.94	0.00	0.00
FBC	53	32.42	17.06	20.63	29.90	0.00	0.00
FBC	54	32.49	17.50	20.14	29.87	0.00	0.00
FBC	55	32.28	18.59	19.51	29.62	0.00	0.00
FBC	56	32.00	18.31	19.44	30.24	0.00	0.00
FBC	57	33.23	18.05	18.84	29.87	0.00	0.00
FBC	58	34.60	18.24	18.15	29.02	0.00	0.00
FBC	59	33.33	19.03	18.52	29.13	0.00	0.00
FBC	60	31.96	17.54	20.63	29.87	0.00	0.00
FBC	61	32.91	17.78	18.82	30.50	0.00	0.00
FBC	62	32.10	19.19	19.07	29.64	0.00	0.00
FBC	63	34.51	17.50	19.33	28.67	0.00	0.00
FBC	64	32.31	18.79	19.12	29.78	0.00	0.00
FBC	65	34.00	18.38	19.03	28.60	0.00	0.00
FBC	66	33.63	17.64	19.05	29.69	0.00	0.00
FBC	67	32.05	18.54	20.07	29.34	0.00	0.00
FBC	68	32.33	19.63	19.51	28.53	0.00	0.00
FBC	69	32.05	18.70	18.22	31.03	0.00	0.00
FBC	70	33.00	18.56	18.84	29.59	0.00	0.00
FBC	71	32.84	18.33	20.30	28.53	0.00	0.00
FBC	72	32.77	18.22	19.33	29.69	0.00	0.00
FBC	73	32.12	18.35	19.61	29.92	0.00	0.00
FBC	74	33.21	18.59	19.07	29.13	0.00	0.00
FBC	75	32.12	18.24	18.86	30.78	0.00	0.00
FBC	76	33.60	18.29	19.63	28.48	0.00	0.00
FBC	77	32.44	19.05	18.47	30.03	0.00	0.00
FBC	78	32.77	18.56	19.03	29.64	0.00	0.00
FBC	79	30.68	19.65	19.05	30.61	0.00	0.00
FBC	80	32.68	17.91	19.12	30.29	0.00	0.00
FBC	81	32.65	18.47	18.79	30.08	0.00	0.00
FBC	82	32.63	18.75	19.05	29.57	0.00	0.00
FBC	83	31.91	18.54	19.10	30.45	0.00	0.00
FBC	84	32.54	19.07	18.61	29.78	0.00	0.00
FBC	85	33.14	18.54	19.95	28.37	0.00	0.00
FBC	86	32.91	18.54	19.65	28.90	0.00	0.00
FBC	87	32.56	18.38	19.00	30.06	0.00	0.00
FBC	88	32.93	19.35	17.27	30.45	0.00	0.00
FBC	89	31.61	18.96	18.93	30.50	0.00	0.00
FBC	90	32.72	18.33	18.91	30.03	0.00	0.00
FBC	91	33.28	18.03	19.00	29.69	0.00	0.00
FBC	92	32.61	18.84	19.72	28.83	0.00	0.00
FBC	93	33.84	18.17	19.19	28.81	0.00	0.00
FBC	94	32.31	18.33	19.70	29.66	0.00	0.00
FBC	95	34.44	17.94	19.10	28.53	0.00	0.00
FBC	96	32.56	18.15	20.02	29.27	0.00	0.00
FBC	97	33.70	18.19	19.28	28.83	0.00	0.00
FBC	98	31.29	19.91	19.19	29.62	0.00	0.00
FBC	99	32.82	18.08	19.84	29.27	0.00	0.00
FBC	100	32.31	17.54	20.02	30.13	0.00	0.00
FBC	101	32.67	19.12	19.44	28.78	0.47	0.00
# ACGT content per cycle for last fragments. Use `grep ^LBC | cut -f 2-` to extract this part. The columns are: cycle; A,C,G,T base counts as a percentage of all A/C/G/T bases [%]; and N and O counts as a percentage of all A/C/G/T bases [%]
LBC	1	35.67	15.86	17.50	30.97	0.02	0.00
LBC	2	35.28	17.18	18.75	28.79	0.02	0.00
LBC	3	32.99	18.89	19.08	29.04	0.02	0.00
LBC	4	32.57	18.59	19.01	29.83	0.02	0.00
LBC	5	34.23	17.66	18.73	29.39	0.00	0.00
LBC	6	31.82	19.03	20.25	28.90	0.00	0.00
LBC	7	33.26	17.84	18.79	30.10	0.00	0.00
LBC	8	33.28	18.15	18.73	29.85	0.00	0.00
LBC	9	33.56	18.35	17.87	30.22	0.00	0.00
LBC	10	33.35	17.75	18.75	30.15	0.00	0.00
LBC	11	33.77	17.64	19.65	28.95	0.00	0.00
LBC	12	33.07	17.06	19.33	30.54	0.00	0.00
LBC	13	33.88	18.26	18.86	28.99	0.00	0.00
LBC	14	33.86	17.84	19.10	29.20	0.00	0.00
LBC	15	33.72	17.80	18.54	29.94	0.00	0.00
LBC	16	33.23	17.33	19.14	30.29	0.00	0.00
LBC	17	33.60	17.94	19.63	28.83	0.00	0.00
LBC	18	33.86	18.63	18.33	29.18	0.00	0.00
LBC	19	33.26	17.33	18.17	31.24	0.00	0.00
LBC	20	33.49	18.29	17.94	30.29	0.00	0.00
LBC	21	32.31	19.47	20.25	27.97	0.00	0.00
LBC	22	32.72	17.91	19.19	30.17	0.00	0.00
LBC	23	33.88	18.73	18.82	28.57	0.00	0.00
LBC	24	32.05	18.08	19.37	30.50	0.00	0.00
LBC	25	34.90	17.50	19.30	28.30	0.00	0.00
LBC	26	32.47	18.29	20.05	29.20	0.00	0.00
LBC	27	33.67	17.75	19.00	29.57	0.00	0.00
LBC	28	31.87	18.24	19.44	30.45	0.00	0.00
LBC	29	32.86	17.33	19.21	30.59	0.00	0.00
LBC	30	32.38	17.64	20.05	29.94	0.00	0.00
LBC	31	32.61	19.40	18.05	29.94	0.00	0.00
LBC	32	32.12	18.19	19.68	30.01	0.00	0.00
LBC	33	32.07	18.26	18.68	30.98	0.00	0.00
LBC	34	31.73	18.42	20.46	29.39	0.00	0.00
LBC	35	31.89	19.30	19.35	29.46	0.00	0.00
LBC	36	31.75	18.12	19.26	30.87	0.00	0.00
LBC	37	32.44	17.80	20.53	29.22	0.00	0.00
LBC	38	32.93	18.10	19.88	29.08	0.00	0.00
LBC	39	33.40	18.52	19.12	28.97	0.00	0.00
LBC	40	33.19	18.17	18.91	29.73	0.00	0.00
LBC	41	31.70	19.75	18.93	29.62	0.00	0.00
LBC	42	32.28	18.49	19.68	29.55	0.00	0.00
LBC	43	31.87	19.28	19.65	29.20	0.00	0.00
LBC	44	32.42	18.15	18.98	30.45	0.00	0.00
LBC	45	32.61	18.86	19.49	29.04	0.00	0.00
LBC	46	31.98	19.98	19.26	28.78	0.00	0.00
LBC	47	33.35	18.59	18.24	29.83	0.00	0.00
LBC	48	34.00	18.22	18.68	29.11	0.00	0.00
LBC	49	31.24	19.70	19.81	29.25	0.00	0.00
LBC	50	32.56	18.73	18.45	30.27	0.00	0.00
LBC	51	32.14	18.52	19.14	30.20	0.00	0.00
LBC	52	33.53	18.61	19.12	28.74	0.00	0.00
LBC	53	32.38	19.12	18.68	29.83	0.00	0.00
LBC	54	32.19	19.07	19.65	29.08	0.00	0.00
LBC	55	30.59	18.17	19.93	31.31	0.00	0.00
LBC	56	31.52	18.86	19.17	30.45	0.00	0.00
LBC	57	33.00	17.27	19.68	30.06	0.00	0.00
LBC	58	31.49	19.12	19.10	30.29	0.00	0.00
LBC	59	32.28	18.10	20.25	29.36	0.00	0.00
LBC	60	33.30	18.54	17.94	30.22	0.00	0.00
LBC	61	32.24	19.19	19.33	29.25	0.00	0.00
LBC	62	32.35	19.00	19.84	28.81	0.00	0.00
LBC	63	30.41	19.24	20.46	29.90	0.00	0.00
LBC	64	33.63	17.22	19.51	29.64	0.00	0.00
LBC	65	32.38	18.31	18.61	30.71	0.00	0.00
LBC	66	31.33	17.84	19.88	30.94	0.00	0.00
LBC	67	33.07	19.00	18.79	29.13	0.00	0.00
LBC	68	31.96	18.61	19.24	30.20	0.00	0.00
LBC	69	31.17	18.52	19.88	30.43	0.00	0.00
LBC	70	31.47	20.16	18.98	29.39	0.00	0.00
LBC	71	32.19	18.54	19.58	29.69	0.00	0.00
LBC	72	33.19	18.45	18.42	29.94	0.00	0.00
LBC	73	31.70	18.49	20.23	29.57	0.00	0.00
LBC	74	32.75	18.79	18.89	29.57	0.00	0.00
LBC	75	31.56	19.91	19.05	29.48	0.00	0.00
LBC	76	32.63	19.10	18.49	29.78	0.00	0.00
LBC	77	31.80	19.14	18.19	30.87	0.00	0.00
LBC	78	31.05	19.47	19.26	30.22	0.00	0.00
LBC	79	31.87	18.45	20.30	29.39	0.00	0.00
LBC	80	32.77	18.96	18.61	29.66	0.00	0.00
LBC	81	32.14	18.56	19.70	29.59	0.00	0.00
LBC	82	31.45	19.14	20.00	29.41	0.00	0.00
LBC	83	31.12	18.96	19.84	30.08	0.00	0.00
LBC	84	31.38	19.86	18.96	29.80	0.00	0.00
LBC	85	31.82	19.44	19.47	29.27	0.00	0.00
LBC	86	32.54	19.26	19.77	28.44	0.00	0.00
LBC	87	31.73	18.98	19.03	30.27	0.00	0.00
LBC	88	31.49	18.89	18.98	30.64	0.00	0.00
LBC	89	31.77	18.40	20.44	29.39	0.00	0.00
LBC	90	31.01	19.93	19.10	29.97	0.00	0.00
LBC	91	33.02	18.61	19.35	29.02	0.00	0.00
LBC	92	31.77	18.82	19.88	29.52	0.00	0.00
LBC	93	32.38	18.89	19.51	29.22	0.00	0.00
LBC	94	31.49	18.79	20.51	29.20	0.00	0.00
LBC	95	32.34	17.96	19.98	29.72	0.02	0.00
LBC	96	32.91	19.49	18.63	28.97	0.00	0.00
LBC	97	30.98	18.87	20.45	29.70	0.05	0.00
LBC	98	32.27	18.57	19.01	30.16	0.02	0.00
LBC	99	32.13	19.29	19.22	29.37	0.02	0.00
LBC	100	32.64	18.15	19.96	29.25	0.40	0.00
LBC	101	32.71	18.56	19.75	28.98	0.37	0.00
# Insert sizes. Use `grep ^IS | cut -f 2-` to extract this part. The columns are: insert size, pairs total, inward oriented pairs, outward oriented pairs, other pairs
IS	0	0	0	0	0
IS	1	0	0	0	0
IS	2	0	0	0	0
IS	3	0	0	0	0
IS	4	0	0	0	0
IS	5	0	0	0	0
IS	6	0	0	0	0
IS	7	0	0	0	0
IS	8	0	0	0	0
IS	9	0	0	0	0
IS	10	0	0	0	0
IS	11	0	0	0	0
IS	12	0	0	0	0
IS	13	0	0	0	0
IS	14	0	0	0	0
IS	15	0	0	0	0
IS	16	0	0	0	0
IS	17	0	0	0	0
IS	18	0	0	0	0
IS	19	0	0	0	0
IS	20	0	0	0	0
IS	21	0	0	0	0
IS	22	0	0	0	0
IS	23	0	0	0	0
IS	24	0	0	0	0
IS	25	0	0	0	0
IS	26	0	0	0	0
IS	27	0	0	0	0
IS	28	0	0	0	0
IS	29	0	0	0	0
IS	30	0	0	0	0
IS	31	0	0	0	0
IS	32	0	0	0	0
IS	33	1	1	0	0
IS	34	0	0	0	0
IS	35	0	0	0	0
IS	36	0	0	0	0
IS	37	0	0	0	0
IS	38	0	0	0	0
IS	39	0	0	0	0
IS	40	0	0	0	0
IS	41	0	0	0	0
IS	42	0	0	0	0
IS	43	0	0	0	0
IS	44	0	0	0	0
IS	45	0	0	0	0
IS	46	0	0	0	0
IS	47	0	0	0	0
IS	48	0	0	0	0
IS	49	0	0	0	0
IS	50	0	0	0	0
IS	51	0	0	0	0
IS	52	0	0	0	0
IS	53	0	0	0	0
IS	54	0	0	0	0
IS	55	1	1	0	0
IS	56	0	0	0	0
IS	57	1	1	0	0
IS	58	0	0	0	0
IS	59	0	0	0	0
IS	60	0	0	0	0
IS	61	0	0	0	0
IS	62	0	0	0	0
IS	63	0	0	0	0
IS	64	0	0	0	0
IS	65	0	0	0	0
IS	66	0	0	0	0
IS	67	0	0	0	0
IS	68	0	0	0	0
IS	69	0	0	0	0
IS	70	0	0	0	0
IS	71	0	0	0	0
IS	72	1	0	1	0
IS	73	0	0	0	0
IS	74	0	0	0	0
IS	75	0	0	0	0
IS	76	0	0	0	0
IS	77	0	0	0	0
IS	78	0	0	0	0
IS	79	2	1	1	0
IS	80	0	0	0	0
IS	81	0	0	0	0
IS	82	2	1	1	0
IS	83	0	0	0	0
IS	84	0	0	0	0
IS	85	0	0	0	0
IS	86	0	0	0	0
IS	87	0	0	0	0
IS	88	2	2	0	0
IS	89	0	0	0	0
IS	90	0	0	0	0
IS	91	0	0	0	0
IS	92	1	0	1	0
IS	93	2	1	1	0
IS	94	0	0	0	0
IS	95	0	0	0	0
IS	96	0	0	0	0
IS	97	4	3	1	0
IS	98	0	0	0	0
IS	99	2	1	1	0
IS	100	2	1	1	0
IS	101	2	0	2	0
IS	102	3	3	0	0
IS	103	2	2	0	0
IS	104	0	0	0	0
IS	105	2	2	0	0
IS	106	0	0	0	0
IS	107	3	3	0	0
IS	108	1	1	0	0
IS	109	4	4	0	0
IS	110	2	2	0	0
IS	111	4	4	0	0
IS	112	1	1	0	0
IS	113	1	1	0	0
IS	114	2	2	0	0
IS	115	1	1	0	0
IS	116	3	3	0	0
IS	117	1	1	0	0
IS	118	2	2	0	0
IS	119	0	0	0	0
IS	120	4	4	0	0
IS	121	0	0	0	0
IS	122	1	1	0	0
IS	123	2	2	0	0
IS	124	1	1	0	0
IS	125	1	1	0	0
IS	126	1	1	0	0
IS	127	0	0	0	0
IS	128	1	1	0	0
IS	129	0	0	0	0
IS	130	1	1	0	0
IS	131	2	2	0	0
IS	132	3	3	0	0
IS	133	5	5	0	0
IS	134	0	0	0	0
IS	135	3	3	0	0
IS	136	1	1	0	0
IS	137	3	3	0	0
IS	138	2	2	0	0
IS	139	3	3	0	0
IS	140	2	2	0	0
IS	141	2	2	0	0
IS	142	4	4	0	0
IS	143	1	1	0	0
IS	144	0	0	0	0
IS	145	2	2	0	0
IS	146	0	0	0	0
IS	147	1	1	0	0
IS	148	4	4	0	0
IS	149	3	3	0	0
IS	150	0	0	0	0
IS	151	1	1	0	0
IS	152	3	3	0	0
IS	153	1	1	0	0
IS	154	1	1	0	0
IS	155	2	2	0	0
IS	156	5	5	0	0
IS	157	2	2	0	0
IS	158	3	3	0	0
IS	159	0	0	0	0
IS	160	1	1	0	0
IS	161	2	2	0	0
IS	162	1	1	0	0
IS	163	5	5	0	0
IS	164	3	3	0	0
IS	165	0	0	0	0
IS	166	1	1	0	0
IS	167	1	1	0	0
IS	168	2	2	0	0
IS	169	3	3	0	0
IS	170	1	1	0	0
IS	171	3	3	0	0
IS	172	0	0	0	0
IS	173	3	3	0	0
IS	174	2	2	0	0
IS	175	4	4	0	0
IS	176	0	0	0	0
IS	177	2	2	0	0
IS	178	2	2	0	0
IS	179	3	3	0	0
IS	180	3	3	0	0
IS	181	4	4	0	0
IS	182	3	3	0	0
IS	183	1	1	0	0
IS	184	3	3	0	0
IS	185	2	2	0	0
IS	186	5	5	0	0
IS	187	3	3	0	0
IS	188	4	4	0	0
IS	189	3	3	0	0
IS	190	2	2	0	0
IS	191	3	3	0	0
IS	192	1	1	0	0
IS	193	2	2	0	0
IS	194	0	0	0	0
IS	195	6	6	0	0
IS	196	0	0	0	0
IS	197	1	1	0	0
IS	198	5	5	0	0
IS	199	5	5	0	0
IS	200	5	5	0	0
IS	201	4	4	0	0
IS	202	1	1	0	0
IS	203	3	3	0	0
IS	204	1	1	0	0
IS	205	1	1	0	0
IS	206	2	2	0	0
IS	207	5	5	0	0
IS	208	1	1	0	0
IS	209	1	1	0	0
IS	210	0	0	0	0
IS	211	5	5	0	0
IS	212	1	1	0	0
IS	213	6	6	0	0
IS	214	2	2	0	0
IS	215	3	3	0	0
IS	216	1	1	0	0
IS	217	2	2	0	0
IS	218	3	3	0	0
IS	219	1	1	0	0
IS	220	2	2	0	0
IS	221	6	6	0	0
IS	222	3	3	0	0
IS	223	5	5	0	0
IS	224	4	4	0	0
IS	225	3	3	0	0
IS	226	2	2	0	0
IS	227	4	4	0	0
IS	228	2	2	0	0
IS	229	1	1	0	0
IS	230	4	4	0	0
IS	231	2	2	0	0
IS	232	6	6	0	0
IS	233	1	1	0	0
IS	234	4	4	0	0
IS	235	0	0	0	0
IS	236	4	4	0	0
IS	237	2	2	0	0
IS	238	2	2	0	0
IS	239	2	2	0	0
IS	240	2	2	0	0
IS	241	9	9	0	0
IS	242	3	3	0	0
IS	243	4	4	0	0
IS	244	1	1	0	0
IS	245	2	2	0	0
IS	246	5	5	0	0
IS	247	7	7	0	0
IS	248	4	4	0	0
IS	249	4	4	0	0
IS	250	2	2	0	0
IS	251	4	4	0	0
IS	252	3	3	0	0
IS	253	6	6	0	0
IS	254	7	7	0	0
IS	255	8	8	0	0
IS	256	7	7	0	0
IS	257	7	7	0	0
IS	258	10	10	0	0
IS	259	9	9	0	0
IS	260	6	6	0	0
IS	261	7	7	0	0
IS	262	9	9	0	0
IS	263	9	9	0	0
IS	264	10	10	0	0
IS	265	8	8	0	0
IS	266	12	12	0	0
IS	267	13	13	0	0
IS	268	7	7	0	0
IS	269	9	9	0	0
IS	270	15	15	0	0
IS	271	8	8	0	0
IS	272	11	11	0	0
IS	273	6	6	0	0
IS	274	8	8	0	0
IS	275	6	6	0	0
IS	276	8	8	0	0
IS	277	9	9	0	0
IS	278	8	8	0	0
IS	279	6	6	0	0
IS	280	9	9	0	0
IS	281	15	15	0	0
IS	282	10	10	0	0
IS	283	7	7	0	0
IS	284	17	17	0	0
IS	285	18	18	0	0
IS	286	9	9	0	0
IS	287	12	12	0	0
IS	288	8	8	0	0
IS	289	11	11	0	0
IS	290	10	10	0	0
IS	291	15	15	0	0
IS	292	12	12	0	0
IS	293	7	7	0	0
IS	294	9	9	0	0
IS	295	16	16	0	0
IS	296	11	11	0	0
IS	297	12	12	0	0
IS	298	17	17	0	0
IS	299	7	7	0	0
IS	300	16	16	0	0
IS	301	13	13	0	0
IS	302	11	11	0	0
IS	303	17	17	0	0
IS	304	16	16	0	0
IS	305	14	14	0	0
IS	306	17	17	0	0
IS	307	16	16	0	0
IS	308	9	9	0	0
IS	309	7	7	0	0
IS	310	17	17	0	0
IS	311	25	25	0	0
IS	312	20	20	0	0
IS	313	17	17	0	0
IS	314	20	20	0	0
IS	315	21	21	0	0
IS	316	25	25	0	0
IS	317	24	24	0	0
IS	318	25	25	0	0
IS	319	26	26	0	0
IS	320	32	32	0	0
IS	321	45	45	0	0
IS	322	25	25	0	0
IS	323	43	43	0	0
IS	324	45	45	0	0
IS	325	38	38	0	0
IS	326	60	60	0	0
IS	327	70	70	0	0
IS	328	59	59	0	0
IS	329	63	63	0	0
IS	330	75	75	0	0
IS	331	82	82	0	0
IS	332	85	85	0	0
IS	333	79	79	0	0
IS	334	79	79	0	0
IS	335	68	68	0	0
IS	336	100	100	0	0
IS	337	84	84	0	0
IS	338	98	98	0	0
IS	339	73	73	0	0
IS	340	73	73	0	0
IS	341	74	74	0	0
IS	342	77	77	0	0
IS	343	77	77	0	0
IS	344	91	91	0	0
IS	345	79	79	0	0
IS	346	77	77	0	0
IS	347	67	67	0	0
IS	348	60	60	0	0
IS	349	73	73	0	0
IS	350	70	70	0	0
IS	351	58	58	0	0
IS	352	77	77	0	0
IS	353	45	45	0	0
IS	354	50	50	0	0
IS	355	55	55	0	0
IS	356	57	57	0	0
IS	357	47	47	0	0
IS	358	39	39	0	0
IS	359	34	34	0	0
IS	360	24	24	0	0
IS	361	14	14	0	0
IS	362	14	14	0	0
IS	363	16	16	0	0
IS	364	13	13	0	0
IS	365	11	11	0	0
IS	366	10	10	0	0
IS	367	5	5	0	0
IS	368	2	2	0	0
IS	369	1	1	0	0
IS	370	3	3	0	0
IS	371	3	3	0	0
IS	372	0	0	0	0
IS	373	0	0	0	0
IS	374	0	0	0	0
IS	375	1	1	0	0
IS	376	1	1	0	0
IS	377	2	2	0	0
IS	378	0	0	0	0
IS	379	0	0	0	0
IS	380	0	0	0	0
IS	381	0	0	0	0
IS	382	1	1	0	0
IS	383	0	0	0	0
IS	384	0	0	0	0
IS	385	0	0	0	0
IS	386	1	1	0	0
IS	387	0	0	0	0
IS	388	2	2	0	0
IS	389	1	1	0	0
IS	390	1	1	0	0
IS	391	0	0	0	0
IS	392	2	2	0	0
IS	393	0	0	0	0
IS	394	0	0	0	0
IS	395	1	1	0	0
IS	396	0	0	0	0
IS	397	1	1	0	0
IS	398	0	0	0	0
IS	399	0	0	0	0
IS	400	1	1	0	0
IS	401	0	0	0	0
IS	402	0	0	0	0
IS	403	0	0	0	0
IS	404	1	1	0	0
IS	405	0	0	0	0
IS	406	1	1	0	0
IS	407	1	1	0	0
IS	408	1	1	0	0
IS	409	0	0	0	0
IS	410	0	0	0	0
IS	411	0	0	0	0
IS	412	2	2	0	0
IS	413	0	0	0	0
IS	414	1	1	0	0
IS	415	1	1	0	0
IS	416	0	0	0	0
IS	417	2	2	0	0
IS	418	1	1	0	0
IS	419	0	0	0	0
IS	420	1	1	0	0
IS	421	1	1	0	0
IS	422	1	1	0	0
IS	423	1	1	0	0
IS	424	1	1	0	0
IS	425	0	0	0	0
IS	426	2	2	0	0
IS	427	0	0	0	0
IS	428	0	0	0	0
IS	429	1	1	0	0
IS	430	0	0	0	0
IS	431	1	1	0	0
IS	432	1	1	0	0
IS	433	0	0	0	0
IS	434	0	0	0	0
IS	435	0	0	0	0
IS	436	0	0	0	0
IS	437	0	0	0	0
IS	438	0	0	0	0
IS	439	0	0	0	0
IS	440	0	0	0	0
IS	441	2	2	0	0
IS	442	0	0	0	0
IS	443	1	1	0	0
IS	444	0	0	0	0
IS	445	0	0	0	0
IS	446	0	0	0	0
IS	447	0	0	0	0
IS	448	1	1	0	0
IS	449	0	0	0	0
IS	450	0	0	0	0
IS	451	1	1	0	0
IS	452	0	0	0	0
IS	453	1	1	0	0
IS	454	0	0	0	0
IS	455	0	0	0	0
IS	456	0	0	0	0
IS	457	0	0	0	0
IS	458	0	0	0	0
IS	459	0	0	0	0
IS	460	1	1	0	0
IS	461	1	1	0	0
IS	462	0	0	0	0
IS	463	2	2	0	0
IS	464	0	0	0	0
IS	465	1	1	0	0
IS	466	0	0	0	0
IS	467	1	1	0	0
IS	468	1	1	0	0
IS	469	0	0	0	0
IS	470	0	0	0	0
IS	471	0	0	0	0
IS	472	0	0	0	0
IS	473	0	0	0	0
IS	474	0	0	0	0
IS	475	0	0	0	0
IS	476	0	0	0	0
IS	477	0	0	0	0
IS	478	2	2	0	0
IS	479	0	0	0	0
IS	480	1	1	0	0
IS	481	0	0	0	0
IS	482	0	0	0	0
IS	483	0	0	0	0
IS	484	0	0	0	0
IS	485	0	0	0	0
IS	486	0	0	0	0
IS	487	0	0	0	0
IS	488	1	1	0	0
IS	489	0	0	0	0
IS	490	0	0	0	0
IS	491	1	1	0	0
IS	492	0	0	0	0
IS	493	0	0	0	0
IS	494	0	0	0	0
IS	495	0	0	0	0
IS	496	0	0	0	0
IS	497	0	0	0	0
IS	498	1	1	0	0
IS	499	0	0	0	0
IS	500	0	0	0	0
IS	501	0	0	0	0
IS	502	0	0	0	0
IS	503	0	0	0	0
IS	504	1	1	0	0
IS	505	0	0	0	0
IS	506	0	0	0	0
IS	507	0	0	0	0
IS	508	0	0	0	0
IS	509	0	0	0	0
IS	510	0	0	0	0
IS	511	0	0	0	0
IS	512	0	0	0	0
IS	513	1	1	0	0
IS	514	0	0	0	0
IS	515	0	0	0	0
IS	516	1	1	0	0
IS	517	0	0	0	0
IS	518	0	0	0	0
IS	519	0	0	0	0
IS	520	1	1	0	0
IS	521	0	0	0	0
IS	522	1	1	0	0
IS	523	0	0	0	0
IS	524	1	1	0	0
IS	525	0	0	0	0
IS	526	0	0	0	0
IS	527	0	0	0	0
IS	528	0	0	0	0
IS	529	0	0	0	0
IS	530	0	0	0	0
IS	531	0	0	0	0
IS	532	0	0	0	0
IS	533	0	0	0	0
IS	534	0	0	0	0
IS	535	0	0	0	0
IS	536	0	0	0	0
IS	537	0	0	0	0
IS	538	0	0	0	0
IS	539	0	0	0	0
IS	540	0	0	0	0
IS	541	0	0	0	0
IS	542	0	0	0	0
IS	543	1	1	0	0
IS	544	0	0	0	0
IS	545	1	1	0	0
IS	546	0	0	0	0
IS	547	0	0	0	0
IS	548	0	0	0	0
IS	549	0	0	0	0
IS	550	1	1	0	0
IS	551	0	0	0	0
IS	552	0	0	0	0
IS	553	1	1	0	0
IS	554	0	0	0	0
IS	555	0	0	0	0
IS	556	0	0	0	0
IS	557	1	1	0	0
IS	558	0	0	0	0
IS	559	0	0	0	0
IS	560	0	0	0	0
IS	561	0	0	0	0
IS	562	0	0	0	0
IS	563	0	0	0	0
IS	564	0	0	0	0
IS	565	0	0	0	0
IS	566	0	0	0	0
IS	567	0	0	0	0
IS	568	0	0	0	0
IS	569	0	0	0	0
IS	570	0	0	0	0
IS	571	0	0	0	0
IS	572	0	0	0	0
IS	573	0	0	0	0
IS	574	0	0	0	0
IS	575	0	0	0	0
IS	576	0	0	0	0
IS	577	0	0	0	0
IS	578	0	0	0	0
IS	579	0	0	0	0
IS	580	0	0	0	0
IS	581	0	0	0	0
IS	582	0	0	0	0
IS	583	0	0	0	0
IS	584	0	0	0	0
IS	585	0	0	0	0
IS	586	0	0	0	0
IS	587	0	0	0	0
IS	588	0	0	0	0
IS	589	0	0	0	0
IS	590	0	0	0	0
IS	591	0	0	0	0
IS	592	0	0	0	0
IS	593	0	0	0	0
IS	594	0	0	0	0
IS	595	0	0	0	0
IS	596	0	0	0	0
IS	597	0	0	0	0
IS	598	0	0	0	0
IS	599	0	0	0	0
IS	600	0	0	0	0
IS	601	0	0	0	0
IS	602	0	0	0	0
IS	603	0	0	0	0
IS	604	0	0	0	0
IS	605	1	1	0	0
IS	606	0	0	0	0
IS	607	0	0	0	0
IS	608	0	0	0	0
IS	609	0	0	0	0
IS	610	0	0	0	0
IS	611	0	0	0	0
IS	612	0	0	0	0
IS	613	0	0	0	0
IS	614	0	0	0	0
IS	615	0	0	0	0
IS	616	0	0	0	0
IS	617	0	0	0	0
IS	618	0	0	0	0
IS	619	0	0	0	0
IS	620	0	0	0	0
IS	621	0	0	0	0
IS	622	0	0	0	0
IS	623	0	0	0	0
IS	624	0	0	0	0
IS	625	0	0	0	0
IS	626	0	0	0	0
IS	627	0	0	0	0
IS	628	0	0	0	0
IS	629	0	0	0	0
IS	630	0	0	0	0
IS	631	0	0	0	0
IS	632	0	0	0	0
IS	633	0	0	0	0
IS	634	0	0	0	0
IS	635	0	0	0	0
IS	636	0	0	0	0
IS	637	0	0	0	0
IS	638	0	0	0	0
IS	639	0	0	0	0
IS	640	0	0	0	0
IS	641	0	0	0	0
IS	642	0	0	0	0
IS	643	0	0	0	0
IS	644	0	0	0	0
IS	645	0	0	0	0
IS	646	0	0	0	0
IS	647	0	0	0	0
IS	648	0	0	0	0
IS	649	0	0	0	0
IS	650	0	0	0	0
IS	651	0	0	0	0
IS	652	0	0	0	0
IS	653	0	0	0	0
IS	654	0	0	0	0
IS	655	0	0	0	0
IS	656	0	0	0	0
IS	657	0	0	0	0
IS	658	0	0	0	0
IS	659	0	0	0	0
IS	660	0	0	0	0
IS	661	0	0	0	0
IS	662	0	0	0	0
IS	663	0	0	0	0
IS	664	0	0	0	0
IS	665	0	0	0	0
IS	666	0	0	0	0
IS	667	0	0	0	0
IS	668	0	0	0	0
IS	669	0	0	0	0
IS	670	0	0	0	0
IS	671	0	0	0	0
IS	672	0	0	0	0
IS	673	0	0	0	0
IS	674	0	0	0	0
IS	675	0	0	0	0
IS	676	0	0	0	0
IS	677	0	0	0	0
IS	678	0	0	0	0
IS	679	0	0	0	0
IS	680	0	0	0	0
IS	681	0	0	0	0
IS	682	0	0	0	0
IS	683	0	0	0	0
IS	684	0	0	0	0
IS	685	0	0	0	0
IS	686	0	0	0	0
IS	687	0	0	0	0
IS	688	0	0	0	0
IS	689	0	0	0	0
IS	690	0	0	0	0
IS	691	0	0	0	0
IS	692	0	0	0	0
IS	693	0	0	0	0
IS	694	0	0	0	0
IS	695	0	0	0	0
IS	696	0	0	0	0
IS	697	0	0	0	0
IS	698	0	0	0	0
IS	699	0	0	0	0
IS	700	0	0	0	0
IS	701	0	0	0	0
IS	702	0	0	0	0
IS	703	0	0	0	0
IS	704	0	0	0	0
IS	705	0	0	0	0
IS	706	0	0	0	0
IS	707	0	0	0	0
IS	708	0	0	0	0
IS	709	0	0	0	0
IS	710	0	0	0	0
IS	711	0	0	0	0
IS	712	0	0	0	0
IS	713	0	0	0	0
IS	714	0	0	0	0
IS	715	0	0	0	0
IS	716	0	0	0	0
IS	717	0	0	0	0
IS	718	0	0	0	0
IS	719	0	0	0	0
IS	720	0	0	0	0
IS	721	0	0	0	0
IS	722	0	0	0	0
IS	723	0	0	0	0
IS	724	0	0	0	0
IS	725	0	0	0	0
IS	726	0	0	0	0
IS	727	0	0	0	0
IS	728	0	0	0	0
IS	729	0	0	0	0
IS	730	0	0	0	0
IS	731	0	0	0	0
IS	732	0	0	0	0
IS	733	0	0	0	0
IS	734	0	0	0	0
IS	735	0	0	0	0
IS	736	0	0	0	0
IS	737	0	0	0	0
IS	738	0	0	0	0
IS	739	0	0	0	0
IS	740	0	0	0	0
IS	741	0	0	0	0
IS	742	0	0	0	0
IS	743	0	0	0	0
IS	744	0	0	0	0
IS	745	0	0	0	0
IS	746	0	0	0	0
IS	747	0	0	0	0
IS	748	0	0	0	0
IS	749	0	0	0	0
IS	750	0	0	0	0
IS	751	0	0	0	0
IS	752	0	0	0	0
IS	753	0	0	0	0
IS	754	0	0	0	0
IS	755	0	0	0	0
IS	756	0	0	0	0
IS	757	0	0	0	0
IS	758	0	0	0	0
IS	759	0	0	0	0
IS	760	0	0	0	0
IS	761	0	0	0	0
IS	762	0	0	0	0
IS	763	0	0	0	0
IS	764	0	0	0	0
IS	765	0	0	0	0
IS	766	0	0	0	0
IS	767	0	0	0	0
IS	768	0	0	0	0
IS	769	0	0	0	0
IS	770	0	0	0	0
IS	771	0	0	0	0
IS	772	0	0	0	0
IS	773	0	0	0	0
IS	774	0	0	0	0
IS	775	0	0	0	0
IS	776	0	0	0	0
IS	777	0	0	0	0
IS	778	0	0	0	0
IS	779	0	0	0	0
IS	780	0	0	0	0
IS	781	0	0	0	0
IS	782	0	0	0	0
IS	783	0	0	0	0
IS	784	0	0	0	0
IS	785	0	0	0	0
IS	786	0	0	0	0
IS	787	0	0	0	0
IS	788	0	0	0	0
IS	789	0	0	0	0
IS	790	0	0	0	0
IS	791	0	0	0	0
IS	792	0	0	0	0
IS	793	0	0	0	0
IS	794	0	0	0	0
IS	795	0	0	0	0
IS	796	0	0	0	0
IS	797	0	0	0	0
IS	798	0	0	0	0
IS	799	0	0	0	0
IS	800	0	0	0	0
IS	801	0	0	0	0
IS	802	0	0	0	0
IS	803	0	0	0	0
IS	804	0	0	0	0
IS	805	0	0	0	0
IS	806	0	0	0	0
IS	807	0	0	0	0
IS	808	0	0	0	0
IS	809	0	0	0	0
IS	810	0	0	0	0
IS	811	0	0	0	0
IS	812	0	0	0	0
IS	813	0	0	0	0
IS	814	0	0	0	0
IS	815	0	0	0	0
IS	816	0	0	0	0
IS	817	0	0	0	0
IS	818	0	0	0	0
IS	819	0	0	0	0
IS	820	0	0	0	0
IS	821	0	0	0	0
IS	822	0	0	0	0
IS	823	0	0	0	0
IS	824	0	0	0	0
IS	825	0	0	0	0
IS	826	0	0	0	0
IS	827	0	0	0	0
IS	828	0	0	0	0
IS	829	0	0	0	0
IS	830	0	0	0	0
IS	831	0	0	0	0
IS	832	0	0	0	0
IS	833	0	0	0	0
IS	834	0	0	0	0
IS	835	0	0	0	0
IS	836	0	0	0	0
IS	837	0	0	0	0
IS	838	0	0	0	0
IS	839	0	0	0	0
IS	840	0	0	0	0
IS	841	0	0	0	0
IS	842	0	0	0	0
IS	843	0	0	0	0
IS	844	0	0	0	0
IS	845	0	0	0	0
IS	846	0	0	0	0
IS	847	0	0	0	0
IS	848	0	0	0	0
IS	849	0	0	0	0
IS	850	0	0	0	0
IS	851	0	0	0	0
IS	852	0	0	0	0
IS	853	0	0	0	0
IS	854	0	0	0	0
IS	855	0	0	0	0
IS	856	0	0	0	0
IS	857	0	0	0	0
IS	858	0	0	0	0
IS	859	0	0	0	0
IS	860	0	0	0	0
IS	861	0	0	0	0
IS	862	0	0	0	0
IS	863	0	0	0	0
IS	864	0	0	0	0
IS	865	0	0	0	0
IS	866	0	0	0	0
IS	867	0	0	0	0
IS	868	0	0	0	0
IS	869	0	0	0	0
IS	870	0	0	0	0
IS	871	0	0	0	0
IS	872	0	0	0	0
IS	873	0	0	0	0
IS	874	0	0	0	0
IS	875	0	0	0	0
IS	876	0	0	0	0
IS	877	0	0	0	0
IS	878	0	0	0	0
IS	879	0	0	0	0
IS	880	0	0	0	0
IS	881	0	0	0	0
IS	882	0	0	0	0
IS	883	0	0	0	0
IS	884	0	0	0	0
IS	885	0	0	0	0
IS	886	0	0	0	0
IS	887	0	0	0	0
IS	888	0	0	0	0
IS	889	0	0	0	0
IS	890	0	0	0	0
IS	891	0	0	0	0
IS	892	0	0	0	0
IS	893	0	0	0	0
IS	894	0	0	0	0
IS	895	0	0	0	0
IS	896	0	0	0	0
IS	897	0	0	0	0
IS	898	0	0	0	0
IS	899	0	0	0	0
IS	900	0	0	0	0
IS	901	0	0	0	0
IS	902	0	0	0	0
IS	903	0	0	0	0
IS	904	0	0	0	0
IS	905	0	0	0	0
IS	906	0	0	0	0
IS	907	0	0	0	0
IS	908	0	0	0	0
IS	909	0	0	0	0
IS	910	0	0	0	0
IS	911	0	0	0	0
IS	912	0	0	0	0
IS	913	0	0	0	0
IS	914	0	0	0	0
IS	915	0	0	0	0
IS	916	0	0	0	0
IS	917	0	0	0	0
IS	918	0	0	0	0
IS	919	0	0	0	0
IS	920	0	0	0	0
IS	921	0	0	0	0
IS	922	0	0	0	0
IS	923	0	0	0	0
IS	924	0	0	0	0
IS	925	0	0	0	0
IS	926	0	0	0	0
IS	927	0	0	0	0
IS	928	0	0	0	0
IS	929	0	0	0	0
IS	930	0	0	0	0
IS	931	0	0	0	0
IS	932	0	0	0	0
IS	933	0	0	0	0
IS	934	0	0	0	0
IS	935	0	0	0	0
IS	936	0	0	0	0
IS	937	0	0	0	0
IS	938	0	0	0	0
IS	939	0	0	0	0
IS	940	0	0	0	0
IS	941	0	0	0	0
IS	942	0	0	0	0
IS	943	0	0	0	0
IS	944	0	0	0	0
IS	945	0	0	0	0
IS	946	0	0	0	0
IS	947	0	0	0	0
IS	948	0	0	0	0
IS	949	0	0	0	0
IS	950	0	0	0	0
IS	951	0	0	0	0
IS	952	0	0	0	0
IS	953	0	0	0	0
IS	954	0	0	0	0
IS	955	0	0	0	0
IS	956	0	0	0	0
IS	957	0	0	0	0
IS	958	0	0	0	0
IS	959	0	0	0	0
IS	960	0	0	0	0
IS	961	0	0	0	0
IS	962	0	0	0	0
IS	963	0	0	0	0
IS	964	0	0	0	0
IS	965	0	0	0	0
IS	966	0	0	0	0
IS	967	0	0	0	0
IS	968	0	0	0	0
IS	969	0	0	0	0
IS	970	0	0	0	0
IS	971	0	0	0	0
IS	972	0	0	0	0
IS	973	0	0	0	0
IS	974	0	0	0	0
IS	975	0	0	0	0
IS	976	0	0	0	0
IS	977	0	0	0	0
IS	978	0	0	0	0
IS	979	0	0	0	0
IS	980	0	0	0	0
IS	981	0	0	0	0
IS	982	0	0	0	0
IS	983	0	0	0	0
IS	984	0	0	0	0
IS	985	0	0	0	0
IS	986	0	0	0	0
IS	987	0	0	0	0
IS	988	0	0	0	0
IS	989	0	0	0	0
IS	990	0	0	0	0
IS	991	0	0	0	0
IS	992	0	0	0	0
IS	993	0	0	0	0
IS	994	0	0	0	0
IS	995	0	0	0	0
IS	996	0	0	0	0
IS	997	0	0	0	0
IS	998	0	0	0	0
IS	999	0	0	0	0
IS	1000	0	0	0	0
IS	1001	0	0	0	0
IS	1002	0	0	0	0
IS	1003	0	0	0	0
IS	1004	0	0	0	0
IS	1005	0	0	0	0
IS	1006	0	0	0	0
IS	1007	0	0	0	0
IS	1008	0	0	0	0
IS	1009	0	0	0	0
IS	1010	0	0	0	0
IS	1011	0	0	0	0
IS	1012	0	0	0	0
IS	1013	0	0	0	0
IS	1014	0	0	0	0
IS	1015	0	0	0	0
IS	1016	0	0	0	0
IS	1017	0	0	0	0
IS	1018	0	0	0	0
IS	1019	0	0	0	0
IS	1020	0	0	0	0
IS	1021	0	0	0	0
IS	1022	0	0	0	0
IS	1023	0	0	0	0
IS	1024	0	0	0	0
IS	1025	0	0	0	0
IS	1026	0	0	0	0
IS	1027	0	0	0	0
IS	1028	0	0	0	0
IS	1029	0	0	0	0
IS	1030	0	0	0	0
IS	1031	0	0	0	0
IS	1032	0	0	0	0
IS	1033	0	0	0	0
IS	1034	0	0	0	0
IS	1035	0	0	0	0
IS	1036	0	0	0	0
IS	1037	0	0	0	0
IS	1038	0	0	0	0
IS	1039	0	0	0	0
IS	1040	0	0	0	0
IS	1041	0	0	0	0
IS	1042	0	0	0	0
IS	1043	0	0	0	0
IS	1044	0	0	0	0
IS	1045	0	0	0	0
IS	1046	0	0	0	0
IS	1047	0	0	0	0
IS	1048	0	0	0	0
IS	1049	0	0	0	0
IS	1050	0	0	0	0
IS	1051	0	0	0	0
IS	1052	0	0	0	0
IS	1053	0	0	0	0
IS	1054	0	0	0	0
IS	1055	0	0	0	0
IS	1056	0	0	0	0
IS	1057	0	0	0	0
IS	1058	0	0	0	0
IS	1059	0	0	0	0
IS	1060	0	0	0	0
IS	1061	0	0	0	0
IS	1062	0	0	0	0
IS	1063	0	0	0	0
IS	1064	0	0	0	0
IS	1065	0	0	0	0
IS	1066	0	0	0	0
IS	1067	0	0	0	0
IS	1068	0	0	0	0
IS	1069	0	0	0	0
IS	1070	0	0	0	0
IS	1071	0	0	0	0
IS	1072	0	0	0	0
IS	1073	0	0	0	0
IS	1074	0	0	0	0
IS	1075	0	0	0	0
IS	1076	0	0	0	0
IS	1077	0	0	0	0
IS	1078	0	0	0	0
IS	1079	0	0	0	0
IS	1080	0	0	0	0
IS	1081	0	0	0	0
IS	1082	0	0	0	0
IS	1083	0	0	0	0
IS	1084	0	0	0	0
IS	1085	0	0	0	0
IS	1086	0	0	0	0
IS	1087	0	0	0	0
IS	1088	0	0	0	0
IS	1089	0	0	0	0
IS	1090	0	0	0	0
IS	1091	0	0	0	0
IS	1092	0	0	0	0
IS	1093	0	0	0	0
IS	1094	0	0	0	0
IS	1095	0	0	0	0
IS	1096	0	0	0	0
IS	1097	0	0	0	0
IS	1098	0	0	0	0
IS	1099	0	0	0	0
IS	1100	0	0	0	0
IS	1101	0	0	0	0
IS	1102	0	0	0	0
IS	1103	0	0	0	0
IS	1104	0	0	0	0
IS	1105	0	0	0	0
IS	1106	0	0	0	0
IS	1107	0	0	0	0
IS	1108	0	0	0	0
IS	1109	0	0	0	0
IS	1110	0	0	0	0
IS	1111	0	0	0	0
IS	1112	0	0	0	0
IS	1113	0	0	0	0
IS	1114	0	0	0	0
IS	1115	0	0	0	0
IS	1116	0	0	0	0
IS	1117	0	0	0	0
IS	1118	0	0	0	0
IS	1119	0	0	0	0
IS	1120	0	0	0	0
IS	1121	0	0	0	0
IS	1122	0	0	0	0
IS	1123	0	0	0	0
IS	1124	0	0	0	0
IS	1125	0	0	0	0
IS	1126	0	0	0	0
IS	1127	0	0	0	0
IS	1128	0	0	0	0
IS	1129	0	0	0	0
IS	1130	0	0	0	0
IS	1131	0	0	0	0
IS	1132	0	0	0	0
IS	1133	0	0	0	0
IS	1134	0	0	0	0
IS	1135	0	0	0	0
IS	1136	0	0	0	0
IS	1137	0	0	0	0
IS	1138	0	0	0	0
IS	1139	0	0	0	0
IS	1140	0	0	0	0
IS	1141	0	0	0	0
IS	1142	0	0	0	0
IS	1143	0	0	0	0
IS	1144	0	0	0	0
IS	1145	0	0	0	0
IS	1146	0	0	0	0
IS	1147	0	0	0	0
IS	1148	0	0	0	0
IS	1149	0	0	0	0
IS	1150	0	0	0	0
IS	1151	0	0	0	0
IS	1152	0	0	0	0
IS	1153	0	0	0	0
IS	1154	0	0	0	0
IS	1155	0	0	0	0
IS	1156	0	0	0	0
IS	1157	0	0	0	0
IS	1158	0	0	0	0
IS	1159	0	0	0	0
IS	1160	0	0	0	0
IS	1161	0	0	0	0
IS	1162	0	0	0	0
IS	1163	0	0	0	0
IS	1164	0	0	0	0
IS	1165	0	0	0	0
IS	1166	0	0	0	0
IS	1167	0	0	0	0
IS	1168	0	0	0	0
IS	1169	0	0	0	0
IS	1170	0	0	0	0
IS	1171	0	0	0	0
IS	1172	0	0	0	0
IS	1173	0	0	0	0
IS	1174	0	0	0	0
IS	1175	0	0	0	0
IS	1176	0	0	0	0
IS	1177	0	0	0	0
IS	1178	0	0	0	0
IS	1179	0	0	0	0
IS	1180	0	0	0	0
IS	1181	0	0	0	0
IS	1182	0	0	0	0
IS	1183	0	0	0	0
IS	1184	0	0	0	0
IS	1185	0	0	0	0
IS	1186	0	0	0	0
IS	1187	0	0	0	0
IS	1188	0	0	0	0
IS	1189	0	0	0	0
IS	1190	0	0	0	0
IS	1191	0	0	0	0
IS	1192	0	0	0	0
IS	1193	0	0	0	0
IS	1194	0	0	0	0
IS	1195	0	0	0	0
IS	1196	0	0	0	0
IS	1197	0	0	0	0
IS	1198	0	0	0	0
IS	1199	0	0	0	0
IS	1200	0	0	0	0
IS	1201	0	0	0	0
IS	1202	0	0	0	0
IS	1203	0	0	0	0
IS	1204	0	0	0	0
IS	1205	0	0	0	0
IS	1206	0	0	0	0
IS	1207	0	0	0	0
IS	1208	0	0	0	0
IS	1209	0	0	0	0
IS	1210	0	0	0	0
IS	1211	0	0	0	0
IS	1212	0	0	0	0
IS	1213	0	0	0	0
IS	1214	0	0	0	0
IS	1215	0	0	0	0
IS	1216	0	0	0	0
IS	1217	0	0	0	0
IS	1218	0	0	0	0
IS	1219	0	0	0	0
IS	1220	0	0	0	0
IS	1221	0	0	0	0
IS	1222	0	0	0	0
IS	1223	0	0	0	0
IS	1224	0	0	0	0
IS	1225	0	0	0	0
IS	1226	0	0	0	0
IS	1227	0	0	0	0
IS	1228	0	0	0	0
IS	1229	0	0	0	0
IS	1230	0	0	0	0
IS	1231	0	0	0	0
IS	1232	0	0	0	0
IS	1233	0	0	0	0
IS	1234	0	0	0	0
IS	1235	0	0	0	0
IS	1236	0	0	0	0
IS	1237	0	0	0	0
IS	1238	0	0	0	0
IS	1239	0	0	0	0
IS	1240	0	0	0	0
IS	1241	0	0	0	0
IS	1242	0	0	0	0
IS	1243	0	0	0	0
IS	1244	0	0	0	0
IS	1245	0	0	0	0
IS	1246	0	0	0	0
IS	1247	0	0	0	0
IS	1248	0	0	0	0
IS	1249	0	0	0	0
IS	1250	0	0	0	0
IS	1251	0	0	0	0
IS	1252	0	0	0	0
IS	1253	0	0	0	0
IS	1254	0	0	0	0
IS	1255	0	0	0	0
IS	1256	0	0	0	0
IS	1257	0	0	0	0
IS	1258	0	0	0	0
IS	1259	0	0	0	0
IS	1260	0	0	0	0
IS	1261	0	0	0	0
IS	1262	0	0	0	0
IS	1263	0	0	0	0
IS	1264	0	0	0	0
IS	1265	0	0	0	0
IS	1266	0	0	0	0
IS	1267	0	0	0	0
IS	1268	0	0	0	0
IS	1269	0	0	0	0
IS	1270	0	0	0	0
IS	1271	0	0	0	0
IS	1272	0	0	0	0
IS	1273	0	0	0	0
IS	1274	0	0	0	0
IS	1275	0	0	0	0
IS	1276	0	0	0	0
IS	1277	0	0	0	0
IS	1278	0	0	0	0
IS	1279	0	0	0	0
IS	1280	0	0	0	0
IS	1281	0	0	0	0
IS	1282	0	0	0	0
IS	1283	0	0	0	0
IS	1284	0	0	0	0
IS	1285	0	0	0	0
IS	1286	0	0	0	0
IS	1287	0	0	0	0
IS	1288	0	0	0	0
IS	1289	0	0	0	0
IS	1290	0	0	0	0
IS	1291	0	0	0	0
IS	1292	0	0	0	0
IS	1293	0	0	0	0
IS	1294	0	0	0	0
IS	1295	0	0	0	0
IS	1296	0	0	0	0
IS	1297	0	0	0	0
IS	1298	0	0	0	0
IS	1299	0	0	0	0
IS	1300	0	0	0	0
IS	1301	0	0	0	0
IS	1302	0	0	0	0
IS	1303	0	0	0	0
IS	1304	0	0	0	0
IS	1305	0	0	0	0
IS	1306	0	0	0	0
IS	1307	0	0	0	0
IS	1308	0	0	0	0
IS	1309	0	0	0	0
IS	1310	0	0	0	0
IS	1311	0	0	0	0
IS	1312	0	0	0	0
IS	1313	0	0	0	0
IS	1314	0	0	0	0
IS	1315	0	0	0	0
IS	1316	0	0	0	0
IS	1317	0	0	0	0
IS	1318	0	0	0	0
IS	1319	0	0	0	0
IS	1320	0	0	0	0
IS	1321	0	0	0	0
IS	1322	0	0	0	0
IS	1323	0	0	0	0
IS	1324	0	0	0	0
IS	1325	0	0	0	0
IS	1326	0	0	0	0
IS	1327	0	0	0	0
IS	1328	0	0	0	0
IS	1329	0	0	0	0
IS	1330	0	0	0	0
IS	1331	0	0	0	0
IS	1332	0	0	0	0
IS	1333	0	0	0	0
IS	1334	0	0	0	0
IS	1335	0	0	0	0
IS	1336	0	0	0	0
IS	1337	0	0	0	0
IS	1338	0	0	0	0
IS	1339	0	0	0	0
IS	1340	0	0	0	0
IS	1341	0	0	0	0
IS	1342	0	0	0	0
IS	1343	0	0	0	0
IS	1344	0	0	0	0
IS	1345	0	0	0	0
IS	1346	0	0	0	0
IS	1347	0	0	0	0
IS	1348	0	0	0	0
IS	1349	0	0	0	0
IS	1350	0	0	0	0
IS	1351	0	0	0	0
IS	1352	0	0	0	0
IS	1353	0	0	0	0
IS	1354	0	0	0	0
IS	1355	0	0	0	0
IS	1356	0	0	0	0
IS	1357	0	0	0	0
IS	1358	0	0	0	0
IS	1359	0	0	0	0
IS	1360	0	0	0	0
IS	1361	0	0	0	0
IS	1362	0	0	0	0
IS	1363	0	0	0	0
IS	1364	0	0	0	0
IS	1365	0	0	0	0
IS	1366	0	0	0	0
IS	1367	0	0	0	0
IS	1368	0	0	0	0
IS	1369	0	0	0	0
IS	1370	0	0	0	0
IS	1371	0	0	0	0
IS	1372	0	0	0	0
IS	1373	0	0	0	0
IS	1374	0	0	0	0
IS	1375	0	0	0	0
IS	1376	0	0	0	0
IS	1377	0	0	0	0
IS	1378	0	0	0	0
IS	1379	0	0	0	0
IS	1380	0	0	0	0
IS	1381	0	0	0	0
IS	1382	0	0	0	0
IS	1383	0	0	0	0
IS	1384	0	0	0	0
IS	1385	0	0	0	0
IS	1386	0	0	0	0
IS	1387	0	0	0	0
IS	1388	0	0	0	0
IS	1389	0	0	0	0
IS	1390	0	0	0	0
IS	1391	0	0	0	0
IS	1392	0	0	0	0
IS	1393	0	0	0	0
IS	1394	0	0	0	0
IS	1395	0	0	0	0
IS	1396	0	0	0	0
IS	1397	0	0	0	0
IS	1398	0	0	0	0
IS	1399	0	0	0	0
IS	1400	0	0	0	0
IS	1401	0	0	0	0
IS	1402	0	0	0	0
IS	1403	0	0	0	0
IS	1404	0	0	0	0
IS	1405	0	0	0	0
IS	1406	0	0	0	0
IS	1407	0	0	0	0
IS	1408	0	0	0	0
IS	1409	0	0	0	0
IS	1410	0	0	0	0
IS	1411	0	0	0	0
IS	1412	0	0	0	0
IS	1413	0	0	0	0
IS	1414	0	0	0	0
IS	1415	0	0	0	0
IS	1416	0	0	0	0
IS	1417	0	0	0	0
IS	1418	0	0	0	0
IS	1419	0	0	0	0
IS	1420	0	0	0	0
IS	1421	0	0	0	0
IS	1422	0	0	0	0
IS	1423	0	0	0	0
IS	1424	0	0	0	0
IS	1425	0	0	0	0
IS	1426	0	0	0	0
IS	1427	0	0	0	0
IS	1428	0	0	0	0
IS	1429	0	0	0	0
IS	1430	0	0	0	0
IS	1431	0	0	0	0
IS	1432	0	0	0	0
IS	1433	0	0	0	0
IS	1434	0	0	0	0
IS	1435	0	0	0	0
IS	1436	0	0	0	0
IS	1437	0	0	0	0
IS	1438	0	0	0	0
IS	1439	0	0	0	0
IS	1440	0	0	0	0
IS	1441	0	0	0	0
IS	1442	0	0	0	0
IS	1443	0	0	0	0
IS	1444	0	0	0	0
IS	1445	0	0	0	0
IS	1446	0	0	0	0
IS	1447	0	0	0	0
IS	1448	0	0	0	0
IS	1449	0	0	0	0
IS	1450	0	0	0	0
IS	1451	0	0	0	0
IS	1452	0	0	0	0
IS	1453	0	0	0	0
IS	1454	0	0	0	0
IS	1455	0	0	0	0
IS	1456	0	0	0	0
IS	1457	0	0	0	0
IS	1458	0	0	0	0
IS	1459	0	0	0	0
IS	1460	0	0	0	0
IS	1461	0	0	0	0
IS	1462	0	0	0	0
IS	1463	0	0	0	0
IS	1464	0	0	0	0
IS	1465	0	0	0	0
IS	1466	0	0	0	0
IS	1467	0	0	0	0
IS	1468	0	0	0	0
IS	1469	0	0	0	0
IS	1470	0	0	0	0
IS	1471	0	0	0	0
IS	1472	0	0	0	0
IS	1473	0	0	0	0
IS	1474	0	0	0	0
IS	1475	0	0	0	0
IS	1476	0	0	0	0
IS	1477	0	0	0	0
IS	1478	0	0	0	0
IS	1479	0	0	0	0
IS	1480	0	0	0	0
IS	1481	0	0	0	0
IS	1482	0	0	0	0
IS	1483	0	0	0	0
IS	1484	0	0	0	0
IS	1485	0	0	0	0
IS	1486	0	0	0	0
IS	1487	0	0	0	0
IS	1488	0	0	0	0
IS	1489	0	0	0	0
IS	1490	0	0	0	0
IS	1491	0	0	0	0
IS	1492	0	0	0	0
IS	1493	0	0	0	0
IS	1494	0	0	0	0
IS	1495	0	0	0	0
IS	1496	0	0	0	0
IS	1497	0	0	0	0
IS	1498	0	0	0	0
IS	1499	0	0	0	0
IS	1500	0	0	0	0
IS	1501	0	0	0	0
IS	1502	0	0	0	0
IS	1503	0	0	0	0
IS	1504	0	0	0	0
IS	1505	0	0	0	0
IS	1506	0	0	0	0
IS	1507	0	0	0	0
IS	1508	0	0	0	0
IS	1509	0	0	0	0
IS	1510	0	0	0	0
IS	1511	0	0	0	0
IS	1512	0	0	0	0
IS	1513	0	0	0	0
IS	1514	0	0	0	0
IS	1515	0	0	0	0
IS	1516	0	0	0	0
IS	1517	0	0	0	0
IS	1518	0	0	0	0
IS	1519	0	0	0	0
IS	1520	0	0	0	0
IS	1521	0	0	0	0
IS	1522	0	0	0	0
IS	1523	0	0	0	0
IS	1524	0	0	0	0
IS	1525	0	0	0	0
IS	1526	0	0	0	0
IS	1527	0	0	0	0
IS	1528	0	0	0	0
IS	1529	0	0	0	0
IS	1530	0	0	0	0
IS	1531	0	0	0	0
IS	1532	0	0	0	0
IS	1533	0	0	0	0
IS	1534	0	0	0	0
IS	1535	0	0	0	0
IS	1536	0	0	0	0
IS	1537	0	0	0	0
IS	1538	0	0	0	0
IS	1539	0	0	0	0
IS	1540	0	0	0	0
IS	1541	0	0	0	0
IS	1542	0	0	0	0
IS	1543	0	0	0	0
IS	1544	0	0	0	0
IS	1545	0	0	0	0
IS	1546	0	0	0	0
IS	1547	0	0	0	0
IS	1548	0	0	0	0
IS	1549	0	0	0	0
IS	1550	0	0	0	0
IS	1551	0	0	0	0
IS	1552	0	0	0	0
IS	1553	0	0	0	0
IS	1554	0	0	0	0
IS	1555	0	0	0	0
IS	1556	0	0	0	0
IS	1557	0	0	0	0
IS	1558	0	0	0	0
IS	1559	0	0	0	0
IS	1560	0	0	0	0
IS	1561	0	0	0	0
IS	1562	0	0	0	0
IS	1563	0	0	0	0
IS	1564	0	0	0	0
IS	1565	0	0	0	0
IS	1566	0	0	0	0
IS	1567	0	0	0	0
IS	1568	0	0	0	0
IS	1569	0	0	0	0
IS	1570	0	0	0	0
IS	1571	0	0	0	0
IS	1572	0	0	0	0
IS	1573	0	0	0	0
IS	1574	0	0	0	0
IS	1575	0	0	0	0
IS	1576	0	0	0	0
IS	1577	0	0	0	0
IS	1578	0	0	0	0
IS	1579	0	0	0	0
IS	1580	0	0	0	0
IS	1581	0	0	0	0
IS	1582	0	0	0	0
IS	1583	0	0	0	0
IS	1584	0	0	0	0
IS	1585	0	0	0	0
IS	1586	0	0	0	0
IS	1587	0	0	0	0
IS	1588	0	0	0	0
IS	1589	0	0	0	0
IS	1590	0	0	0	0
IS	1591	0	0	0	0
IS	1592	0	0	0	0
IS	1593	0	0	0	0
IS	1594	0	0	0	0
IS	1595	0	0	0	0
IS	1596	0	0	0	0
IS	1597	0	0	0	0
IS	1598	0	0	0	0
IS	1599	0	0	0	0
IS	1600	0	0	0	0
IS	1601	0	0	0	0
IS	1602	0	0	0	0
IS	1603	0	0	0	0
IS	1604	0	0	0	0
IS	1605	0	0	0	0
IS	1606	0	0	0	0
IS	1607	0	0	0	0
IS	1608	0	0	0	0
IS	1609	0	0	0	0
IS	1610	0	0	0	0
IS	1611	0	0	0	0
IS	1612	0	0	0	0
IS	1613	0	0	0	0
IS	1614	0	0	0	0
IS	1615	0	0	0	0
IS	1616	0	0	0	0
IS	1617	0	0	0	0
IS	1618	0	0	0	0
IS	1619	0	0	0	0
IS	1620	0	0	0	0
IS	1621	0	0	0	0
IS	1622	0	0	0	0
IS	1623	0	0	0	0
IS	1624	0	0	0	0
IS	1625	0	0	0	0
IS	1626	0	0	0	0
IS	1627	0	0	0	0
IS	1628	0	0	0	0
IS	1629	0	0	0	0
IS	1630	0	0	0	0
IS	1631	0	0	0	0
IS	1632	0	0	0	0
IS	1633	0	0	0	0
IS	1634	0	0	0	0
IS	1635	0	0	0	0
IS	1636	0	0	0	0
IS	1637	0	0	0	0
IS	1638	0	0	0	0
IS	1639	0	0	0	0
IS	1640	0	0	0	0
IS	1641	0	0	0	0
IS	1642	0	0	0	0
IS	1643	0	0	0	0
IS	1644	0	0	0	0
IS	1645	0	0	0	0
IS	1646	0	0	0	0
IS	1647	0	0	0	0
IS	1648	0	0	0	0
IS	1649	0	0	0	0
IS	1650	0	0	0	0
IS	1651	0	0	0	0
IS	1652	0	0	0	0
IS	1653	0	0	0	0
IS	1654	0	0	0	0
IS	1655	0	0	0	0
IS	1656	0	0	0	0
IS	1657	0	0	0	0
IS	1658	0	0	0	0
IS	1659	0	0	0	0
IS	1660	0	0	0	0
IS	1661	0	0	0	0
IS	1662	0	0	0	0
IS	1663	0	0	0	0
IS	1664	0	0	0	0
IS	1665	0	0	0	0
IS	1666	0	0	0	0
IS	1667	0	0	0	0
IS	1668	0	0	0	0
IS	1669	0	0	0	0
IS	1670	0	0	0	0
IS	1671	0	0	0	0
IS	1672	0	0	0	0
IS	1673	0	0	0	0
IS	1674	0	0	0	0
IS	1675	0	0	0	0
IS	1676	0	0	0	0
IS	1677	0	0	0	0
IS	1678	0	0	0	0
IS	1679	0	0	0	0
IS	1680	0	0	0	0
IS	1681	0	0	0	0
IS	1682	0	0	0	0
IS	1683	0	0	0	0
IS	1684	0	0	0	0
IS	1685	0	0	0	0
IS	1686	0	0	0	0
IS	1687	0	0	0	0
IS	1688	0	0	0	0
IS	1689	0	0	0	0
IS	1690	0	0	0	0
IS	1691	0	0	0	0
IS	1692	0	0	0	0
IS	1693	0	0	0	0
IS	1694	0	0	0	0
IS	1695	0	0	0	0
IS	1696	0	0	0	0
IS	1697	0	0	0	0
IS	1698	0	0	0	0
IS	1699	0	0	0	0
IS	1700	0	0	0	0
IS	1701	0	0	0	0
IS	1702	0	0	0	0
IS	1703	0	0	0	0
IS	1704	0	0	0	0
IS	1705	0	0	0	0
IS	1706	0	0	0	0
IS	1707	0	0	0	0
IS	1708	0	0	0	0
IS	1709	0	0	0	0
IS	1710	0	0	0	0
IS	1711	0	0	0	0
IS	1712	0	0	0	0
IS	1713	0	0	0	0
IS	1714	0	0	0	0
IS	1715	0	0	0	0
IS	1716	0	0	0	0
IS	1717	0	0	0	0
IS	1718	0	0	0	0
IS	1719	0	0	0	0
IS	1720	0	0	0	0
IS	1721	0	0	0	0
IS	1722	0	0	0	0
IS	1723	0	0	0	0
IS	1724	0	0	0	0
IS	1725	0	0	0	0
IS	1726	0	0	0	0
IS	1727	0	0	0	0
IS	1728	0	0	0	0
IS	1729	0	0	0	0
IS	1730	0	0	0	0
IS	1731	0	0	0	0
IS	1732	0	0	0	0
IS	1733	0	0	0	0
IS	1734	0	0	0	0
IS	1735	0	0	0	0
IS	1736	0	0	0	0
IS	1737	0	0	0	0
IS	1738	0	0	0	0
IS	1739	0	0	0	0
IS	1740	0	0	0	0
IS	1741	0	0	0	0
IS	1742	0	0	0	0
IS	1743	0	0	0	0
IS	1744	0	0	0	0
IS	1745	0	0	0	0
IS	1746	0	0	0	0
IS	1747	0	0	0	0
IS	1748	0	0	0	0
IS	1749	0	0	0	0
IS	1750	0	0	0	0
IS	1751	0	0	0	0
IS	1752	0	0	0	0
IS	1753	0	0	0	0
IS	1754	0	0	0	0
IS	1755	0	0	0	0
IS	1756	0	0	0	0
IS	1757	0	0	0	0
IS	1758	0	0	0	0
IS	1759	0	0	0	0
IS	1760	0	0	0	0
IS	1761	0	0	0	0
IS	1762	0	0	0	0
IS	1763	0	0	0	0
IS	1764	0	0	0	0
IS	1765	0	0	0	0
IS	1766	0	0	0	0
IS	1767	0	0	0	0
IS	1768	0	0	0	0
IS	1769	0	0	0	0
IS	1770	0	0	0	0
IS	1771	0	0	0	0
IS	1772	0	0	0	0
IS	1773	0	0	0	0
IS	1774	0	0	0	0
IS	1775	0	0	0	0
IS	1776	0	0	0	0
IS	1777	0	0	0	0
IS	1778	0	0	0	0
IS	1779	0	0	0	0
IS	1780	0	0	0	0
IS	1781	0	0	0	0
IS	1782	0	0	0	0
IS	1783	0	0	0	0
IS	1784	0	0	0	0
IS	1785	0	0	0	0
IS	1786	0	0	0	0
IS	1787	0	0	0	0
IS	1788	0	0	0	0
IS	1789	0	0	0	0
IS	1790	0	0	0	0
IS	1791	0	0	0	0
IS	1792	0	0	0	0
IS	1793	0	0	0	0
IS	1794	0	0	0	0
IS	1795	0	0	0	0
IS	1796	0	0	0	0
IS	1797	0	0	0	0
IS	1798	0	0	0	0
IS	1799	0	0	0	0
IS	1800	0	0	0	0
IS	1801	0	0	0	0
IS	1802	0	0	0	0
IS	1803	0	0	0	0
IS	1804	0	0	0	0
IS	1805	0	0	0	0
IS	1806	0	0	0	0
IS	1807	0	0	0	0
IS	1808	0	0	0	0
IS	1809	0	0	0	0
IS	1810	0	0	0	0
IS	1811	0	0	0	0
IS	1812	0	0	0	0
IS	1813	0	0	0	0
IS	1814	0	0	0	0
IS	1815	0	0	0	0
IS	1816	0	0	0	0
IS	1817	0	0	0	0
IS	1818	0	0	0	0
IS	1819	0	0	0	0
IS	1820	0	0	0	0
IS	1821	0	0	0	0
IS	1822	0	0	0	0
IS	1823	0	0	0	0
IS	1824	0	0	0	0
IS	1825	0	0	0	0
IS	1826	0	0	0	0
IS	1827	0	0	0	0
IS	1828	0	0	0	0
IS	1829	0	0	0	0
IS	1830	0	0	0	0
IS	1831	0	0	0	0
IS	1832	0	0	0	0
IS	1833	0	0	0	0
IS	1834	0	0	0	0
IS	1835	0	0	0	0
IS	1836	0	0	0	0
IS	1837	0	0	0	0
IS	1838	0	0	0	0
IS	1839	0	0	0	0
IS	1840	0	0	0	0
IS	1841	0	0	0	0
IS	1842	0	0	0	0
IS	1843	0	0	0	0
IS	1844	0	0	0	0
IS	1845	0	0	0	0
IS	1846	0	0	0	0
IS	1847	0	0	0	0
IS	1848	0	0	0	0
IS	1849	0	0	0	0
IS	1850	0	0	0	0
IS	1851	0	0	0	0
IS	1852	0	0	0	0
IS	1853	0	0	0	0
IS	1854	0	0	0	0
IS	1855	0	0	0	0
IS	1856	0	0	0	0
IS	1857	0	0	0	0
IS	1858	0	0	0	0
IS	1859	0	0	0	0
IS	1860	0	0	0	0
IS	1861	0	0	0	0
IS	1862	0	0	0	0
IS	1863	0	0	0	0
IS	1864	0	0	0	0
IS	1865	0	0	0	0
IS	1866	0	0	0	0
IS	1867	0	0	0	0
IS	1868	0	0	0	0
IS	1869	0	0	0	0
IS	1870	0	0	0	0
IS	1871	0	0	0	0
IS	1872	0	0	0	0
IS	1873	0	0	0	0
IS	1874	0	0	0	0
IS	1875	0	0	0	0
IS	1876	0	0	0	0
IS	1877	0	0	0	0
IS	1878	0	0	0	0
IS	1879	0	0	0	0
IS	1880	0	0	0	0
IS	1881	0	0	0	0
IS	1882	0	0	0	0
IS	1883	0	0	0	0
IS	1884	0	0	0	0
IS	1885	0	0	0	0
IS	1886	0	0	0	0
IS	1887	0	0	0	0
IS	1888	0	0	0	0
IS	1889	0	0	0	0
IS	1890	0	0	0	0
IS	1891	0	0	0	0
IS	1892	0	0	0	0
IS	1893	0	0	0	0
IS	1894	0	0	0	0
IS	1895	0	0	0	0
IS	1896	0	0	0	0
IS	1897	0	0	0	0
IS	1898	0	0	0	0
IS	1899	0	0	0	0
IS	1900	0	0	0	0
IS	1901	0	0	0	0
IS	1902	0	0	0	0
IS	1903	0	0	0	0
IS	1904	0	0	0	0
IS	1905	0	0	0	0
IS	1906	0	0	0	0
IS	1907	0	0	0	0
IS	1908	0	0	0	0
IS	1909	0	0	0	0
IS	1910	0	0	0	0
IS	1911	0	0	0	0
IS	1912	0	0	0	0
IS	1913	0	0	0	0
IS	1914	0	0	0	0
IS	1915	0	0	0	0
IS	1916	0	0	0	0
IS	1917	0	0	0	0
IS	1918	0	0	0	0
IS	1919	0	0	0	0
IS	1920	0	0	0	0
IS	1921	0	0	0	0
IS	1922	0	0	0	0
IS	1923	0	0	0	0
IS	1924	0	0	0	0
IS	1925	0	0	0	0
IS	1926	0	0	0	0
IS	1927	0	0	0	0
IS	1928	0	0	0	0
IS	1929	0	0	0	0
IS	1930	0	0	0	0
IS	1931	0	0	0	0
IS	1932	0	0	0	0
IS	1933	0	0	0	0
IS	1934	0	0	0	0
IS	1935	0	0	0	0
IS	1936	0	0	0	0
IS	1937	0	0	0	0
IS	1938	0	0	0	0
IS	1939	0	0	0	0
IS	1940	0	0	0	0
IS	1941	0	0	0	0
IS	1942	0	0	0	0
IS	1943	0	0	0	0
IS	1944	0	0	0	0
IS	1945	0	0	0	0
IS	1946	0	0	0	0
IS	1947	0	0	0	0
IS	1948	0	0	0	0
IS	1949	0	0	0	0
IS	1950	0	0	0	0
IS	1951	0	0	0	0
IS	1952	0	0	0	0
IS	1953	0	0	0	0
IS	1954	0	0	0	0
IS	1955	0	0	0	0
IS	1956	0	0	0	0
IS	1957	0	0	0	0
IS	1958	0	0	0	0
IS	1959	0	0	0	0
IS	1960	0	0	0	0
IS	1961	0	0	0	0
IS	1962	0	0	0	0
IS	1963	0	0	0	0
IS	1964	0	0	0	0
IS	1965	0	0	0	0
IS	1966	0	0	0	0
IS	1967	0	0	0	0
IS	1968	0	0	0	0
IS	1969	0	0	0	0
IS	1970	0	0	0	0
IS	1971	0	0	0	0
IS	1972	0	0	0	0
IS	1973	0	0	0	0
IS	1974	0	0	0	0
IS	1975	0	0	0	0
IS	1976	0	0	0	0
IS	1977	0	0	0	0
IS	1978	0	0	0	0
IS	1979	0	0	0	0
IS	1980	0	0	0	0
IS	1981	0	0	0	0
IS	1982	0	0	0	0
IS	1983	0	0	0	0
IS	1984	0	0	0	0
IS	1985	0	0	0	0
IS	1986	0	0	0	0
IS	1987	0	0	0	0
IS	1988	0	0	0	0
IS	1989	0	0	0	0
IS	1990	0	0	0	0
IS	1991	0	0	0	0
IS	1992	0	0	0	0
IS	1993	0	0	0	0
IS	1994	0	0	0	0
IS	1995	0	0	0	0
IS	1996	0	0	0	0
IS	1997	0	0	0	0
IS	1998	0	0	0	0
IS	1999	0	0	0	0
IS	2000	0	0	0	0
IS	2001	0	0	0	0
IS	2002	0	0	0	0
IS	2003	0	0	0	0
IS	2004	0	0	0	0
IS	2005	0	0	0	0
IS	2006	0	0	0	0
IS	2007	0	0	0	0
IS	2008	0	0	0	0
IS	2009	0	0	0	0
IS	2010	0	0	0	0
IS	2011	0	0	0	0
IS	2012	0	0	0	0
IS	2013	0	0	0	0
IS	2014	0	0	0	0
IS	2015	0	0	0	0
IS	2016	0	0	0	0
IS	2017	0	0	0	0
IS	2018	0	0	0	0
IS	2019	0	0	0	0
IS	2020	0	0	0	0
IS	2021	0	0	0	0
IS	2022	0	0	0	0
IS	2023	0	0	0	0
IS	2024	0	0	0	0
IS	2025	0	0	0	0
IS	2026	0	0	0	0
IS	2027	0	0	0	0
IS	2028	0	0	0	0
IS	2029	0	0	0	0
IS	2030	0	0	0	0
IS	2031	0	0	0	0
IS	2032	0	0	0	0
IS	2033	0	0	0	0
IS	2034	0	0	0	0
IS	2035	0	0	0	0
IS	2036	0	0	0	0
IS	2037	0	0	0	0
IS	2038	0	0	0	0
IS	2039	0	0	0	0
IS	2040	0	0	0	0
IS	2041	0	0	0	0
IS	2042	0	0	0	0
IS	2043	0	0	0	0
IS	2044	0	0	0	0
IS	2045	0	0	0	0
IS	2046	0	0	0	0
IS	2047	0	0	0	0
IS	2048	0	0	0	0
IS	2049	0	0	0	0
IS	2050	0	0	0	0
IS	2051	0	0	0	0
IS	2052	0	0	0	0
IS	2053	0	0	0	0
IS	2054	0	0	0	0
IS	2055	0	0	0	0
IS	2056	0	0	0	0
IS	2057	0	0	0	0
IS	2058	0	0	0	0
IS	2059	0	0	0	0
IS	2060	0	0	0	0
IS	2061	0	0	0	0
IS	2062	0	0	0	0
IS	2063	0	0	0	0
IS	2064	0	0	0	0
IS	2065	0	0	0	0
IS	2066	0	0	0	0
IS	2067	0	0	0	0
IS	2068	0	0	0	0
IS	2069	0	0	0	0
IS	2070	0	0	0	0
IS	2071	0	0	0	0
IS	2072	0	0	0	0
IS	2073	0	0	0	0
IS	2074	0	0	0	0
IS	2075	0	0	0	0
IS	2076	0	0	0	0
IS	2077	0	0	0	0
IS	2078	0	0	0	0
IS	2079	0	0	0	0
IS	2080	0	0	0	0
IS	2081	0	0	0	0
IS	2082	0	0	0	0
IS	2083	0	0	0	0
IS	2084	0	0	0	0
IS	2085	0	0	0	0
IS	2086	0	0	0	0
IS	2087	0	0	0	0
IS	2088	0	0	0	0
IS	2089	0	0	0	0
IS	2090	0	0	0	0
IS	2091	0	0	0	0
IS	2092	0	0	0	0
IS	2093	1	0	0	1
IS	2094	0	0	0	0
IS	2095	1	0	0	1
IS	2096	0	0	0	0
IS	2097	2	0	0	2
IS	2098	0	0	0	0
IS	2099	0	0	0	0
IS	2100	1	0	0	1
IS	2101	0	0	0	0
IS	2102	0	0	0	0
IS	2103	0	0	0	0
IS	2104	0	0	0	0
IS	2105	0	0	0	0
IS	2106	0	0	0	0
IS	2107	0	0	0	0
IS	2108	1	0	0	1
# Read lengths. Use `grep ^RL | cut -f 2-` to extract this part. The columns are: read length, count
RL	101	8630
# Read lengths - first fragments. Use `grep ^FRL | cut -f 2-` to extract this part. The columns are: read length, count
FRL	101	4315
# Read lengths - last fragments. Use `grep ^LRL | cut -f 2-` to extract this part. The columns are: read length, count
LRL	101	4315
# Indel distribution. Use `grep ^ID | cut -f 2-` to extract this part. The columns are: length, number of insertions, number of deletions
ID	1	3	10
ID	2	3	2
ID	4	2	1
ID	6	14	0
ID	8	1	0
# Indels per cycle. Use `grep ^IC | cut -f 2-` to extract this part. The columns are: cycle, number of insertions (fwd), .. (rev) , number of deletions (fwd), .. (rev)
IC	12	0	1	0	0
IC	25	0	0	1	0
IC	30	0	1	0	0
IC	34	0	0	1	0
IC	39	1	0	0	0
IC	41	0	0	0	1
IC	50	1	0	0	0
IC	52	1	0	0	0
IC	53	0	1	0	0
IC	57	1	0	1	0
IC	59	0	1	0	0
IC	61	1	0	0	0
IC	62	0	0	2	0
IC	65	0	0	0	1
IC	69	1	0	0	0
IC	74	0	1	0	0
IC	76	0	1	0	0
IC	77	1	0	0	0
IC	80	0	1	0	0
IC	81	1	3	0	0
IC	83	0	0	1	0
IC	84	0	1	0	0
IC	86	0	1	1	0
IC	88	0	0	0	1
IC	92	0	0	1	0
IC	94	0	1	0	0
IC	95	0	0	0	1
IC	96	1	1	0	0
IC	97	0	0	1	0
# Coverage distribution. Use `grep ^COV | cut -f 2-` to extract this part.
COV	[1-1]	1	2
COV	[2-2]	2	1
COV	[4-4]	4	1
COV	[36-36]	36	1
COV	[37-37]	37	1
COV	[38-38]	38	3
COV	[39-39]	39	4
COV	[40-40]	40	2
COV	[41-41]	41	2
COV	[42-42]	42	4
COV	[43-43]	43	3
COV	[44-44]	44	2
COV	[46-46]	46	1
COV	[48-48]	48	3
COV	[50-50]	50	3
COV	[51-51]	51	4
COV	[52-52]	52	14
COV	[53-53]	53	12
COV	[54-54]	54	18
COV	[55-55]	55	19
COV	[56-56]	56	15
COV	[57-57]	57	6
COV	[58-58]	58	14
COV	[59-59]	59	16
COV	[60-60]	60	8
COV	[61-61]	61	3
COV	[62-62]	62	10
COV	[63-63]	63	8
COV	[64-64]	64	3
COV	[65-65]	65	1
COV	[66-66]	66	7
COV	[67-67]	67	4
COV	[68-68]	68	1
COV	[69-69]	69	4
COV	[70-70]	70	6
COV	[71-71]	71	8
COV	[72-72]	72	3
COV	[73-73]	73	5
COV	[74-74]	74	1
COV	[75-75]	75	1
COV	[76-76]	76	4
COV	[77-77]	77	1
COV	[78-78]	78	5
COV	[79-79]	79	4
COV	[80-80]	80	7
COV	[81-81]	81	5
COV	[82-82]	82	6
COV	[83-83]	83	6
COV	[84-84]	84	14
COV	[85-85]	85	8
COV	[86-86]	86	19
COV	[87-87]	87	23
COV	[88-88]	88	12
COV	[89-89]	89	20
COV	[90-90]	90	33
COV	[91-91]	91	31
COV	[92-92]	92	29
COV	[93-93]	93	29
COV	[94-94]	94	23
COV	[95-95]	95	16
COV	[96-96]	96	26
COV	[97-97]	97	29
COV	[98-98]	98	35
COV	[99-99]	99	23
COV	[100-100]	100	35
COV	[101-101]	101	33
COV	[102-102]	102	21
COV	[103-103]	103	33
COV	[104-104]	104	26
COV	[105-105]	105	23
COV	[106-106]	106	24
COV	[107-107]	107	18
COV	[108-108]	108	21
COV	[109-109]	109	25
COV	[110-110]	110	27
COV	[111-111]	111	20
COV	[112-112]	112	23
COV	[113-113]	113	32
COV	[114-114]	114	27
COV	[115-115]	115	20
COV	[116-116]	116	10
COV	[117-117]	117	18
COV	[118-118]	118	10
COV	[119-119]	119	11
COV	[120-120]	120	4
COV	[121-121]	121	9
COV	[122-122]	122	8
COV	[123-123]	123	8
COV	[124-124]	124	15
COV	[125-125]	125	9
COV	[126-126]	126	12
COV	[127-127]	127	15
COV	[128-128]	128	16
COV	[129-129]	129	25
COV	[130-130]	130	25
COV	[131-131]	131	20
COV	[132-132]	132	19
COV	[133-133]	133	21
COV	[134-134]	134	14
COV	[135-135]	135	18
COV	[136-136]	136	17
COV	[137-137]	137	28
COV	[138-138]	138	14
COV	[139-139]	139	19
COV	[140-140]	140	16
COV	[141-141]	141	11
COV	[142-142]	142	7
COV	[143-143]	143	4
COV	[144-144]	144	11
COV	[145-145]	145	14
COV	[146-146]	146	3
COV	[147-147]	147	8
COV	[148-148]	148	8
COV	[149-149]	149	7
COV	[150-150]	150	6
COV	[151-151]	151	12
COV	[152-152]	152	9
COV	[153-153]	153	11
COV	[154-154]	154	14
COV	[155-155]	155	18
COV	[156-156]	156	18
COV	[157-157]	157	17
COV	[158-158]	158	12
COV	[159-159]	159	11
COV	[160-160]	160	9
COV	[161-161]	161	10
COV	[162-162]	162	10
COV	[163-163]	163	17
COV	[164-164]	164	12
COV	[165-165]	165	19
COV	[166-166]	166	19
COV	[167-167]	167	11
COV	[168-168]	168	12
COV	[169-169]	169	16
COV	[170-170]	170	7
COV	[171-171]	171	16
COV	[172-172]	172	9
COV	[173-173]	173	8
COV	[174-174]	174	3
COV	[175-175]	175	1
COV	[176-176]	176	5
COV	[177-177]	177	8
COV	[178-178]	178	7
COV	[179-179]	179	2
COV	[180-180]	180	7
COV	[181-181]	181	4
COV	[182-182]	182	5
COV	[183-183]	183	4
COV	[184-184]	184	6
COV	[185-185]	185	4
COV	[186-186]	186	3
COV	[187-187]	187	3
COV	[188-188]	188	4
COV	[189-189]	189	1
COV	[190-190]	190	3
COV	[191-191]	191	4
COV	[192-192]	192	6
COV	[193-193]	193	10
COV	[194-194]	194	8
COV	[195-195]	195	15
COV	[196-196]	196	7
COV	[197-197]	197	3
COV	[198-198]	198	2
COV	[199-199]	199	8
COV	[200-200]	200	5
COV	[201-201]	201	10
COV	[202-202]	202	11
COV	[203-203]	203	7
COV	[204-204]	204	8
COV	[205-205]	205	14
COV	[206-206]	206	9
COV	[207-207]	207	8
COV	[208-208]	208	1
COV	[209-209]	209	12
COV	[210-210]	210	10
COV	[211-211]	211	4
COV	[212-212]	212	7
COV	[213-213]	213	15
COV	[214-214]	214	16
COV	[215-215]	215	14
COV	[216-216]	216	13
COV	[217-217]	217	16
COV	[218-218]	218	21
COV	[219-219]	219	20
COV	[220-220]	220	15
COV	[221-221]	221	6
COV	[222-222]	222	3
COV	[223-223]	223	4
COV	[224-224]	224	10
COV	[225-225]	225	6
COV	[226-226]	226	3
COV	[227-227]	227	4
COV	[228-228]	228	3
COV	[229-229]	229	2
COV	[230-230]	230	3
COV	[231-231]	231	2
COV	[233-233]	233	1
COV	[235-235]	235	2
COV	[239-239]	239	2
COV	[240-240]	240	1
COV	[241-241]	241	2
COV	[243-243]	243	2
COV	[245-245]	245	3
COV	[246-246]	246	3
COV	[247-247]	247	5
COV	[248-248]	248	6
COV	[249-249]	249	6
COV	[250-250]	250	5
COV	[251-251]	251	6
COV	[252-252]	252	6
COV	[253-253]	253	4
COV	[254-254]	254	3
COV	[255-255]	255	3
COV	[256-256]	256	2
COV	[257-257]	257	3
COV	[258-258]	258	4
COV	[259-259]	259	3
COV	[260-260]	260	2
COV	[261-261]	261	2
COV	[262-262]	262	2
COV	[263-263]	263	1
COV	[264-264]	264	2
COV	[266-266]	266	1
COV	[267-267]	267	1
COV	[268-268]	268	3
COV	[269-269]	269	3
COV	[270-270]	270	5
COV	[271-271]	271	3
COV	[272-272]	272	2
COV	[273-273]	273	4
COV	[274-274]	274	4
COV	[275-275]	275	5
COV	[276-276]	276	4
COV	[277-277]	277	1
COV	[278-278]	278	3
COV	[279-279]	279	4
COV	[280-280]	280	1
COV	[281-281]	281	4
COV	[282-282]	282	5
COV	[283-283]	283	7
COV	[284-284]	284	5
COV	[285-285]	285	7
COV	[286-286]	286	5
COV	[287-287]	287	3
COV	[289-289]	289	3
COV	[290-290]	290	2
COV	[292-292]	292	1
COV	[293-293]	293	1
COV	[298-298]	298	1
COV	[300-300]	300	2
COV	[302-302]	302	1
COV	[303-303]	303	2
COV	[305-305]	305	2
COV	[308-308]	308	2
COV	[310-310]	310	1
COV	[311-311]	311	2
COV	[313-313]	313	1
COV	[314-314]	314	1
COV	[315-315]	315	1
COV	[316-316]	316	3
COV	[318-318]	318	4
COV	[320-320]	320	1
COV	[322-322]	322	3
COV	[325-325]	325	1
COV	[326-326]	326	1
COV	[327-327]	327	3
COV	[328-328]	328	3
COV	[329-329]	329	4
COV	[330-330]	330	4
COV	[331-331]	331	6
COV	[332-332]	332	8
COV	[333-333]	333	15
COV	[334-334]	334	6
COV	[335-335]	335	5
COV	[336-336]	336	4
COV	[337-337]	337	5
COV	[338-338]	338	10
COV	[339-339]	339	6
COV	[340-340]	340	12
COV	[341-341]	341	3
COV	[342-342]	342	2
COV	[343-343]	343	2
COV	[344-344]	344	1
COV	[345-345]	345	1
COV	[346-346]	346	1
COV	[348-348]	348	5
COV	[349-349]	349	1
COV	[350-350]	350	2
COV	[351-351]	351	1
COV	[354-354]	354	3
COV	[357-357]	357	1
COV	[358-358]	358	2
COV	[360-360]	360	2
COV	[361-361]	361	1
COV	[362-362]	362	3
COV	[363-363]	363	1
COV	[364-364]	364	1
COV	[366-366]	366	2
COV	[370-370]	370	1
COV	[371-371]	371	1
COV	[372-372]	372	1
COV	[373-373]	373	1
COV	[374-374]	374	4
COV	[378-378]	378	1
COV	[379-379]	379	3
COV	[380-380]	380	1
COV	[382-382]	382	1
COV	[383-383]	383	2
COV	[384-384]	384	3
COV	[385-385]	385	1
COV	[387-387]	387	1
COV	[388-388]	388	1
COV	[389-389]	389	1
COV	[390-390]	390	2
COV	[395-395]	395	1
COV	[396-396]	396	2
COV	[398-398]	398	1
COV	[402-402]	402	1
COV	[403-403]	403	1
COV	[404-404]	404	3
COV	[405-405]	405	1
COV	[406-406]	406	1
COV	[407-407]	407	1
COV	[408-408]	408	3
COV	[411-411]	411	1
COV	[414-414]	414	1
COV	[416-416]	416	2
COV	[417-417]	417	3
COV	[422-422]	422	1
COV	[425-425]	425	1
COV	[429-429]	429	1
COV	[431-431]	431	2
COV	[433-433]	433	1
COV	[435-435]	435	1
COV	[437-437]	437	1
COV	[438-438]	438	2
COV	[439-439]	439	1
COV	[444-444]	444	3
COV	[445-445]	445	2
COV	[447-447]	447	1
COV	[450-450]	450	1
COV	[451-451]	451	1
COV	[453-453]	453	1
COV	[455-455]	455	2
COV	[456-456]	456	1
COV	[457-457]	457	1
COV	[459-459]	459	1
COV	[460-460]	460	3
COV	[465-465]	465	1
COV	[466-466]	466	1
COV	[469-469]	469	3
COV	[471-471]	471	1
COV	[473-473]	473	1
COV	[474-474]	474	1
COV	[476-476]	476	1
COV	[477-477]	477	1
COV	[478-478]	478	1
COV	[480-480]	480	1
COV	[481-481]	481	2
COV	[482-482]	482	4
COV	[484-484]	484	1
COV	[486-486]	486	1
COV	[487-487]	487	1
COV	[489-489]	489	2
COV	[492-492]	492	4
COV	[493-493]	493	1
COV	[494-494]	494	2
COV	[495-495]	495	1
COV	[497-497]	497	1
COV	[498-498]	498	3
COV	[500-500]	500	2
COV	[501-501]	501	1
COV	[505-505]	505	1
COV	[507-507]	507	2
COV	[508-508]	508	1
COV	[510-510]	510	1
COV	[513-513]	513	1
COV	[514-514]	514	1
COV	[515-515]	515	1
COV	[516-516]	516	1
COV	[518-518]	518	2
COV	[519-519]	519	3
COV	[520-520]	520	2
COV	[522-522]	522	3
COV	[523-523]	523	3
COV	[524-524]	524	1
COV	[526-526]	526	1
COV	[527-527]	527	1
COV	[530-530]	530	2
COV	[531-531]	531	2
COV	[532-532]	532	1
COV	[536-536]	536	1
COV	[537-537]	537	1
COV	[538-538]	538	1
COV	[539-539]	539	1
COV	[540-540]	540	1
COV	[541-541]	541	2
COV	[542-542]	542	4
COV	[543-543]	543	1
COV	[545-545]	545	1
COV	[547-547]	547	4
COV	[548-548]	548	3
COV	[549-549]	549	3
COV	[550-550]	550	4
COV	[551-551]	551	7
COV	[552-552]	552	2
COV	[553-553]	553	6
COV	[554-554]	554	1
COV	[555-555]	555	5
COV	[556-556]	556	4
COV	[557-557]	557	1
COV	[558-558]	558	1
COV	[559-559]	559	1
COV	[560-560]	560	1
COV	[561-561]	561	1
COV	[567-567]	567	1
COV	[569-569]	569	2
COV	[571-571]	571	1
COV	[573-573]	573	2
COV	[574-574]	574	1
COV	[575-575]	575	1
COV	[576-576]	576	1
COV	[578-578]	578	3
COV	[579-579]	579	2
COV	[581-581]	581	1
COV	[583-583]	583	1
COV	[586-586]	586	2
COV	[587-587]	587	1
COV	[590-590]	590	1
COV	[593-593]	593	1
COV	[594-594]	594	1
COV	[595-595]	595	2
COV	[598-598]	598	1
COV	[600-600]	600	1
COV	[601-601]	601	2
COV	[602-602]	602	3
COV	[603-603]	603	1
COV	[604-604]	604	1
COV	[605-605]	605	2
COV	[606-606]	606	1
COV	[607-607]	607	1
COV	[608-608]	608	4
COV	[609-609]	609	2
COV	[610-610]	610	4
COV	[611-611]	611	2
COV	[612-612]	612	3
COV	[613-613]	613	2
COV	[615-615]	615	1
COV	[616-616]	616	2
COV	[617-617]	617	2
COV	[618-618]	618	1
COV	[620-620]	620	2
COV	[621-621]	621	1
COV	[622-622]	622	4
COV	[623-623]	623	3
COV	[625-625]	625	4
COV	[626-626]	626	2
COV	[627-627]	627	3
COV	[628-628]	628	3
COV	[631-631]	631	2
COV	[635-635]	635	3
COV	[637-637]	637	1
COV	[639-639]	639	2
COV	[640-640]	640	2
COV	[641-641]	641	3
COV	[642-642]	642	1
COV	[644-644]	644	3
COV	[645-645]	645	1
COV	[646-646]	646	3
COV	[647-647]	647	3
COV	[648-648]	648	2
COV	[651-651]	651	3
COV	[652-652]	652	1
COV	[653-653]	653	4
COV	[654-654]	654	1
COV	[655-655]	655	3
COV	[656-656]	656	2
COV	[657-657]	657	2
COV	[658-658]	658	6
COV	[659-659]	659	1
COV	[660-660]	660	1
COV	[661-661]	661	2
COV	[662-662]	662	3
COV	[663-663]	663	1
COV	[664-664]	664	3
COV	[665-665]	665	2
COV	[666-666]	666	4
COV	[667-667]	667	1
COV	[668-668]	668	1
COV	[670-670]	670	3
COV	[671-671]	671	2
COV	[672-672]	672	3
COV	[673-673]	673	2
COV	[674-674]	674	3
COV	[675-675]	675	4
COV	[676-676]	676	3
COV	[678-678]	678	1
COV	[679-679]	679	3
COV	[681-681]	681	1
COV	[682-682]	682	2
COV	[683-683]	683	2
COV	[684-684]	684	5
COV	[685-685]	685	2
COV	[686-686]	686	3
COV	[687-687]	687	2
COV	[688-688]	688	2
COV	[689-689]	689	3
COV	[690-690]	690	2
COV	[691-691]	691	5
COV	[692-692]	692	2
COV	[693-693]	693	2
COV	[694-694]	694	4
COV	[695-695]	695	3
COV	[696-696]	696	1
COV	[697-697]	697	2
COV	[698-698]	698	2
COV	[700-700]	700	6
COV	[701-701]	701	1
COV	[702-702]	702	2
COV	[703-703]	703	2
COV	[704-704]	704	3
COV	[705-705]	705	6
COV	[706-706]	706	4
COV	[707-707]	707	3
COV	[708-708]	708	4
COV	[709-709]	709	2
COV	[710-710]	710	4
COV	[711-711]	711	2
COV	[712-712]	712	3
COV	[713-713]	713	1
COV	[715-715]	715	3
COV	[716-716]	716	1
COV	[717-717]	717	1
COV	[718-718]	718	1
COV	[720-720]	720	1
COV	[721-721]	721	1
COV	[724-724]	724	1
COV	[725-725]	725	4
COV	[726-726]	726	1
COV	[727-727]	727	1
COV	[728-728]	728	2
COV	[730-730]	730	1
COV	[731-731]	731	1
COV	[732-732]	732	1
COV	[733-733]	733	3
COV	[734-734]	734	2
COV	[735-735]	735	2
COV	[736-736]	736	2
COV	[738-738]	738	3
COV	[740-740]	740	3
COV	[741-741]	741	1
COV	[742-742]	742	1
COV	[744-744]	744	4
COV	[745-745]	745	1
COV	[746-746]	746	1
COV	[747-747]	747	3
COV	[748-748]	748	2
COV	[749-749]	749	1
COV	[750-750]	750	2
COV	[751-751]	751	2
COV	[752-752]	752	1
COV	[753-753]	753	3
COV	[754-754]	754	2
COV	[756-756]	756	3
COV	[758-758]	758	3
COV	[759-759]	759	3
COV	[760-760]	760	4
COV	[761-761]	761	6
COV	[762-762]	762	3
COV	[763-763]	763	2
COV	[764-764]	764	6
COV	[765-765]	765	2
COV	[766-766]	766	4
COV	[767-767]	767	4
COV	[768-768]	768	3
COV	[769-769]	769	3
COV	[770-770]	770	6
COV	[771-771]	771	2
COV	[773-773]	773	1
COV	[774-774]	774	4
COV	[775-775]	775	1
COV	[776-776]	776	2
COV	[778-778]	778	2
COV	[779-779]	779	1
COV	[780-780]	780	4
COV	[781-781]	781	3
COV	[782-782]	782	3
COV	[784-784]	784	1
COV	[785-785]	785	2
COV	[786-786]	786	2
COV	[788-788]	788	3
COV	[789-789]	789	1
COV	[790-790]	790	2
COV	[791-791]	791	2
COV	[792-792]	792	1
COV	[793-793]	793	1
COV	[794-794]	794	2
COV	[795-795]	795	2
COV	[796-796]	796	2
COV	[797-797]	797	5
COV	[798-798]	798	3
COV	[799-799]	799	4
COV	[800-800]	800	2
COV	[801-801]	801	2
COV	[802-802]	802	4
COV	[803-803]	803	4
COV	[804-804]	804	1
COV	[805-805]	805	2
COV	[806-806]	806	3
COV	[807-807]	807	6
COV	[809-809]	809	4
COV	[810-810]	810	4
COV	[811-811]	811	5
COV	[812-812]	812	4
COV	[813-813]	813	1
COV	[815-815]	815	1
COV	[820-820]	820	1
# GC-depth. Use `grep ^GCD | cut -f 2-` to extract this part. The columns are: GC%, unique sequence percentiles, 10th, 25th, 50th, 75th and 90th depth percentile
GCD	0.0	66.667	0.000	0.000	0.000	0.000	0.000
GCD	36.0	100.000	27.462	27.462	27.462	27.462	27.462
