Using GATK jar /opt/conda/envs/nf-core-sarek-2.7/share/gatk4-4.1.7.0-0/gatk-package-4.1.7.0-local.jar
Running:
    java -Dsamjdk.use_async_io_read_samtools=false -Dsamjdk.use_async_io_write_samtools=true -Dsamjdk.use_async_io_write_tribble=false -Dsamjdk.compression_level=2 -Xmx6g -jar /opt/conda/envs/nf-core-sarek-2.7/share/gatk4-4.1.7.0-0/gatk-package-4.1.7.0-local.jar BaseRecalibrator -I 1234N.md.bam -O 11_1-3679_1234N.recal.table --tmp-dir . -R human_g1k_v37_decoy.small.fasta -L 11_1-3679.bed --known-sites dbsnp_138.b37.small.vcf.gz --known-sites Mills_1000G_gold_standard_and_1000G_phase1.indels.b37.small.vcf.gz --verbosity INFO
05:41:30.428 INFO  NativeLibraryLoader - Loading libgkl_compression.so from jar:file:/opt/conda/envs/nf-core-sarek-2.7/share/gatk4-4.1.7.0-0/gatk-package-4.1.7.0-local.jar!/com/intel/gkl/native/libgkl_compression.so
Mar 17, 2021 5:41:30 AM shaded.cloud_nio.com.google.auth.oauth2.ComputeEngineCredentials runningOnComputeEngine
INFO: Failed to detect whether we are running on Google Compute Engine.
05:41:30.981 INFO  BaseRecalibrator - ------------------------------------------------------------
05:41:30.982 INFO  BaseRecalibrator - The Genome Analysis Toolkit (GATK) v4.1.7.0
05:41:30.982 INFO  BaseRecalibrator - For support and documentation go to https://software.broadinstitute.org/gatk/
05:41:30.982 INFO  BaseRecalibrator - Executing as root@801dbde1dd51 on Linux v4.19.76-linuxkit amd64
05:41:30.982 INFO  BaseRecalibrator - Java runtime: OpenJDK 64-Bit Server VM v1.8.0_265-b11
05:41:30.983 INFO  BaseRecalibrator - Start Date/Time: March 17, 2021 5:41:30 AM UTC
05:41:30.983 INFO  BaseRecalibrator - ------------------------------------------------------------
05:41:30.983 INFO  BaseRecalibrator - ------------------------------------------------------------
05:41:30.984 INFO  BaseRecalibrator - HTSJDK Version: 2.21.2
05:41:30.984 INFO  BaseRecalibrator - Picard Version: 2.21.9
05:41:30.984 INFO  BaseRecalibrator - HTSJDK Defaults.COMPRESSION_LEVEL : 2
05:41:30.984 INFO  BaseRecalibrator - HTSJDK Defaults.USE_ASYNC_IO_READ_FOR_SAMTOOLS : false
05:41:30.984 INFO  BaseRecalibrator - HTSJDK Defaults.USE_ASYNC_IO_WRITE_FOR_SAMTOOLS : true
05:41:30.984 INFO  BaseRecalibrator - HTSJDK Defaults.USE_ASYNC_IO_WRITE_FOR_TRIBBLE : false
05:41:30.984 INFO  BaseRecalibrator - Deflater: IntelDeflater
05:41:30.984 INFO  BaseRecalibrator - Inflater: IntelInflater
05:41:30.985 INFO  BaseRecalibrator - GCS max retries/reopens: 20
05:41:30.985 INFO  BaseRecalibrator - Requester pays: disabled
05:41:30.985 INFO  BaseRecalibrator - Initializing engine
05:41:31.653 INFO  FeatureManager - Using codec VCFCodec to read file file:///Users/nirvaanreddy/Desktop/CURVE/work/45/382903181690782c37b4495e0a002a/dbsnp_138.b37.small.vcf.gz
05:41:31.753 INFO  FeatureManager - Using codec VCFCodec to read file file:///Users/nirvaanreddy/Desktop/CURVE/work/45/382903181690782c37b4495e0a002a/Mills_1000G_gold_standard_and_1000G_phase1.indels.b37.small.vcf.gz
05:41:31.884 INFO  FeatureManager - Using codec BEDCodec to read file file:///Users/nirvaanreddy/Desktop/CURVE/work/45/382903181690782c37b4495e0a002a/11_1-3679.bed
05:41:31.906 INFO  IntervalArgumentCollection - Processing 3679 bp from intervals
05:41:31.920 INFO  BaseRecalibrator - Done initializing engine
05:41:31.931 INFO  BaseRecalibrationEngine - The covariates being used here: 
05:41:31.931 INFO  BaseRecalibrationEngine - 	ReadGroupCovariate
05:41:31.931 INFO  BaseRecalibrationEngine - 	QualityScoreCovariate
05:41:31.931 INFO  BaseRecalibrationEngine - 	ContextCovariate
05:41:31.931 INFO  BaseRecalibrationEngine - 	CycleCovariate
05:41:31.976 INFO  ProgressMeter - Starting traversal
05:41:31.976 INFO  ProgressMeter -        Current Locus  Elapsed Minutes       Reads Processed     Reads/Minute
05:41:32.246 INFO  BaseRecalibrator - 31 read(s) filtered by: MappingQualityNotZeroReadFilter 
0 read(s) filtered by: MappingQualityAvailableReadFilter 
0 read(s) filtered by: MappedReadFilter 
1 read(s) filtered by: NotSecondaryAlignmentReadFilter 
23 read(s) filtered by: NotDuplicateReadFilter 
0 read(s) filtered by: PassesVendorQualityCheckReadFilter 
0 read(s) filtered by: WellformedReadFilter 
55 total reads filtered
05:41:32.247 INFO  ProgressMeter -             unmapped              0.0                   610         135555.6
05:41:32.247 INFO  ProgressMeter - Traversal complete. Processed 610 total reads in 0.0 minutes.
05:41:32.381 INFO  BaseRecalibrator - Calculating quantized quality scores...
05:41:32.402 INFO  BaseRecalibrator - Writing recalibration report...
05:42:42.110 INFO  BaseRecalibrator - ...done!
05:42:42.110 INFO  BaseRecalibrator - BaseRecalibrator was able to recalibrate 610 reads
05:42:42.111 INFO  BaseRecalibrator - Shutting down engine
[March 17, 2021 5:42:42 AM UTC] org.broadinstitute.hellbender.tools.walkers.bqsr.BaseRecalibrator done. Elapsed time: 1.20 minutes.
Runtime.totalMemory()=303562752
