[2021-03-28 06:42:31,328] multiqc                                            [DEBUG  ]  No MultiQC config found: /opt/conda/envs/nf-core-methylseq-1.6/lib/python3.8/site-packages/multiqc_config.yaml
[2021-03-28 06:42:31,329] multiqc                                            [DEBUG  ]  No MultiQC config found: /.multiqc_config.yaml
[2021-03-28 06:42:31,341] multiqc                                            [DEBUG  ]  Loading config settings from: multiqc_config.yaml
[2021-03-28 06:42:31,341] multiqc                                            [DEBUG  ]  New config 'report_comment': This report has been generated by the <a href="https://github.com/nf-core/methylseq" target="_blank">nf-core/methylseq</a> analysis pipeline. For information about how to interpret these results, please see the <a href="https://github.com/nf-core/methylseq" target="_blank">documentation</a>.

[2021-03-28 06:42:31,342] multiqc                                            [DEBUG  ]  New config 'report_section_order': {'software_versions': {'order': -1000}, 'nf-core-methylseq-summary': {'order': -1001}}
[2021-03-28 06:42:31,342] multiqc                                            [DEBUG  ]  New config 'export_plots': True
[2021-03-28 06:42:31,342] multiqc                                            [DEBUG  ]  New config 'table_columns_visible': {'QualiMap': {'avg_gc': False, '30_x_pc': False, 'percentage_aligned': False}}
[2021-03-28 06:42:31,342] multiqc                                            [DEBUG  ]  New config 'top_modules': ['bismark']
[2021-03-28 06:42:31,343] multiqc                                            [DEBUG  ]  Command used: /opt/conda/envs/nf-core-methylseq-1.6/bin/multiqc -f . -m custom_content -m picard -m qualimap -m bismark -m samtools -m preseq -m cutadapt -m fastqc
[2021-03-28 06:42:32,499] multiqc                                            [DEBUG  ]  Latest MultiQC version is v1.10
[2021-03-28 06:42:32,499] multiqc                                            [INFO   ]  This is MultiQC v1.10
[2021-03-28 06:42:32,499] multiqc                                            [DEBUG  ]  Command     : /opt/conda/envs/nf-core-methylseq-1.6/bin/multiqc -f . -m custom_content -m picard -m qualimap -m bismark -m samtools -m preseq -m cutadapt -m fastqc
[2021-03-28 06:42:32,499] multiqc                                            [DEBUG  ]  Working dir : /Users/nirvaanreddy/Desktop/CURVE/work/81/22465723107faa433433617d054b71
[2021-03-28 06:42:32,500] multiqc                                            [INFO   ]  Template    : default
[2021-03-28 06:42:32,500] multiqc                                            [DEBUG  ]  Running Python 3.8.8 | packaged by conda-forge | (default, Feb 20 2021, 16:22:27)  [GCC 9.3.0]
[2021-03-28 06:42:32,500] multiqc                                            [INFO   ]  Searching   : /Users/nirvaanreddy/Desktop/CURVE/work/81/22465723107faa433433617d054b71
[2021-03-28 06:42:32,502] multiqc                                            [INFO   ]  Only using modules custom_content, picard, qualimap, bismark, samtools, preseq, cutadapt, fastqc
[2021-03-28 06:42:32,502] multiqc                                            [DEBUG  ]  Analysing modules: bismark, custom_content, qualimap, preseq, picard, samtools, cutadapt, fastqc
[2021-03-28 06:42:32,502] multiqc                                            [DEBUG  ]  Using temporary directory for creating report: /tmp/tmp2s6j_xmj
[2021-03-28 06:42:32,601] multiqc                                            [DEBUG  ]  Ignored 211 search patterns as didn't match running modules.
[2021-03-28 06:42:33,430] multiqc                                            [DEBUG  ]  Ignoring file as matched an ignore pattern: qualimapReport.html
[2021-03-28 06:42:35,476] multiqc                                            [DEBUG  ]  Ignoring file as matched an ignore pattern: qualimapReport.html
[2021-03-28 06:42:37,272] multiqc                                            [DEBUG  ]  Ignoring file as matched an ignore pattern: qualimapReport.html
[2021-03-28 06:42:39,229] multiqc                                            [DEBUG  ]  Ignoring file as matched an ignore pattern: SRR389222_sub3_trimmed_bismark_bt2_SE_report.html
[2021-03-28 06:42:39,770] multiqc                                            [DEBUG  ]  Ignoring file as matched an ignore pattern: SRR389222_sub2_trimmed_bismark_bt2_SE_report.html
[2021-03-28 06:42:39,861] multiqc                                            [DEBUG  ]  Ignoring file as matched an ignore pattern: bismark_summary_report.html
[2021-03-28 06:42:39,865] multiqc                                            [DEBUG  ]  Ignoring file as matched an ignore pattern: SRR389222_sub1_trimmed_bismark_bt2_SE_report.html
[2021-03-28 06:42:42,120] multiqc.plots.linegraph                            [DEBUG  ]  Using matplotlib version 3.3.4
[2021-03-28 06:42:42,121] multiqc.plots.bargraph                             [DEBUG  ]  Using matplotlib version 3.3.4
[2021-03-28 06:42:42,207] multiqc.modules.bismark.bismark                    [INFO   ]  Found 3 alignment reports
[2021-03-28 06:42:43,253] multiqc.modules.bismark.bismark                    [INFO   ]  Found 3 dedup reports
[2021-03-28 06:42:45,268] multiqc.modules.bismark.bismark                    [INFO   ]  Found 3 methextract reports
[2021-03-28 06:42:47,840] multiqc.modules.custom_content.custom_content      [INFO   ]  nf-core-methylseq-summary: Found 1 sample (html)
[2021-03-28 06:42:47,840] multiqc.modules.custom_content.custom_content      [INFO   ]  software_versions: Found 1 sample (html)
[2021-03-28 06:42:47,911] multiqc.modules.qualimap.QM_BamQC                  [DEBUG  ]  Using default Qualimap thresholds: 1, 5, 10, 30, 50
[2021-03-28 06:42:50,172] multiqc.modules.qualimap.qualimap                  [INFO   ]  Found 3 BamQC reports
[2021-03-28 06:42:50,179] multiqc                                            [DEBUG  ]  No samples found: preseq
[2021-03-28 06:42:50,193] multiqc                                            [DEBUG  ]  No samples found: picard
[2021-03-28 06:42:50,199] multiqc                                            [DEBUG  ]  No samples found: samtools
[2021-03-28 06:42:50,227] multiqc.modules.cutadapt.cutadapt                  [INFO   ]  Found 3 reports
[2021-03-28 06:42:52,910] multiqc.modules.fastqc.fastqc                      [INFO   ]  Found 3 reports
[2021-03-28 06:42:59,832] multiqc                                            [DEBUG  ]  Reordering sections: anchor 'software_versions' not found for module 'Bismark'.
[2021-03-28 06:42:59,832] multiqc                                            [DEBUG  ]  Reordering sections: anchor 'nf-core-methylseq-summary' not found for module 'Bismark'.
[2021-03-28 06:42:59,832] multiqc                                            [DEBUG  ]  Reordering sections: anchor 'software_versions' not found for module 'QualiMap'.
[2021-03-28 06:42:59,832] multiqc                                            [DEBUG  ]  Reordering sections: anchor 'nf-core-methylseq-summary' not found for module 'QualiMap'.
[2021-03-28 06:42:59,832] multiqc                                            [DEBUG  ]  Reordering sections: anchor 'software_versions' not found for module 'Cutadapt'.
[2021-03-28 06:42:59,832] multiqc                                            [DEBUG  ]  Reordering sections: anchor 'nf-core-methylseq-summary' not found for module 'Cutadapt'.
[2021-03-28 06:42:59,832] multiqc                                            [DEBUG  ]  Reordering sections: anchor 'software_versions' not found for module 'FastQC'.
[2021-03-28 06:42:59,832] multiqc                                            [DEBUG  ]  Reordering sections: anchor 'nf-core-methylseq-summary' not found for module 'FastQC'.
[2021-03-28 06:42:59,833] multiqc                                            [DEBUG  ]  Reordering sections: anchor 'software_versions' not found for module 'nf-core/methylseq Software Versions'.
[2021-03-28 06:42:59,833] multiqc                                            [DEBUG  ]  Reordering sections: anchor 'nf-core-methylseq-summary' not found for module 'nf-core/methylseq Software Versions'.
[2021-03-28 06:42:59,833] multiqc                                            [DEBUG  ]  Reordering sections: anchor 'software_versions' not found for module 'nf-core/methylseq Workflow Summary'.
[2021-03-28 06:42:59,833] multiqc                                            [DEBUG  ]  Reordering sections: anchor 'nf-core-methylseq-summary' not found for module 'nf-core/methylseq Workflow Summary'.
[2021-03-28 06:42:59,856] multiqc                                            [INFO   ]  Compressing plot data
[2021-03-28 06:42:59,938] multiqc                                            [INFO   ]  Report      : multiqc_report.html
[2021-03-28 06:42:59,938] multiqc                                            [INFO   ]  Data        : multiqc_data
[2021-03-28 06:42:59,938] multiqc                                            [DEBUG  ]  Moving data file from '/tmp/tmp2s6j_xmj/multiqc_data' to '/Users/nirvaanreddy/Desktop/CURVE/work/81/22465723107faa433433617d054b71/multiqc_data'
[2021-03-28 06:43:00,044] multiqc                                            [INFO   ]  Plots       : multiqc_plots
[2021-03-28 06:43:00,044] multiqc                                            [DEBUG  ]  Moving plots directory from '/tmp/tmp2s6j_xmj/multiqc_plots' to '/Users/nirvaanreddy/Desktop/CURVE/work/81/22465723107faa433433617d054b71/multiqc_plots'
[2021-03-28 06:43:00,863] multiqc                                            [INFO   ]  MultiQC complete
