Java memory size is set to 6G
Launching application...

QualiMap v.2.2.2-dev
Built on 2019-11-11 14:05

Selected tool: bamqc
Available memory (Mb): 32
Max memory (Mb): 5726
Starting bam qc....
Loading sam header...
Loading locator...
Loading reference...
Only flagged duplicate alignments will be skipped...
Number of windows: 400, effective number of windows: 405
Chunk of reads size: 1000
Number of threads: 2
Processed 50 out of 405 windows...
Processed 100 out of 405 windows...
Processed 150 out of 405 windows...
Processed 200 out of 405 windows...
Processed 250 out of 405 windows...
Processed 300 out of 405 windows...
Processed 350 out of 405 windows...
Processed 400 out of 405 windows...
Total processed windows:405
Number of reads: 62
Number of valid reads: 61
Number of correct strand reads:0

Inside of regions...
Num mapped reads: 61
Num mapped first of pair: 31
Num mapped second of pair: 30
Num singletons: 1
Time taken to analyze reads: 0
Computing descriptors...
numberOfMappedBases: 5972
referenceSize: 804978
numberOfSequencedBases: 5972
numberOfAs: 1837
Computing per chromosome statistics...
Computing histograms...
Overall analysis time: 0
end of bam qc
Computing report...
Writing HTML report...
HTML report created successfully

Finished
